[2020-11-19 17:31:26,449][ERROR][290401][experiments.py:run_experiment_from_to_file:752] XXX failed 17 PUBLICATION_DATA/PUBLICATION_DATA_with_SEQ_2020_11_19T17_29_17/data unsupported operand type(s) for +: 'NoneType' and 'NoneType'
[2020-11-19 17:31:26,449][ERROR][290401][experiments.py:run_experiment_from_to_file:752] XXX failed 17 PUBLICATION_DATA/PUBLICATION_DATA_with_SEQ_2020_11_19T17_29_17/data unsupported operand type(s) for +: 'NoneType' and 'NoneType'
[2020-11-19 17:31:31,917][ERROR][290396][experiments.py:run_experiment_from_to_file:752] XXX failed 12 PUBLICATION_DATA/PUBLICATION_DATA_with_SEQ_2020_11_19T17_29_17/data unsupported operand type(s) for +: 'NoneType' and 'float'
[2020-11-19 17:31:31,917][ERROR][290396][experiments.py:run_experiment_from_to_file:752] XXX failed 12 PUBLICATION_DATA/PUBLICATION_DATA_with_SEQ_2020_11_19T17_29_17/data unsupported operand type(s) for +: 'NoneType' and 'float'
[2020-11-19 17:31:34,303][ERROR][292537][experiments.py:run_experiment_from_to_file:752] XXX failed 19 PUBLICATION_DATA/PUBLICATION_DATA_with_SEQ_2020_11_19T17_29_17/data agent 19 with malfunction ExperimentMalfunction(time_step=1204, agent_id=19, malfunction_duration=50). Found earliest=1205 for Waypoint(position=(88, 22), direction=2)
[2020-11-19 17:31:34,303][ERROR][292537][experiments.py:run_experiment_from_to_file:752] XXX failed 19 PUBLICATION_DATA/PUBLICATION_DATA_with_SEQ_2020_11_19T17_29_17/data agent 19 with malfunction ExperimentMalfunction(time_step=1204, agent_id=19, malfunction_duration=50). Found earliest=1205 for Waypoint(position=(88, 22), direction=2)
[2020-11-19 17:31:35,193][ERROR][290389][experiments.py:run_experiment_from_to_file:752] XXX failed 5 PUBLICATION_DATA/PUBLICATION_DATA_with_SEQ_2020_11_19T17_29_17/data unsupported operand type(s) for +: 'float' and 'NoneType'
[2020-11-19 17:31:35,193][ERROR][290389][experiments.py:run_experiment_from_to_file:752] XXX failed 5 PUBLICATION_DATA/PUBLICATION_DATA_with_SEQ_2020_11_19T17_29_17/data unsupported operand type(s) for +: 'float' and 'NoneType'
[2020-11-19 17:34:14,496][ERROR][293083][experiments.py:run_experiment_from_to_file:752] XXX failed 31 PUBLICATION_DATA/PUBLICATION_DATA_with_SEQ_2020_11_19T17_29_17/data unsupported operand type(s) for +: 'float' and 'NoneType'
[2020-11-19 17:34:14,496][ERROR][293083][experiments.py:run_experiment_from_to_file:752] XXX failed 31 PUBLICATION_DATA/PUBLICATION_DATA_with_SEQ_2020_11_19T17_29_17/data unsupported operand type(s) for +: 'float' and 'NoneType'
[2020-11-19 17:36:25,109][ERROR][295253][experiments.py:run_experiment_from_to_file:752] XXX failed 39 PUBLICATION_DATA/PUBLICATION_DATA_with_SEQ_2020_11_19T17_29_17/data unsupported operand type(s) for +: 'float' and 'NoneType'
[2020-11-19 17:36:25,109][ERROR][295253][experiments.py:run_experiment_from_to_file:752] XXX failed 39 PUBLICATION_DATA/PUBLICATION_DATA_with_SEQ_2020_11_19T17_29_17/data unsupported operand type(s) for +: 'float' and 'NoneType'
[2020-11-19 17:39:18,428][ERROR][297180][experiments.py:run_experiment_from_to_file:752] XXX failed 54 PUBLICATION_DATA/PUBLICATION_DATA_with_SEQ_2020_11_19T17_29_17/data unsupported operand type(s) for +: 'float' and 'NoneType'
[2020-11-19 17:39:18,428][ERROR][297180][experiments.py:run_experiment_from_to_file:752] XXX failed 54 PUBLICATION_DATA/PUBLICATION_DATA_with_SEQ_2020_11_19T17_29_17/data unsupported operand type(s) for +: 'float' and 'NoneType'
[2020-11-19 17:40:12,120][ERROR][297827][experiments.py:run_experiment_from_to_file:752] XXX failed 62 PUBLICATION_DATA/PUBLICATION_DATA_with_SEQ_2020_11_19T17_29_17/data unsupported operand type(s) for +: 'float' and 'NoneType'
[2020-11-19 17:40:12,120][ERROR][297827][experiments.py:run_experiment_from_to_file:752] XXX failed 62 PUBLICATION_DATA/PUBLICATION_DATA_with_SEQ_2020_11_19T17_29_17/data unsupported operand type(s) for +: 'float' and 'NoneType'
[2020-11-19 17:40:49,517][ERROR][298252][experiments.py:run_experiment_from_to_file:752] XXX failed 67 PUBLICATION_DATA/PUBLICATION_DATA_with_SEQ_2020_11_19T17_29_17/data unsupported operand type(s) for +: 'NoneType' and 'NoneType'
[2020-11-19 17:40:49,517][ERROR][298252][experiments.py:run_experiment_from_to_file:752] XXX failed 67 PUBLICATION_DATA/PUBLICATION_DATA_with_SEQ_2020_11_19T17_29_17/data unsupported operand type(s) for +: 'NoneType' and 'NoneType'
[2020-11-19 17:43:07,299][ERROR][300511][experiments.py:run_experiment_from_to_file:752] XXX failed 73 PUBLICATION_DATA/PUBLICATION_DATA_with_SEQ_2020_11_19T17_29_17/data unsupported operand type(s) for +: 'float' and 'NoneType'
[2020-11-19 17:43:07,299][ERROR][300511][experiments.py:run_experiment_from_to_file:752] XXX failed 73 PUBLICATION_DATA/PUBLICATION_DATA_with_SEQ_2020_11_19T17_29_17/data unsupported operand type(s) for +: 'float' and 'NoneType'
[2020-11-19 17:44:02,576][ERROR][301264][experiments.py:run_experiment_from_to_file:752] XXX failed 80 PUBLICATION_DATA/PUBLICATION_DATA_with_SEQ_2020_11_19T17_29_17/data unsupported operand type(s) for +: 'float' and 'NoneType'
[2020-11-19 17:44:02,576][ERROR][301264][experiments.py:run_experiment_from_to_file:752] XXX failed 80 PUBLICATION_DATA/PUBLICATION_DATA_with_SEQ_2020_11_19T17_29_17/data unsupported operand type(s) for +: 'float' and 'NoneType'
[2020-11-19 17:44:37,186][ERROR][304485][experiments.py:run_experiment_from_to_file:752] XXX failed 93 PUBLICATION_DATA/PUBLICATION_DATA_with_SEQ_2020_11_19T17_29_17/data agent 43 with malfunction ExperimentMalfunction(time_step=801, agent_id=43, malfunction_duration=50). Found earliest=802 for Waypoint(position=(22, 28), direction=1)
[2020-11-19 17:44:37,186][ERROR][304485][experiments.py:run_experiment_from_to_file:752] XXX failed 93 PUBLICATION_DATA/PUBLICATION_DATA_with_SEQ_2020_11_19T17_29_17/data agent 43 with malfunction ExperimentMalfunction(time_step=801, agent_id=43, malfunction_duration=50). Found earliest=802 for Waypoint(position=(22, 28), direction=1)
[2020-11-19 17:44:59,204][ERROR][302105][experiments.py:run_experiment_from_to_file:752] XXX failed 81 PUBLICATION_DATA/PUBLICATION_DATA_with_SEQ_2020_11_19T17_29_17/data unsupported operand type(s) for +: 'float' and 'NoneType'
[2020-11-19 17:44:59,204][ERROR][302105][experiments.py:run_experiment_from_to_file:752] XXX failed 81 PUBLICATION_DATA/PUBLICATION_DATA_with_SEQ_2020_11_19T17_29_17/data unsupported operand type(s) for +: 'float' and 'NoneType'
[2020-11-19 17:46:17,138][ERROR][303266][experiments.py:run_experiment_from_to_file:752] XXX failed 83 PUBLICATION_DATA/PUBLICATION_DATA_with_SEQ_2020_11_19T17_29_17/data unsupported operand type(s) for +: 'float' and 'NoneType'
[2020-11-19 17:46:17,138][ERROR][303266][experiments.py:run_experiment_from_to_file:752] XXX failed 83 PUBLICATION_DATA/PUBLICATION_DATA_with_SEQ_2020_11_19T17_29_17/data unsupported operand type(s) for +: 'float' and 'NoneType'
[2020-11-19 17:48:08,070][ERROR][304868][experiments.py:run_experiment_from_to_file:752] XXX failed 95 PUBLICATION_DATA/PUBLICATION_DATA_with_SEQ_2020_11_19T17_29_17/data unsupported operand type(s) for +: 'float' and 'NoneType'
[2020-11-19 17:48:08,070][ERROR][304868][experiments.py:run_experiment_from_to_file:752] XXX failed 95 PUBLICATION_DATA/PUBLICATION_DATA_with_SEQ_2020_11_19T17_29_17/data unsupported operand type(s) for +: 'float' and 'NoneType'
[2020-11-19 17:48:31,494][ERROR][305120][experiments.py:run_experiment_from_to_file:752] XXX failed 96 PUBLICATION_DATA/PUBLICATION_DATA_with_SEQ_2020_11_19T17_29_17/data unsupported operand type(s) for +: 'float' and 'NoneType'
[2020-11-19 17:48:31,494][ERROR][305120][experiments.py:run_experiment_from_to_file:752] XXX failed 96 PUBLICATION_DATA/PUBLICATION_DATA_with_SEQ_2020_11_19T17_29_17/data unsupported operand type(s) for +: 'float' and 'NoneType'
[2020-11-19 17:51:45,888][ERROR][308031][experiments.py:run_experiment_from_to_file:752] XXX failed 108 PUBLICATION_DATA/PUBLICATION_DATA_with_SEQ_2020_11_19T17_29_17/data unsupported operand type(s) for +: 'NoneType' and 'float'
[2020-11-19 17:51:45,888][ERROR][308031][experiments.py:run_experiment_from_to_file:752] XXX failed 108 PUBLICATION_DATA/PUBLICATION_DATA_with_SEQ_2020_11_19T17_29_17/data unsupported operand type(s) for +: 'NoneType' and 'float'
[2020-11-19 17:55:08,781][ERROR][310053][experiments.py:run_experiment_from_to_file:752] XXX failed 116 PUBLICATION_DATA/PUBLICATION_DATA_with_SEQ_2020_11_19T17_29_17/data unsupported operand type(s) for +: 'float' and 'NoneType'
[2020-11-19 17:55:08,781][ERROR][310053][experiments.py:run_experiment_from_to_file:752] XXX failed 116 PUBLICATION_DATA/PUBLICATION_DATA_with_SEQ_2020_11_19T17_29_17/data unsupported operand type(s) for +: 'float' and 'NoneType'
[2020-11-19 17:55:52,752][ERROR][312807][experiments.py:run_experiment_from_to_file:752] XXX failed 131 PUBLICATION_DATA/PUBLICATION_DATA_with_SEQ_2020_11_19T17_29_17/data agent 19 with malfunction ExperimentMalfunction(time_step=1310, agent_id=19, malfunction_duration=50). Found earliest=1311 for Waypoint(position=(88, 22), direction=2)
[2020-11-19 17:55:52,752][ERROR][312807][experiments.py:run_experiment_from_to_file:752] XXX failed 131 PUBLICATION_DATA/PUBLICATION_DATA_with_SEQ_2020_11_19T17_29_17/data agent 19 with malfunction ExperimentMalfunction(time_step=1310, agent_id=19, malfunction_duration=50). Found earliest=1311 for Waypoint(position=(88, 22), direction=2)
[2020-11-19 17:57:32,977][ERROR][311796][experiments.py:run_experiment_from_to_file:752] XXX failed 126 PUBLICATION_DATA/PUBLICATION_DATA_with_SEQ_2020_11_19T17_29_17/data unsupported operand type(s) for +: 'NoneType' and 'float'
[2020-11-19 17:57:32,977][ERROR][311796][experiments.py:run_experiment_from_to_file:752] XXX failed 126 PUBLICATION_DATA/PUBLICATION_DATA_with_SEQ_2020_11_19T17_29_17/data unsupported operand type(s) for +: 'NoneType' and 'float'
[2020-11-19 18:00:39,604][ERROR][313010][experiments.py:run_experiment_from_to_file:752] XXX failed 134 PUBLICATION_DATA/PUBLICATION_DATA_with_SEQ_2020_11_19T17_29_17/data unsupported operand type(s) for +: 'float' and 'NoneType'
[2020-11-19 18:00:39,604][ERROR][313010][experiments.py:run_experiment_from_to_file:752] XXX failed 134 PUBLICATION_DATA/PUBLICATION_DATA_with_SEQ_2020_11_19T17_29_17/data unsupported operand type(s) for +: 'float' and 'NoneType'
[2020-11-19 18:06:13,830][ERROR][316417][experiments.py:run_experiment_from_to_file:752] XXX failed 153 PUBLICATION_DATA/PUBLICATION_DATA_with_SEQ_2020_11_19T17_29_17/data unsupported operand type(s) for +: 'float' and 'NoneType'
[2020-11-19 18:06:13,830][ERROR][316417][experiments.py:run_experiment_from_to_file:752] XXX failed 153 PUBLICATION_DATA/PUBLICATION_DATA_with_SEQ_2020_11_19T17_29_17/data unsupported operand type(s) for +: 'float' and 'NoneType'
[2020-11-19 18:06:16,873][ERROR][318228][experiments.py:run_experiment_from_to_file:752] XXX failed 163 PUBLICATION_DATA/PUBLICATION_DATA_with_SEQ_2020_11_19T17_29_17/data agent 51 with malfunction ExperimentMalfunction(time_step=587, agent_id=51, malfunction_duration=50). Found earliest=588 for Waypoint(position=(75, 26), direction=0)
[2020-11-19 18:06:16,873][ERROR][318228][experiments.py:run_experiment_from_to_file:752] XXX failed 163 PUBLICATION_DATA/PUBLICATION_DATA_with_SEQ_2020_11_19T17_29_17/data agent 51 with malfunction ExperimentMalfunction(time_step=587, agent_id=51, malfunction_duration=50). Found earliest=588 for Waypoint(position=(75, 26), direction=0)
[2020-11-19 18:08:16,023][ERROR][317406][experiments.py:run_experiment_from_to_file:752] XXX failed 159 PUBLICATION_DATA/PUBLICATION_DATA_with_SEQ_2020_11_19T17_29_17/data unsupported operand type(s) for +: 'float' and 'NoneType'
[2020-11-19 18:08:16,023][ERROR][317406][experiments.py:run_experiment_from_to_file:752] XXX failed 159 PUBLICATION_DATA/PUBLICATION_DATA_with_SEQ_2020_11_19T17_29_17/data unsupported operand type(s) for +: 'float' and 'NoneType'
[2020-11-19 18:10:49,598][ERROR][318344][experiments.py:run_experiment_from_to_file:752] XXX failed 166 PUBLICATION_DATA/PUBLICATION_DATA_with_SEQ_2020_11_19T17_29_17/data unsupported operand type(s) for +: 'float' and 'NoneType'
[2020-11-19 18:10:49,598][ERROR][318344][experiments.py:run_experiment_from_to_file:752] XXX failed 166 PUBLICATION_DATA/PUBLICATION_DATA_with_SEQ_2020_11_19T17_29_17/data unsupported operand type(s) for +: 'float' and 'NoneType'
[2020-11-19 18:11:07,995][ERROR][318397][experiments.py:run_experiment_from_to_file:752] XXX failed 167 PUBLICATION_DATA/PUBLICATION_DATA_with_SEQ_2020_11_19T17_29_17/data unsupported operand type(s) for +: 'float' and 'NoneType'
[2020-11-19 18:11:07,995][ERROR][318397][experiments.py:run_experiment_from_to_file:752] XXX failed 167 PUBLICATION_DATA/PUBLICATION_DATA_with_SEQ_2020_11_19T17_29_17/data unsupported operand type(s) for +: 'float' and 'NoneType'
[2020-11-19 18:15:25,856][ERROR][321138][experiments.py:run_experiment_from_to_file:752] XXX failed 182 PUBLICATION_DATA/PUBLICATION_DATA_with_SEQ_2020_11_19T17_29_17/data unsupported operand type(s) for +: 'NoneType' and 'NoneType'
[2020-11-19 18:15:25,856][ERROR][321138][experiments.py:run_experiment_from_to_file:752] XXX failed 182 PUBLICATION_DATA/PUBLICATION_DATA_with_SEQ_2020_11_19T17_29_17/data unsupported operand type(s) for +: 'NoneType' and 'NoneType'
[2020-11-19 18:16:37,704][ERROR][321806][experiments.py:run_experiment_from_to_file:752] XXX failed 184 PUBLICATION_DATA/PUBLICATION_DATA_with_SEQ_2020_11_19T17_29_17/data unsupported operand type(s) for +: 'float' and 'NoneType'
[2020-11-19 18:16:37,704][ERROR][321806][experiments.py:run_experiment_from_to_file:752] XXX failed 184 PUBLICATION_DATA/PUBLICATION_DATA_with_SEQ_2020_11_19T17_29_17/data unsupported operand type(s) for +: 'float' and 'NoneType'
[2020-11-19 18:21:36,551][ERROR][323586][experiments.py:run_experiment_from_to_file:752] XXX failed 195 PUBLICATION_DATA/PUBLICATION_DATA_with_SEQ_2020_11_19T17_29_17/data unsupported operand type(s) for +: 'float' and 'NoneType'
[2020-11-19 18:21:36,551][ERROR][323586][experiments.py:run_experiment_from_to_file:752] XXX failed 195 PUBLICATION_DATA/PUBLICATION_DATA_with_SEQ_2020_11_19T17_29_17/data unsupported operand type(s) for +: 'float' and 'NoneType'
[2020-11-19 18:24:19,521][ERROR][325594][experiments.py:run_experiment_from_to_file:752] XXX failed 203 PUBLICATION_DATA/PUBLICATION_DATA_with_SEQ_2020_11_19T17_29_17/data unsupported operand type(s) for +: 'NoneType' and 'float'
[2020-11-19 18:24:19,521][ERROR][325594][experiments.py:run_experiment_from_to_file:752] XXX failed 203 PUBLICATION_DATA/PUBLICATION_DATA_with_SEQ_2020_11_19T17_29_17/data unsupported operand type(s) for +: 'NoneType' and 'float'
[2020-11-19 18:25:09,262][ERROR][326177][experiments.py:run_experiment_from_to_file:752] XXX failed 205 PUBLICATION_DATA/PUBLICATION_DATA_with_SEQ_2020_11_19T17_29_17/data unsupported operand type(s) for +: 'NoneType' and 'NoneType'
[2020-11-19 18:25:09,262][ERROR][326177][experiments.py:run_experiment_from_to_file:752] XXX failed 205 PUBLICATION_DATA/PUBLICATION_DATA_with_SEQ_2020_11_19T17_29_17/data unsupported operand type(s) for +: 'NoneType' and 'NoneType'
[2020-11-19 18:27:50,254][ERROR][327346][experiments.py:run_experiment_from_to_file:752] XXX failed 208 PUBLICATION_DATA/PUBLICATION_DATA_with_SEQ_2020_11_19T17_29_17/data unsupported operand type(s) for +: 'float' and 'NoneType'
[2020-11-19 18:27:50,254][ERROR][327346][experiments.py:run_experiment_from_to_file:752] XXX failed 208 PUBLICATION_DATA/PUBLICATION_DATA_with_SEQ_2020_11_19T17_29_17/data unsupported operand type(s) for +: 'float' and 'NoneType'
[2020-11-19 18:36:25,014][ERROR][332110][experiments.py:run_experiment_from_to_file:752] XXX failed 232 PUBLICATION_DATA/PUBLICATION_DATA_with_SEQ_2020_11_19T17_29_17/data unsupported operand type(s) for +: 'float' and 'NoneType'
[2020-11-19 18:36:25,014][ERROR][332110][experiments.py:run_experiment_from_to_file:752] XXX failed 232 PUBLICATION_DATA/PUBLICATION_DATA_with_SEQ_2020_11_19T17_29_17/data unsupported operand type(s) for +: 'float' and 'NoneType'
[2020-11-19 18:39:46,237][ERROR][335762][experiments.py:run_experiment_from_to_file:752] XXX failed 251 PUBLICATION_DATA/PUBLICATION_DATA_with_SEQ_2020_11_19T17_29_17/data agent 65 with malfunction ExperimentMalfunction(time_step=1168, agent_id=65, malfunction_duration=50). Found earliest=1169 for Waypoint(position=(19, 14), direction=3)
[2020-11-19 18:39:46,237][ERROR][335762][experiments.py:run_experiment_from_to_file:752] XXX failed 251 PUBLICATION_DATA/PUBLICATION_DATA_with_SEQ_2020_11_19T17_29_17/data agent 65 with malfunction ExperimentMalfunction(time_step=1168, agent_id=65, malfunction_duration=50). Found earliest=1169 for Waypoint(position=(19, 14), direction=3)
[2020-11-19 18:41:41,929][ERROR][334471][experiments.py:run_experiment_from_to_file:752] XXX failed 243 PUBLICATION_DATA/PUBLICATION_DATA_with_SEQ_2020_11_19T17_29_17/data unsupported operand type(s) for +: 'float' and 'NoneType'
[2020-11-19 18:41:41,929][ERROR][334471][experiments.py:run_experiment_from_to_file:752] XXX failed 243 PUBLICATION_DATA/PUBLICATION_DATA_with_SEQ_2020_11_19T17_29_17/data unsupported operand type(s) for +: 'float' and 'NoneType'
[2020-11-19 18:46:29,125][ERROR][336121][experiments.py:run_experiment_from_to_file:752] XXX failed 256 PUBLICATION_DATA/PUBLICATION_DATA_with_SEQ_2020_11_19T17_29_17/data unsupported operand type(s) for +: 'float' and 'NoneType'
[2020-11-19 18:46:29,125][ERROR][336121][experiments.py:run_experiment_from_to_file:752] XXX failed 256 PUBLICATION_DATA/PUBLICATION_DATA_with_SEQ_2020_11_19T17_29_17/data unsupported operand type(s) for +: 'float' and 'NoneType'
[2020-11-19 18:48:35,608][ERROR][336978][experiments.py:run_experiment_from_to_file:752] XXX failed 263 PUBLICATION_DATA/PUBLICATION_DATA_with_SEQ_2020_11_19T17_29_17/data unsupported operand type(s) for +: 'NoneType' and 'NoneType'
[2020-11-19 18:48:35,608][ERROR][336978][experiments.py:run_experiment_from_to_file:752] XXX failed 263 PUBLICATION_DATA/PUBLICATION_DATA_with_SEQ_2020_11_19T17_29_17/data unsupported operand type(s) for +: 'NoneType' and 'NoneType'
[2020-11-19 18:53:23,611][ERROR][341086][experiments.py:run_experiment_from_to_file:752] XXX failed 284 PUBLICATION_DATA/PUBLICATION_DATA_with_SEQ_2020_11_19T17_29_17/data unsupported operand type(s) for +: 'NoneType' and 'NoneType'
[2020-11-19 18:53:23,611][ERROR][341086][experiments.py:run_experiment_from_to_file:752] XXX failed 284 PUBLICATION_DATA/PUBLICATION_DATA_with_SEQ_2020_11_19T17_29_17/data unsupported operand type(s) for +: 'NoneType' and 'NoneType'
[2020-11-19 18:53:26,066][ERROR][343315][experiments.py:run_experiment_from_to_file:752] XXX failed 291 PUBLICATION_DATA/PUBLICATION_DATA_with_SEQ_2020_11_19T17_29_17/data agent 19 with malfunction ExperimentMalfunction(time_step=255, agent_id=19, malfunction_duration=50). Found earliest=256 for Waypoint(position=(88, 22), direction=2)
[2020-11-19 18:53:26,066][ERROR][343315][experiments.py:run_experiment_from_to_file:752] XXX failed 291 PUBLICATION_DATA/PUBLICATION_DATA_with_SEQ_2020_11_19T17_29_17/data agent 19 with malfunction ExperimentMalfunction(time_step=255, agent_id=19, malfunction_duration=50). Found earliest=256 for Waypoint(position=(88, 22), direction=2)
[2020-11-19 18:55:09,439][ERROR][342790][experiments.py:run_experiment_from_to_file:752] XXX failed 289 PUBLICATION_DATA/PUBLICATION_DATA_with_SEQ_2020_11_19T17_29_17/data unsupported operand type(s) for +: 'NoneType' and 'NoneType'
[2020-11-19 18:55:09,439][ERROR][342790][experiments.py:run_experiment_from_to_file:752] XXX failed 289 PUBLICATION_DATA/PUBLICATION_DATA_with_SEQ_2020_11_19T17_29_17/data unsupported operand type(s) for +: 'NoneType' and 'NoneType'
[2020-11-19 18:57:14,200][ERROR][344967][experiments.py:run_experiment_from_to_file:752] XXX failed 303 PUBLICATION_DATA/PUBLICATION_DATA_with_SEQ_2020_11_19T17_29_17/data unsupported operand type(s) for +: 'float' and 'NoneType'
[2020-11-19 18:57:14,200][ERROR][344967][experiments.py:run_experiment_from_to_file:752] XXX failed 303 PUBLICATION_DATA/PUBLICATION_DATA_with_SEQ_2020_11_19T17_29_17/data unsupported operand type(s) for +: 'float' and 'NoneType'
[2020-11-19 18:59:15,476][ERROR][346794][experiments.py:run_experiment_from_to_file:752] XXX failed 311 PUBLICATION_DATA/PUBLICATION_DATA_with_SEQ_2020_11_19T17_29_17/data unsupported operand type(s) for +: 'float' and 'NoneType'
[2020-11-19 18:59:15,476][ERROR][346794][experiments.py:run_experiment_from_to_file:752] XXX failed 311 PUBLICATION_DATA/PUBLICATION_DATA_with_SEQ_2020_11_19T17_29_17/data unsupported operand type(s) for +: 'float' and 'NoneType'
[2020-11-19 18:59:50,305][ERROR][347384][experiments.py:run_experiment_from_to_file:752] XXX failed 318 PUBLICATION_DATA/PUBLICATION_DATA_with_SEQ_2020_11_19T17_29_17/data unsupported operand type(s) for +: 'float' and 'NoneType'
[2020-11-19 18:59:50,305][ERROR][347384][experiments.py:run_experiment_from_to_file:752] XXX failed 318 PUBLICATION_DATA/PUBLICATION_DATA_with_SEQ_2020_11_19T17_29_17/data unsupported operand type(s) for +: 'float' and 'NoneType'
[2020-11-19 18:59:51,917][ERROR][347379][experiments.py:run_experiment_from_to_file:752] XXX failed 317 PUBLICATION_DATA/PUBLICATION_DATA_with_SEQ_2020_11_19T17_29_17/data unsupported operand type(s) for +: 'float' and 'NoneType'
[2020-11-19 18:59:51,917][ERROR][347379][experiments.py:run_experiment_from_to_file:752] XXX failed 317 PUBLICATION_DATA/PUBLICATION_DATA_with_SEQ_2020_11_19T17_29_17/data unsupported operand type(s) for +: 'float' and 'NoneType'
[2020-11-19 19:02:29,313][ERROR][349045][experiments.py:run_experiment_from_to_file:752] XXX failed 326 PUBLICATION_DATA/PUBLICATION_DATA_with_SEQ_2020_11_19T17_29_17/data unsupported operand type(s) for +: 'NoneType' and 'NoneType'
[2020-11-19 19:02:29,313][ERROR][349045][experiments.py:run_experiment_from_to_file:752] XXX failed 326 PUBLICATION_DATA/PUBLICATION_DATA_with_SEQ_2020_11_19T17_29_17/data unsupported operand type(s) for +: 'NoneType' and 'NoneType'
[2020-11-19 19:06:43,224][ERROR][351973][experiments.py:run_experiment_from_to_file:752] XXX failed 344 PUBLICATION_DATA/PUBLICATION_DATA_with_SEQ_2020_11_19T17_29_17/data unsupported operand type(s) for +: 'float' and 'NoneType'
[2020-11-19 19:06:43,224][ERROR][351973][experiments.py:run_experiment_from_to_file:752] XXX failed 344 PUBLICATION_DATA/PUBLICATION_DATA_with_SEQ_2020_11_19T17_29_17/data unsupported operand type(s) for +: 'float' and 'NoneType'
[2020-11-19 19:08:02,376][ERROR][354913][experiments.py:run_experiment_from_to_file:752] XXX failed 365 PUBLICATION_DATA/PUBLICATION_DATA_with_SEQ_2020_11_19T17_29_17/data agent 43 with malfunction ExperimentMalfunction(time_step=676, agent_id=43, malfunction_duration=50). Found earliest=677 for Waypoint(position=(22, 28), direction=1)
[2020-11-19 19:08:02,376][ERROR][354913][experiments.py:run_experiment_from_to_file:752] XXX failed 365 PUBLICATION_DATA/PUBLICATION_DATA_with_SEQ_2020_11_19T17_29_17/data agent 43 with malfunction ExperimentMalfunction(time_step=676, agent_id=43, malfunction_duration=50). Found earliest=677 for Waypoint(position=(22, 28), direction=1)
[2020-11-19 19:08:49,310][ERROR][353403][experiments.py:run_experiment_from_to_file:752] XXX failed 353 PUBLICATION_DATA/PUBLICATION_DATA_with_SEQ_2020_11_19T17_29_17/data unsupported operand type(s) for +: 'float' and 'NoneType'
[2020-11-19 19:08:49,310][ERROR][353403][experiments.py:run_experiment_from_to_file:752] XXX failed 353 PUBLICATION_DATA/PUBLICATION_DATA_with_SEQ_2020_11_19T17_29_17/data unsupported operand type(s) for +: 'float' and 'NoneType'
[2020-11-19 19:09:04,270][ERROR][353359][experiments.py:run_experiment_from_to_file:752] XXX failed 352 PUBLICATION_DATA/PUBLICATION_DATA_with_SEQ_2020_11_19T17_29_17/data unsupported operand type(s) for +: 'float' and 'NoneType'
[2020-11-19 19:09:04,270][ERROR][353359][experiments.py:run_experiment_from_to_file:752] XXX failed 352 PUBLICATION_DATA/PUBLICATION_DATA_with_SEQ_2020_11_19T17_29_17/data unsupported operand type(s) for +: 'float' and 'NoneType'
[2020-11-19 19:10:09,218][ERROR][354081][experiments.py:run_experiment_from_to_file:752] XXX failed 356 PUBLICATION_DATA/PUBLICATION_DATA_with_SEQ_2020_11_19T17_29_17/data unsupported operand type(s) for +: 'NoneType' and 'float'
[2020-11-19 19:10:09,218][ERROR][354081][experiments.py:run_experiment_from_to_file:752] XXX failed 356 PUBLICATION_DATA/PUBLICATION_DATA_with_SEQ_2020_11_19T17_29_17/data unsupported operand type(s) for +: 'NoneType' and 'float'
[2020-11-19 19:10:31,271][ERROR][354595][experiments.py:run_experiment_from_to_file:752] XXX failed 361 PUBLICATION_DATA/PUBLICATION_DATA_with_SEQ_2020_11_19T17_29_17/data unsupported operand type(s) for +: 'NoneType' and 'NoneType'
[2020-11-19 19:10:31,271][ERROR][354595][experiments.py:run_experiment_from_to_file:752] XXX failed 361 PUBLICATION_DATA/PUBLICATION_DATA_with_SEQ_2020_11_19T17_29_17/data unsupported operand type(s) for +: 'NoneType' and 'NoneType'
[2020-11-19 19:14:26,239][ERROR][357432][experiments.py:run_experiment_from_to_file:752] XXX failed 380 PUBLICATION_DATA/PUBLICATION_DATA_with_SEQ_2020_11_19T17_29_17/data unsupported operand type(s) for +: 'float' and 'NoneType'
[2020-11-19 19:14:26,239][ERROR][357432][experiments.py:run_experiment_from_to_file:752] XXX failed 380 PUBLICATION_DATA/PUBLICATION_DATA_with_SEQ_2020_11_19T17_29_17/data unsupported operand type(s) for +: 'float' and 'NoneType'
[2020-11-19 19:18:57,551][ERROR][360056][experiments.py:run_experiment_from_to_file:752] XXX failed 393 PUBLICATION_DATA/PUBLICATION_DATA_with_SEQ_2020_11_19T17_29_17/data unsupported operand type(s) for +: 'float' and 'NoneType'
[2020-11-19 19:18:57,551][ERROR][360056][experiments.py:run_experiment_from_to_file:752] XXX failed 393 PUBLICATION_DATA/PUBLICATION_DATA_with_SEQ_2020_11_19T17_29_17/data unsupported operand type(s) for +: 'float' and 'NoneType'
[2020-11-19 19:19:01,355][ERROR][362554][experiments.py:run_experiment_from_to_file:752] XXX failed 403 PUBLICATION_DATA/PUBLICATION_DATA_with_SEQ_2020_11_19T17_29_17/data agent 19 with malfunction ExperimentMalfunction(time_step=453, agent_id=19, malfunction_duration=50). Found earliest=454 for Waypoint(position=(88, 22), direction=2)
[2020-11-19 19:19:01,355][ERROR][362554][experiments.py:run_experiment_from_to_file:752] XXX failed 403 PUBLICATION_DATA/PUBLICATION_DATA_with_SEQ_2020_11_19T17_29_17/data agent 19 with malfunction ExperimentMalfunction(time_step=453, agent_id=19, malfunction_duration=50). Found earliest=454 for Waypoint(position=(88, 22), direction=2)
[2020-11-19 19:20:23,337][ERROR][360816][experiments.py:run_experiment_from_to_file:752] XXX failed 396 PUBLICATION_DATA/PUBLICATION_DATA_with_SEQ_2020_11_19T17_29_17/data unsupported operand type(s) for +: 'float' and 'NoneType'
[2020-11-19 19:20:23,337][ERROR][360816][experiments.py:run_experiment_from_to_file:752] XXX failed 396 PUBLICATION_DATA/PUBLICATION_DATA_with_SEQ_2020_11_19T17_29_17/data unsupported operand type(s) for +: 'float' and 'NoneType'
[2020-11-19 19:28:00,144][ERROR][366076][experiments.py:run_experiment_from_to_file:752] XXX failed 420 PUBLICATION_DATA/PUBLICATION_DATA_with_SEQ_2020_11_19T17_29_17/data unsupported operand type(s) for +: 'float' and 'NoneType'
[2020-11-19 19:28:00,144][ERROR][366076][experiments.py:run_experiment_from_to_file:752] XXX failed 420 PUBLICATION_DATA/PUBLICATION_DATA_with_SEQ_2020_11_19T17_29_17/data unsupported operand type(s) for +: 'float' and 'NoneType'
[2020-11-19 19:29:20,218][ERROR][368884][experiments.py:run_experiment_from_to_file:752] XXX failed 435 PUBLICATION_DATA/PUBLICATION_DATA_with_SEQ_2020_11_19T17_29_17/data agent 51 with malfunction ExperimentMalfunction(time_step=1042, agent_id=51, malfunction_duration=50). Found earliest=1043 for Waypoint(position=(75, 26), direction=0)
[2020-11-19 19:29:20,218][ERROR][368884][experiments.py:run_experiment_from_to_file:752] XXX failed 435 PUBLICATION_DATA/PUBLICATION_DATA_with_SEQ_2020_11_19T17_29_17/data agent 51 with malfunction ExperimentMalfunction(time_step=1042, agent_id=51, malfunction_duration=50). Found earliest=1043 for Waypoint(position=(75, 26), direction=0)
[2020-11-19 19:34:02,033][ERROR][369106][experiments.py:run_experiment_from_to_file:752] XXX failed 438 PUBLICATION_DATA/PUBLICATION_DATA_with_SEQ_2020_11_19T17_29_17/data unsupported operand type(s) for +: 'float' and 'NoneType'
[2020-11-19 19:34:02,033][ERROR][369106][experiments.py:run_experiment_from_to_file:752] XXX failed 438 PUBLICATION_DATA/PUBLICATION_DATA_with_SEQ_2020_11_19T17_29_17/data unsupported operand type(s) for +: 'float' and 'NoneType'
[2020-11-19 19:34:07,872][ERROR][369239][experiments.py:run_experiment_from_to_file:752] XXX failed 439 PUBLICATION_DATA/PUBLICATION_DATA_with_SEQ_2020_11_19T17_29_17/data unsupported operand type(s) for +: 'float' and 'NoneType'
[2020-11-19 19:34:07,872][ERROR][369239][experiments.py:run_experiment_from_to_file:752] XXX failed 439 PUBLICATION_DATA/PUBLICATION_DATA_with_SEQ_2020_11_19T17_29_17/data unsupported operand type(s) for +: 'float' and 'NoneType'
[2020-11-19 19:35:28,774][ERROR][370353][experiments.py:run_experiment_from_to_file:752] XXX failed 442 PUBLICATION_DATA/PUBLICATION_DATA_with_SEQ_2020_11_19T17_29_17/data unsupported operand type(s) for +: 'float' and 'NoneType'
[2020-11-19 19:35:28,774][ERROR][370353][experiments.py:run_experiment_from_to_file:752] XXX failed 442 PUBLICATION_DATA/PUBLICATION_DATA_with_SEQ_2020_11_19T17_29_17/data unsupported operand type(s) for +: 'float' and 'NoneType'
[2020-11-19 19:39:01,867][ERROR][372580][experiments.py:run_experiment_from_to_file:752] XXX failed 454 PUBLICATION_DATA/PUBLICATION_DATA_with_SEQ_2020_11_19T17_29_17/data unsupported operand type(s) for +: 'float' and 'NoneType'
[2020-11-19 19:39:01,867][ERROR][372580][experiments.py:run_experiment_from_to_file:752] XXX failed 454 PUBLICATION_DATA/PUBLICATION_DATA_with_SEQ_2020_11_19T17_29_17/data unsupported operand type(s) for +: 'float' and 'NoneType'
[2020-11-19 19:39:24,703][ERROR][372794][experiments.py:run_experiment_from_to_file:752] XXX failed 456 PUBLICATION_DATA/PUBLICATION_DATA_with_SEQ_2020_11_19T17_29_17/data unsupported operand type(s) for +: 'float' and 'NoneType'
[2020-11-19 19:39:24,703][ERROR][372794][experiments.py:run_experiment_from_to_file:752] XXX failed 456 PUBLICATION_DATA/PUBLICATION_DATA_with_SEQ_2020_11_19T17_29_17/data unsupported operand type(s) for +: 'float' and 'NoneType'
[2020-11-19 19:44:27,345][ERROR][375124][experiments.py:run_experiment_from_to_file:752] XXX failed 467 PUBLICATION_DATA/PUBLICATION_DATA_with_SEQ_2020_11_19T17_29_17/data unsupported operand type(s) for +: 'NoneType' and 'NoneType'
[2020-11-19 19:44:27,345][ERROR][375124][experiments.py:run_experiment_from_to_file:752] XXX failed 467 PUBLICATION_DATA/PUBLICATION_DATA_with_SEQ_2020_11_19T17_29_17/data unsupported operand type(s) for +: 'NoneType' and 'NoneType'
[2020-11-19 19:45:07,728][ERROR][375411][experiments.py:run_experiment_from_to_file:752] XXX failed 469 PUBLICATION_DATA/PUBLICATION_DATA_with_SEQ_2020_11_19T17_29_17/data unsupported operand type(s) for +: 'float' and 'NoneType'
[2020-11-19 19:45:07,728][ERROR][375411][experiments.py:run_experiment_from_to_file:752] XXX failed 469 PUBLICATION_DATA/PUBLICATION_DATA_with_SEQ_2020_11_19T17_29_17/data unsupported operand type(s) for +: 'float' and 'NoneType'
[2020-11-19 19:47:54,001][ERROR][376523][experiments.py:run_experiment_from_to_file:752] XXX failed 475 PUBLICATION_DATA/PUBLICATION_DATA_with_SEQ_2020_11_19T17_29_17/data unsupported operand type(s) for +: 'float' and 'NoneType'
[2020-11-19 19:47:54,001][ERROR][376523][experiments.py:run_experiment_from_to_file:752] XXX failed 475 PUBLICATION_DATA/PUBLICATION_DATA_with_SEQ_2020_11_19T17_29_17/data unsupported operand type(s) for +: 'float' and 'NoneType'
[2020-11-19 19:49:36,363][ERROR][377476][experiments.py:run_experiment_from_to_file:752] XXX failed 477 PUBLICATION_DATA/PUBLICATION_DATA_with_SEQ_2020_11_19T17_29_17/data unsupported operand type(s) for +: 'float' and 'NoneType'
[2020-11-19 19:49:36,363][ERROR][377476][experiments.py:run_experiment_from_to_file:752] XXX failed 477 PUBLICATION_DATA/PUBLICATION_DATA_with_SEQ_2020_11_19T17_29_17/data unsupported operand type(s) for +: 'float' and 'NoneType'
[2020-11-19 19:49:56,901][ERROR][377813][experiments.py:run_experiment_from_to_file:752] XXX failed 480 PUBLICATION_DATA/PUBLICATION_DATA_with_SEQ_2020_11_19T17_29_17/data unsupported operand type(s) for +: 'float' and 'NoneType'
[2020-11-19 19:49:56,901][ERROR][377813][experiments.py:run_experiment_from_to_file:752] XXX failed 480 PUBLICATION_DATA/PUBLICATION_DATA_with_SEQ_2020_11_19T17_29_17/data unsupported operand type(s) for +: 'float' and 'NoneType'
[2020-11-19 19:53:16,515][ERROR][379193][experiments.py:run_experiment_from_to_file:752] XXX failed 489 PUBLICATION_DATA/PUBLICATION_DATA_with_SEQ_2020_11_19T17_29_17/data unsupported operand type(s) for +: 'float' and 'NoneType'
[2020-11-19 19:53:16,515][ERROR][379193][experiments.py:run_experiment_from_to_file:752] XXX failed 489 PUBLICATION_DATA/PUBLICATION_DATA_with_SEQ_2020_11_19T17_29_17/data unsupported operand type(s) for +: 'float' and 'NoneType'
[2020-11-19 19:58:04,753][ERROR][381728][experiments.py:run_experiment_from_to_file:752] XXX failed 501 PUBLICATION_DATA/PUBLICATION_DATA_with_SEQ_2020_11_19T17_29_17/data unsupported operand type(s) for +: 'NoneType' and 'float'
[2020-11-19 19:58:04,753][ERROR][381728][experiments.py:run_experiment_from_to_file:752] XXX failed 501 PUBLICATION_DATA/PUBLICATION_DATA_with_SEQ_2020_11_19T17_29_17/data unsupported operand type(s) for +: 'NoneType' and 'float'
[2020-11-19 19:59:23,979][ERROR][382085][experiments.py:run_experiment_from_to_file:752] XXX failed 504 PUBLICATION_DATA/PUBLICATION_DATA_with_SEQ_2020_11_19T17_29_17/data unsupported operand type(s) for +: 'float' and 'NoneType'
[2020-11-19 19:59:23,979][ERROR][382085][experiments.py:run_experiment_from_to_file:752] XXX failed 504 PUBLICATION_DATA/PUBLICATION_DATA_with_SEQ_2020_11_19T17_29_17/data unsupported operand type(s) for +: 'float' and 'NoneType'
[2020-11-19 20:02:08,429][ERROR][385356][experiments.py:run_experiment_from_to_file:752] XXX failed 523 PUBLICATION_DATA/PUBLICATION_DATA_with_SEQ_2020_11_19T17_29_17/data agent 65 with malfunction ExperimentMalfunction(time_step=819, agent_id=65, malfunction_duration=50). Found earliest=820 for Waypoint(position=(19, 14), direction=3)
[2020-11-19 20:02:08,429][ERROR][385356][experiments.py:run_experiment_from_to_file:752] XXX failed 523 PUBLICATION_DATA/PUBLICATION_DATA_with_SEQ_2020_11_19T17_29_17/data agent 65 with malfunction ExperimentMalfunction(time_step=819, agent_id=65, malfunction_duration=50). Found earliest=820 for Waypoint(position=(19, 14), direction=3)
[2020-11-19 20:03:41,402][ERROR][383677][experiments.py:run_experiment_from_to_file:752] XXX failed 512 PUBLICATION_DATA/PUBLICATION_DATA_with_SEQ_2020_11_19T17_29_17/data unsupported operand type(s) for +: 'float' and 'NoneType'
[2020-11-19 20:03:41,402][ERROR][383677][experiments.py:run_experiment_from_to_file:752] XXX failed 512 PUBLICATION_DATA/PUBLICATION_DATA_with_SEQ_2020_11_19T17_29_17/data unsupported operand type(s) for +: 'float' and 'NoneType'
[2020-11-19 20:04:12,478][ERROR][384100][experiments.py:run_experiment_from_to_file:752] XXX failed 515 PUBLICATION_DATA/PUBLICATION_DATA_with_SEQ_2020_11_19T17_29_17/data unsupported operand type(s) for +: 'NoneType' and 'NoneType'
[2020-11-19 20:04:12,478][ERROR][384100][experiments.py:run_experiment_from_to_file:752] XXX failed 515 PUBLICATION_DATA/PUBLICATION_DATA_with_SEQ_2020_11_19T17_29_17/data unsupported operand type(s) for +: 'NoneType' and 'NoneType'
[2020-11-19 20:10:04,826][ERROR][386755][experiments.py:run_experiment_from_to_file:752] XXX failed 533 PUBLICATION_DATA/PUBLICATION_DATA_with_SEQ_2020_11_19T17_29_17/data unsupported operand type(s) for +: 'NoneType' and 'NoneType'
[2020-11-19 20:10:04,826][ERROR][386755][experiments.py:run_experiment_from_to_file:752] XXX failed 533 PUBLICATION_DATA/PUBLICATION_DATA_with_SEQ_2020_11_19T17_29_17/data unsupported operand type(s) for +: 'NoneType' and 'NoneType'
[2020-11-19 20:13:28,309][ERROR][389921][experiments.py:run_experiment_from_to_file:752] XXX failed 548 PUBLICATION_DATA/PUBLICATION_DATA_with_SEQ_2020_11_19T17_29_17/data unsupported operand type(s) for +: 'float' and 'NoneType'
[2020-11-19 20:13:28,309][ERROR][389921][experiments.py:run_experiment_from_to_file:752] XXX failed 548 PUBLICATION_DATA/PUBLICATION_DATA_with_SEQ_2020_11_19T17_29_17/data unsupported operand type(s) for +: 'float' and 'NoneType'
[2020-11-19 20:14:51,732][ERROR][392209][experiments.py:run_experiment_from_to_file:752] XXX failed 563 PUBLICATION_DATA/PUBLICATION_DATA_with_SEQ_2020_11_19T17_29_17/data agent 19 with malfunction ExperimentMalfunction(time_step=473, agent_id=19, malfunction_duration=50). Found earliest=474 for Waypoint(position=(88, 22), direction=2)
[2020-11-19 20:14:51,732][ERROR][392209][experiments.py:run_experiment_from_to_file:752] XXX failed 563 PUBLICATION_DATA/PUBLICATION_DATA_with_SEQ_2020_11_19T17_29_17/data agent 19 with malfunction ExperimentMalfunction(time_step=473, agent_id=19, malfunction_duration=50). Found earliest=474 for Waypoint(position=(88, 22), direction=2)
[2020-11-19 20:15:47,319][ERROR][391306][experiments.py:run_experiment_from_to_file:752] XXX failed 556 PUBLICATION_DATA/PUBLICATION_DATA_with_SEQ_2020_11_19T17_29_17/data unsupported operand type(s) for +: 'float' and 'NoneType'
[2020-11-19 20:15:47,319][ERROR][391306][experiments.py:run_experiment_from_to_file:752] XXX failed 556 PUBLICATION_DATA/PUBLICATION_DATA_with_SEQ_2020_11_19T17_29_17/data unsupported operand type(s) for +: 'float' and 'NoneType'
[2020-11-19 20:16:45,514][ERROR][391881][experiments.py:run_experiment_from_to_file:752] XXX failed 561 PUBLICATION_DATA/PUBLICATION_DATA_with_SEQ_2020_11_19T17_29_17/data unsupported operand type(s) for +: 'float' and 'NoneType'
[2020-11-19 20:16:45,514][ERROR][391881][experiments.py:run_experiment_from_to_file:752] XXX failed 561 PUBLICATION_DATA/PUBLICATION_DATA_with_SEQ_2020_11_19T17_29_17/data unsupported operand type(s) for +: 'float' and 'NoneType'
[2020-11-19 20:17:12,011][ERROR][392266][experiments.py:run_experiment_from_to_file:752] XXX failed 566 PUBLICATION_DATA/PUBLICATION_DATA_with_SEQ_2020_11_19T17_29_17/data unsupported operand type(s) for +: 'float' and 'NoneType'
[2020-11-19 20:17:12,011][ERROR][392266][experiments.py:run_experiment_from_to_file:752] XXX failed 566 PUBLICATION_DATA/PUBLICATION_DATA_with_SEQ_2020_11_19T17_29_17/data unsupported operand type(s) for +: 'float' and 'NoneType'
[2020-11-19 20:17:58,691][ERROR][392899][experiments.py:run_experiment_from_to_file:752] XXX failed 571 PUBLICATION_DATA/PUBLICATION_DATA_with_SEQ_2020_11_19T17_29_17/data unsupported operand type(s) for +: 'NoneType' and 'float'
[2020-11-19 20:17:58,691][ERROR][392899][experiments.py:run_experiment_from_to_file:752] XXX failed 571 PUBLICATION_DATA/PUBLICATION_DATA_with_SEQ_2020_11_19T17_29_17/data unsupported operand type(s) for +: 'NoneType' and 'float'
[2020-11-19 20:18:04,581][ERROR][392963][experiments.py:run_experiment_from_to_file:752] XXX failed 572 PUBLICATION_DATA/PUBLICATION_DATA_with_SEQ_2020_11_19T17_29_17/data unsupported operand type(s) for +: 'float' and 'NoneType'
[2020-11-19 20:18:04,581][ERROR][392963][experiments.py:run_experiment_from_to_file:752] XXX failed 572 PUBLICATION_DATA/PUBLICATION_DATA_with_SEQ_2020_11_19T17_29_17/data unsupported operand type(s) for +: 'float' and 'NoneType'
[2020-11-19 20:19:07,754][ERROR][393696][experiments.py:run_experiment_from_to_file:752] XXX failed 575 PUBLICATION_DATA/PUBLICATION_DATA_with_SEQ_2020_11_19T17_29_17/data unsupported operand type(s) for +: 'float' and 'NoneType'
[2020-11-19 20:19:07,754][ERROR][393696][experiments.py:run_experiment_from_to_file:752] XXX failed 575 PUBLICATION_DATA/PUBLICATION_DATA_with_SEQ_2020_11_19T17_29_17/data unsupported operand type(s) for +: 'float' and 'NoneType'
[2020-11-19 20:19:23,961][ERROR][394161][experiments.py:run_experiment_from_to_file:752] XXX failed 576 PUBLICATION_DATA/PUBLICATION_DATA_with_SEQ_2020_11_19T17_29_17/data unsupported operand type(s) for +: 'NoneType' and 'float'
[2020-11-19 20:19:23,961][ERROR][394161][experiments.py:run_experiment_from_to_file:752] XXX failed 576 PUBLICATION_DATA/PUBLICATION_DATA_with_SEQ_2020_11_19T17_29_17/data unsupported operand type(s) for +: 'NoneType' and 'float'
[2020-11-19 20:21:22,517][ERROR][396154][experiments.py:run_experiment_from_to_file:752] XXX failed 590 PUBLICATION_DATA/PUBLICATION_DATA_with_SEQ_2020_11_19T17_29_17/data unsupported operand type(s) for +: 'NoneType' and 'NoneType'
[2020-11-19 20:21:22,517][ERROR][396154][experiments.py:run_experiment_from_to_file:752] XXX failed 590 PUBLICATION_DATA/PUBLICATION_DATA_with_SEQ_2020_11_19T17_29_17/data unsupported operand type(s) for +: 'NoneType' and 'NoneType'
[2020-11-19 20:23:52,232][ERROR][398191][experiments.py:run_experiment_from_to_file:752] XXX failed 598 PUBLICATION_DATA/PUBLICATION_DATA_with_SEQ_2020_11_19T17_29_17/data unsupported operand type(s) for +: 'float' and 'NoneType'
[2020-11-19 20:23:52,232][ERROR][398191][experiments.py:run_experiment_from_to_file:752] XXX failed 598 PUBLICATION_DATA/PUBLICATION_DATA_with_SEQ_2020_11_19T17_29_17/data unsupported operand type(s) for +: 'float' and 'NoneType'
[2020-11-19 20:27:50,075][ERROR][400948][experiments.py:run_experiment_from_to_file:752] XXX failed 616 PUBLICATION_DATA/PUBLICATION_DATA_with_SEQ_2020_11_19T17_29_17/data unsupported operand type(s) for +: 'float' and 'NoneType'
[2020-11-19 20:27:50,075][ERROR][400948][experiments.py:run_experiment_from_to_file:752] XXX failed 616 PUBLICATION_DATA/PUBLICATION_DATA_with_SEQ_2020_11_19T17_29_17/data unsupported operand type(s) for +: 'float' and 'NoneType'
[2020-11-19 20:28:43,098][ERROR][401709][experiments.py:run_experiment_from_to_file:752] XXX failed 625 PUBLICATION_DATA/PUBLICATION_DATA_with_SEQ_2020_11_19T17_29_17/data unsupported operand type(s) for +: 'NoneType' and 'float'
[2020-11-19 20:28:43,098][ERROR][401709][experiments.py:run_experiment_from_to_file:752] XXX failed 625 PUBLICATION_DATA/PUBLICATION_DATA_with_SEQ_2020_11_19T17_29_17/data unsupported operand type(s) for +: 'NoneType' and 'float'
[2020-11-19 20:28:47,822][ERROR][403869][experiments.py:run_experiment_from_to_file:752] XXX failed 637 PUBLICATION_DATA/PUBLICATION_DATA_with_SEQ_2020_11_19T17_29_17/data agent 43 with malfunction ExperimentMalfunction(time_step=146, agent_id=43, malfunction_duration=50). Found earliest=147 for Waypoint(position=(22, 28), direction=1)
[2020-11-19 20:28:47,822][ERROR][403869][experiments.py:run_experiment_from_to_file:752] XXX failed 637 PUBLICATION_DATA/PUBLICATION_DATA_with_SEQ_2020_11_19T17_29_17/data agent 43 with malfunction ExperimentMalfunction(time_step=146, agent_id=43, malfunction_duration=50). Found earliest=147 for Waypoint(position=(22, 28), direction=1)
[2020-11-19 20:31:41,107][ERROR][403721][experiments.py:run_experiment_from_to_file:752] XXX failed 635 PUBLICATION_DATA/PUBLICATION_DATA_with_SEQ_2020_11_19T17_29_17/data unsupported operand type(s) for +: 'float' and 'NoneType'
[2020-11-19 20:31:41,107][ERROR][403721][experiments.py:run_experiment_from_to_file:752] XXX failed 635 PUBLICATION_DATA/PUBLICATION_DATA_with_SEQ_2020_11_19T17_29_17/data unsupported operand type(s) for +: 'float' and 'NoneType'
[2020-11-19 20:32:03,285][ERROR][404003][experiments.py:run_experiment_from_to_file:752] XXX failed 639 PUBLICATION_DATA/PUBLICATION_DATA_with_SEQ_2020_11_19T17_29_17/data unsupported operand type(s) for +: 'NoneType' and 'float'
[2020-11-19 20:32:03,285][ERROR][404003][experiments.py:run_experiment_from_to_file:752] XXX failed 639 PUBLICATION_DATA/PUBLICATION_DATA_with_SEQ_2020_11_19T17_29_17/data unsupported operand type(s) for +: 'NoneType' and 'float'
[2020-11-19 20:34:17,946][ERROR][405369][experiments.py:run_experiment_from_to_file:752] XXX failed 648 PUBLICATION_DATA/PUBLICATION_DATA_with_SEQ_2020_11_19T17_29_17/data unsupported operand type(s) for +: 'float' and 'NoneType'
[2020-11-19 20:34:17,946][ERROR][405369][experiments.py:run_experiment_from_to_file:752] XXX failed 648 PUBLICATION_DATA/PUBLICATION_DATA_with_SEQ_2020_11_19T17_29_17/data unsupported operand type(s) for +: 'float' and 'NoneType'
[2020-11-19 20:35:13,120][ERROR][405980][experiments.py:run_experiment_from_to_file:752] XXX failed 655 PUBLICATION_DATA/PUBLICATION_DATA_with_SEQ_2020_11_19T17_29_17/data unsupported operand type(s) for +: 'float' and 'NoneType'
[2020-11-19 20:35:13,120][ERROR][405980][experiments.py:run_experiment_from_to_file:752] XXX failed 655 PUBLICATION_DATA/PUBLICATION_DATA_with_SEQ_2020_11_19T17_29_17/data unsupported operand type(s) for +: 'float' and 'NoneType'
[2020-11-19 20:37:15,588][ERROR][406740][experiments.py:run_experiment_from_to_file:752] XXX failed 660 PUBLICATION_DATA/PUBLICATION_DATA_with_SEQ_2020_11_19T17_29_17/data unsupported operand type(s) for +: 'NoneType' and 'NoneType'
[2020-11-19 20:37:15,588][ERROR][406740][experiments.py:run_experiment_from_to_file:752] XXX failed 660 PUBLICATION_DATA/PUBLICATION_DATA_with_SEQ_2020_11_19T17_29_17/data unsupported operand type(s) for +: 'NoneType' and 'NoneType'
[2020-11-19 20:37:18,580][ERROR][409001][experiments.py:run_experiment_from_to_file:752] XXX failed 675 PUBLICATION_DATA/PUBLICATION_DATA_with_SEQ_2020_11_19T17_29_17/data agent 19 with malfunction ExperimentMalfunction(time_step=1574, agent_id=19, malfunction_duration=50). Found earliest=1575 for Waypoint(position=(88, 22), direction=2)
[2020-11-19 20:37:18,580][ERROR][409001][experiments.py:run_experiment_from_to_file:752] XXX failed 675 PUBLICATION_DATA/PUBLICATION_DATA_with_SEQ_2020_11_19T17_29_17/data agent 19 with malfunction ExperimentMalfunction(time_step=1574, agent_id=19, malfunction_duration=50). Found earliest=1575 for Waypoint(position=(88, 22), direction=2)
[2020-11-19 20:38:39,478][ERROR][407583][experiments.py:run_experiment_from_to_file:752] XXX failed 665 PUBLICATION_DATA/PUBLICATION_DATA_with_SEQ_2020_11_19T17_29_17/data unsupported operand type(s) for +: 'float' and 'NoneType'
[2020-11-19 20:38:39,478][ERROR][407583][experiments.py:run_experiment_from_to_file:752] XXX failed 665 PUBLICATION_DATA/PUBLICATION_DATA_with_SEQ_2020_11_19T17_29_17/data unsupported operand type(s) for +: 'float' and 'NoneType'
[2020-11-19 20:42:29,076][ERROR][409739][experiments.py:run_experiment_from_to_file:752] XXX failed 679 PUBLICATION_DATA/PUBLICATION_DATA_with_SEQ_2020_11_19T17_29_17/data unsupported operand type(s) for +: 'float' and 'NoneType'
[2020-11-19 20:42:29,076][ERROR][409739][experiments.py:run_experiment_from_to_file:752] XXX failed 679 PUBLICATION_DATA/PUBLICATION_DATA_with_SEQ_2020_11_19T17_29_17/data unsupported operand type(s) for +: 'float' and 'NoneType'
[2020-11-19 20:43:30,781][ERROR][410159][experiments.py:run_experiment_from_to_file:752] XXX failed 685 PUBLICATION_DATA/PUBLICATION_DATA_with_SEQ_2020_11_19T17_29_17/data unsupported operand type(s) for +: 'NoneType' and 'float'
[2020-11-19 20:43:30,781][ERROR][410159][experiments.py:run_experiment_from_to_file:752] XXX failed 685 PUBLICATION_DATA/PUBLICATION_DATA_with_SEQ_2020_11_19T17_29_17/data unsupported operand type(s) for +: 'NoneType' and 'float'
[2020-11-19 20:44:01,648][ERROR][410643][experiments.py:run_experiment_from_to_file:752] XXX failed 687 PUBLICATION_DATA/PUBLICATION_DATA_with_SEQ_2020_11_19T17_29_17/data unsupported operand type(s) for +: 'float' and 'NoneType'
[2020-11-19 20:44:01,648][ERROR][410643][experiments.py:run_experiment_from_to_file:752] XXX failed 687 PUBLICATION_DATA/PUBLICATION_DATA_with_SEQ_2020_11_19T17_29_17/data unsupported operand type(s) for +: 'float' and 'NoneType'
[2020-11-19 20:47:11,547][ERROR][416216][experiments.py:run_experiment_from_to_file:752] XXX failed 707 PUBLICATION_DATA/PUBLICATION_DATA_with_SEQ_2020_11_19T17_29_17/data agent 51 with malfunction ExperimentMalfunction(time_step=966, agent_id=51, malfunction_duration=50). Found earliest=967 for Waypoint(position=(75, 26), direction=0)
[2020-11-19 20:47:11,547][ERROR][416216][experiments.py:run_experiment_from_to_file:752] XXX failed 707 PUBLICATION_DATA/PUBLICATION_DATA_with_SEQ_2020_11_19T17_29_17/data agent 51 with malfunction ExperimentMalfunction(time_step=966, agent_id=51, malfunction_duration=50). Found earliest=967 for Waypoint(position=(75, 26), direction=0)
[2020-11-19 20:52:26,478][ERROR][417273][experiments.py:run_experiment_from_to_file:752] XXX failed 713 PUBLICATION_DATA/PUBLICATION_DATA_with_SEQ_2020_11_19T17_29_17/data unsupported operand type(s) for +: 'float' and 'NoneType'
[2020-11-19 20:52:26,478][ERROR][417273][experiments.py:run_experiment_from_to_file:752] XXX failed 713 PUBLICATION_DATA/PUBLICATION_DATA_with_SEQ_2020_11_19T17_29_17/data unsupported operand type(s) for +: 'float' and 'NoneType'
[2020-11-19 20:56:36,037][ERROR][420323][experiments.py:run_experiment_from_to_file:752] XXX failed 726 PUBLICATION_DATA/PUBLICATION_DATA_with_SEQ_2020_11_19T17_29_17/data unsupported operand type(s) for +: 'NoneType' and 'NoneType'
[2020-11-19 20:56:36,037][ERROR][420323][experiments.py:run_experiment_from_to_file:752] XXX failed 726 PUBLICATION_DATA/PUBLICATION_DATA_with_SEQ_2020_11_19T17_29_17/data unsupported operand type(s) for +: 'NoneType' and 'NoneType'
[2020-11-19 20:57:15,464][ERROR][421052][experiments.py:run_experiment_from_to_file:752] XXX failed 728 PUBLICATION_DATA/PUBLICATION_DATA_with_SEQ_2020_11_19T17_29_17/data unsupported operand type(s) for +: 'float' and 'NoneType'
[2020-11-19 20:57:15,464][ERROR][421052][experiments.py:run_experiment_from_to_file:752] XXX failed 728 PUBLICATION_DATA/PUBLICATION_DATA_with_SEQ_2020_11_19T17_29_17/data unsupported operand type(s) for +: 'float' and 'NoneType'
[2020-11-19 21:02:19,722][ERROR][423889][experiments.py:run_experiment_from_to_file:752] XXX failed 739 PUBLICATION_DATA/PUBLICATION_DATA_with_SEQ_2020_11_19T17_29_17/data unsupported operand type(s) for +: 'float' and 'NoneType'
[2020-11-19 21:02:19,722][ERROR][423889][experiments.py:run_experiment_from_to_file:752] XXX failed 739 PUBLICATION_DATA/PUBLICATION_DATA_with_SEQ_2020_11_19T17_29_17/data unsupported operand type(s) for +: 'float' and 'NoneType'
[2020-11-19 21:04:31,492][ERROR][425709][experiments.py:run_experiment_from_to_file:752] XXX failed 746 PUBLICATION_DATA/PUBLICATION_DATA_with_SEQ_2020_11_19T17_29_17/data unsupported operand type(s) for +: 'float' and 'NoneType'
[2020-11-19 21:04:31,492][ERROR][425709][experiments.py:run_experiment_from_to_file:752] XXX failed 746 PUBLICATION_DATA/PUBLICATION_DATA_with_SEQ_2020_11_19T17_29_17/data unsupported operand type(s) for +: 'float' and 'NoneType'
[2020-11-19 21:05:52,319][ERROR][426306][experiments.py:run_experiment_from_to_file:752] XXX failed 747 PUBLICATION_DATA/PUBLICATION_DATA_with_SEQ_2020_11_19T17_29_17/data unsupported operand type(s) for +: 'float' and 'NoneType'
[2020-11-19 21:05:52,319][ERROR][426306][experiments.py:run_experiment_from_to_file:752] XXX failed 747 PUBLICATION_DATA/PUBLICATION_DATA_with_SEQ_2020_11_19T17_29_17/data unsupported operand type(s) for +: 'float' and 'NoneType'
[2020-11-19 21:06:52,398][ERROR][426724][experiments.py:run_experiment_from_to_file:752] XXX failed 749 PUBLICATION_DATA/PUBLICATION_DATA_with_SEQ_2020_11_19T17_29_17/data unsupported operand type(s) for +: 'float' and 'NoneType'
[2020-11-19 21:06:52,398][ERROR][426724][experiments.py:run_experiment_from_to_file:752] XXX failed 749 PUBLICATION_DATA/PUBLICATION_DATA_with_SEQ_2020_11_19T17_29_17/data unsupported operand type(s) for +: 'float' and 'NoneType'
[2020-11-19 21:12:07,299][ERROR][428843][experiments.py:run_experiment_from_to_file:752] XXX failed 761 PUBLICATION_DATA/PUBLICATION_DATA_with_SEQ_2020_11_19T17_29_17/data unsupported operand type(s) for +: 'float' and 'NoneType'
[2020-11-19 21:12:07,299][ERROR][428843][experiments.py:run_experiment_from_to_file:752] XXX failed 761 PUBLICATION_DATA/PUBLICATION_DATA_with_SEQ_2020_11_19T17_29_17/data unsupported operand type(s) for +: 'float' and 'NoneType'
[2020-11-19 21:16:49,225][ERROR][430630][experiments.py:run_experiment_from_to_file:752] XXX failed 771 PUBLICATION_DATA/PUBLICATION_DATA_with_SEQ_2020_11_19T17_29_17/data unsupported operand type(s) for +: 'float' and 'NoneType'
[2020-11-19 21:16:49,225][ERROR][430630][experiments.py:run_experiment_from_to_file:752] XXX failed 771 PUBLICATION_DATA/PUBLICATION_DATA_with_SEQ_2020_11_19T17_29_17/data unsupported operand type(s) for +: 'float' and 'NoneType'
[2020-11-19 21:18:42,612][ERROR][431400][experiments.py:run_experiment_from_to_file:752] XXX failed 776 PUBLICATION_DATA/PUBLICATION_DATA_with_SEQ_2020_11_19T17_29_17/data unsupported operand type(s) for +: 'float' and 'NoneType'
[2020-11-19 21:18:42,612][ERROR][431400][experiments.py:run_experiment_from_to_file:752] XXX failed 776 PUBLICATION_DATA/PUBLICATION_DATA_with_SEQ_2020_11_19T17_29_17/data unsupported operand type(s) for +: 'float' and 'NoneType'
[2020-11-19 21:20:52,541][ERROR][432189][experiments.py:run_experiment_from_to_file:752] XXX failed 781 PUBLICATION_DATA/PUBLICATION_DATA_with_SEQ_2020_11_19T17_29_17/data unsupported operand type(s) for +: 'float' and 'NoneType'
[2020-11-19 21:20:52,541][ERROR][432189][experiments.py:run_experiment_from_to_file:752] XXX failed 781 PUBLICATION_DATA/PUBLICATION_DATA_with_SEQ_2020_11_19T17_29_17/data unsupported operand type(s) for +: 'float' and 'NoneType'
[2020-11-19 21:20:59,767][ERROR][434548][experiments.py:run_experiment_from_to_file:752] XXX failed 795 PUBLICATION_DATA/PUBLICATION_DATA_with_SEQ_2020_11_19T17_29_17/data agent 65 with malfunction ExperimentMalfunction(time_step=1167, agent_id=65, malfunction_duration=50). Found earliest=1168 for Waypoint(position=(19, 14), direction=3)
[2020-11-19 21:20:59,767][ERROR][434548][experiments.py:run_experiment_from_to_file:752] XXX failed 795 PUBLICATION_DATA/PUBLICATION_DATA_with_SEQ_2020_11_19T17_29_17/data agent 65 with malfunction ExperimentMalfunction(time_step=1167, agent_id=65, malfunction_duration=50). Found earliest=1168 for Waypoint(position=(19, 14), direction=3)
[2020-11-19 21:22:54,628][ERROR][432900][experiments.py:run_experiment_from_to_file:752] XXX failed 785 PUBLICATION_DATA/PUBLICATION_DATA_with_SEQ_2020_11_19T17_29_17/data unsupported operand type(s) for +: 'float' and 'NoneType'
[2020-11-19 21:22:54,628][ERROR][432900][experiments.py:run_experiment_from_to_file:752] XXX failed 785 PUBLICATION_DATA/PUBLICATION_DATA_with_SEQ_2020_11_19T17_29_17/data unsupported operand type(s) for +: 'float' and 'NoneType'
[2020-11-19 21:33:14,449][ERROR][437293][experiments.py:run_experiment_from_to_file:752] XXX failed 812 PUBLICATION_DATA/PUBLICATION_DATA_with_SEQ_2020_11_19T17_29_17/data unsupported operand type(s) for +: 'NoneType' and 'NoneType'
[2020-11-19 21:33:14,449][ERROR][437293][experiments.py:run_experiment_from_to_file:752] XXX failed 812 PUBLICATION_DATA/PUBLICATION_DATA_with_SEQ_2020_11_19T17_29_17/data unsupported operand type(s) for +: 'NoneType' and 'NoneType'
[2020-11-19 21:35:08,221][ERROR][441459][experiments.py:run_experiment_from_to_file:752] XXX failed 835 PUBLICATION_DATA/PUBLICATION_DATA_with_SEQ_2020_11_19T17_29_17/data agent 19 with malfunction ExperimentMalfunction(time_step=1426, agent_id=19, malfunction_duration=50). Found earliest=1427 for Waypoint(position=(88, 22), direction=2)
[2020-11-19 21:35:08,221][ERROR][441459][experiments.py:run_experiment_from_to_file:752] XXX failed 835 PUBLICATION_DATA/PUBLICATION_DATA_with_SEQ_2020_11_19T17_29_17/data agent 19 with malfunction ExperimentMalfunction(time_step=1426, agent_id=19, malfunction_duration=50). Found earliest=1427 for Waypoint(position=(88, 22), direction=2)
[2020-11-19 21:35:39,296][ERROR][440081][experiments.py:run_experiment_from_to_file:752] XXX failed 828 PUBLICATION_DATA/PUBLICATION_DATA_with_SEQ_2020_11_19T17_29_17/data unsupported operand type(s) for +: 'float' and 'NoneType'
[2020-11-19 21:35:39,296][ERROR][440081][experiments.py:run_experiment_from_to_file:752] XXX failed 828 PUBLICATION_DATA/PUBLICATION_DATA_with_SEQ_2020_11_19T17_29_17/data unsupported operand type(s) for +: 'float' and 'NoneType'
[2020-11-19 21:36:23,863][ERROR][440700][experiments.py:run_experiment_from_to_file:752] XXX failed 833 PUBLICATION_DATA/PUBLICATION_DATA_with_SEQ_2020_11_19T17_29_17/data unsupported operand type(s) for +: 'float' and 'NoneType'
[2020-11-19 21:36:23,863][ERROR][440700][experiments.py:run_experiment_from_to_file:752] XXX failed 833 PUBLICATION_DATA/PUBLICATION_DATA_with_SEQ_2020_11_19T17_29_17/data unsupported operand type(s) for +: 'float' and 'NoneType'
[2020-11-19 21:38:23,762][ERROR][442536][experiments.py:run_experiment_from_to_file:752] XXX failed 847 PUBLICATION_DATA/PUBLICATION_DATA_with_SEQ_2020_11_19T17_29_17/data unsupported operand type(s) for +: 'float' and 'NoneType'
[2020-11-19 21:38:23,762][ERROR][442536][experiments.py:run_experiment_from_to_file:752] XXX failed 847 PUBLICATION_DATA/PUBLICATION_DATA_with_SEQ_2020_11_19T17_29_17/data unsupported operand type(s) for +: 'float' and 'NoneType'
[2020-11-19 21:41:20,326][ERROR][445394][experiments.py:run_experiment_from_to_file:752] XXX failed 862 PUBLICATION_DATA/PUBLICATION_DATA_with_SEQ_2020_11_19T17_29_17/data unsupported operand type(s) for +: 'NoneType' and 'NoneType'
[2020-11-19 21:41:20,326][ERROR][445394][experiments.py:run_experiment_from_to_file:752] XXX failed 862 PUBLICATION_DATA/PUBLICATION_DATA_with_SEQ_2020_11_19T17_29_17/data unsupported operand type(s) for +: 'NoneType' and 'NoneType'
[2020-11-19 21:43:09,153][ERROR][446592][experiments.py:run_experiment_from_to_file:752] XXX failed 870 PUBLICATION_DATA/PUBLICATION_DATA_with_SEQ_2020_11_19T17_29_17/data unsupported operand type(s) for +: 'NoneType' and 'NoneType'
[2020-11-19 21:43:09,153][ERROR][446592][experiments.py:run_experiment_from_to_file:752] XXX failed 870 PUBLICATION_DATA/PUBLICATION_DATA_with_SEQ_2020_11_19T17_29_17/data unsupported operand type(s) for +: 'NoneType' and 'NoneType'
[2020-11-19 21:43:41,359][ERROR][446972][experiments.py:run_experiment_from_to_file:752] XXX failed 871 PUBLICATION_DATA/PUBLICATION_DATA_with_SEQ_2020_11_19T17_29_17/data unsupported operand type(s) for +: 'float' and 'NoneType'
[2020-11-19 21:43:41,359][ERROR][446972][experiments.py:run_experiment_from_to_file:752] XXX failed 871 PUBLICATION_DATA/PUBLICATION_DATA_with_SEQ_2020_11_19T17_29_17/data unsupported operand type(s) for +: 'float' and 'NoneType'
[2020-11-19 21:45:06,606][ERROR][448033][experiments.py:run_experiment_from_to_file:752] XXX failed 883 PUBLICATION_DATA/PUBLICATION_DATA_with_SEQ_2020_11_19T17_29_17/data unsupported operand type(s) for +: 'float' and 'NoneType'
[2020-11-19 21:45:06,606][ERROR][448033][experiments.py:run_experiment_from_to_file:752] XXX failed 883 PUBLICATION_DATA/PUBLICATION_DATA_with_SEQ_2020_11_19T17_29_17/data unsupported operand type(s) for +: 'float' and 'NoneType'
[2020-11-19 21:46:39,486][ERROR][449595][experiments.py:run_experiment_from_to_file:752] XXX failed 887 PUBLICATION_DATA/PUBLICATION_DATA_with_SEQ_2020_11_19T17_29_17/data unsupported operand type(s) for +: 'float' and 'NoneType'
[2020-11-19 21:46:39,486][ERROR][449595][experiments.py:run_experiment_from_to_file:752] XXX failed 887 PUBLICATION_DATA/PUBLICATION_DATA_with_SEQ_2020_11_19T17_29_17/data unsupported operand type(s) for +: 'float' and 'NoneType'
[2020-11-19 21:46:42,899][ERROR][449522][experiments.py:run_experiment_from_to_file:752] XXX failed 886 PUBLICATION_DATA/PUBLICATION_DATA_with_SEQ_2020_11_19T17_29_17/data unsupported operand type(s) for +: 'NoneType' and 'NoneType'
[2020-11-19 21:46:42,899][ERROR][449522][experiments.py:run_experiment_from_to_file:752] XXX failed 886 PUBLICATION_DATA/PUBLICATION_DATA_with_SEQ_2020_11_19T17_29_17/data unsupported operand type(s) for +: 'NoneType' and 'NoneType'
[2020-11-19 21:47:24,213][ERROR][450031][experiments.py:run_experiment_from_to_file:752] XXX failed 889 PUBLICATION_DATA/PUBLICATION_DATA_with_SEQ_2020_11_19T17_29_17/data unsupported operand type(s) for +: 'NoneType' and 'float'
[2020-11-19 21:47:24,213][ERROR][450031][experiments.py:run_experiment_from_to_file:752] XXX failed 889 PUBLICATION_DATA/PUBLICATION_DATA_with_SEQ_2020_11_19T17_29_17/data unsupported operand type(s) for +: 'NoneType' and 'float'
[2020-11-19 21:48:31,620][ERROR][453296][experiments.py:run_experiment_from_to_file:752] XXX failed 909 PUBLICATION_DATA/PUBLICATION_DATA_with_SEQ_2020_11_19T17_29_17/data agent 43 with malfunction ExperimentMalfunction(time_step=1025, agent_id=43, malfunction_duration=50). Found earliest=1026 for Waypoint(position=(22, 28), direction=1)
[2020-11-19 21:48:31,620][ERROR][453296][experiments.py:run_experiment_from_to_file:752] XXX failed 909 PUBLICATION_DATA/PUBLICATION_DATA_with_SEQ_2020_11_19T17_29_17/data agent 43 with malfunction ExperimentMalfunction(time_step=1025, agent_id=43, malfunction_duration=50). Found earliest=1026 for Waypoint(position=(22, 28), direction=1)
[2020-11-19 21:50:03,185][ERROR][451843][experiments.py:run_experiment_from_to_file:752] XXX failed 901 PUBLICATION_DATA/PUBLICATION_DATA_with_SEQ_2020_11_19T17_29_17/data unsupported operand type(s) for +: 'float' and 'NoneType'
[2020-11-19 21:50:03,185][ERROR][451843][experiments.py:run_experiment_from_to_file:752] XXX failed 901 PUBLICATION_DATA/PUBLICATION_DATA_with_SEQ_2020_11_19T17_29_17/data unsupported operand type(s) for +: 'float' and 'NoneType'
[2020-11-19 21:51:31,316][ERROR][453284][experiments.py:run_experiment_from_to_file:752] XXX failed 908 PUBLICATION_DATA/PUBLICATION_DATA_with_SEQ_2020_11_19T17_29_17/data unsupported operand type(s) for +: 'NoneType' and 'float'
[2020-11-19 21:51:31,316][ERROR][453284][experiments.py:run_experiment_from_to_file:752] XXX failed 908 PUBLICATION_DATA/PUBLICATION_DATA_with_SEQ_2020_11_19T17_29_17/data unsupported operand type(s) for +: 'NoneType' and 'float'
[2020-11-19 21:51:35,841][ERROR][453329][experiments.py:run_experiment_from_to_file:752] XXX failed 910 PUBLICATION_DATA/PUBLICATION_DATA_with_SEQ_2020_11_19T17_29_17/data unsupported operand type(s) for +: 'NoneType' and 'float'
[2020-11-19 21:51:35,841][ERROR][453329][experiments.py:run_experiment_from_to_file:752] XXX failed 910 PUBLICATION_DATA/PUBLICATION_DATA_with_SEQ_2020_11_19T17_29_17/data unsupported operand type(s) for +: 'NoneType' and 'float'
[2020-11-19 21:51:52,587][ERROR][453349][experiments.py:run_experiment_from_to_file:752] XXX failed 911 PUBLICATION_DATA/PUBLICATION_DATA_with_SEQ_2020_11_19T17_29_17/data unsupported operand type(s) for +: 'float' and 'NoneType'
[2020-11-19 21:51:52,587][ERROR][453349][experiments.py:run_experiment_from_to_file:752] XXX failed 911 PUBLICATION_DATA/PUBLICATION_DATA_with_SEQ_2020_11_19T17_29_17/data unsupported operand type(s) for +: 'float' and 'NoneType'
[2020-11-19 21:53:10,495][ERROR][454258][experiments.py:run_experiment_from_to_file:752] XXX failed 917 PUBLICATION_DATA/PUBLICATION_DATA_with_SEQ_2020_11_19T17_29_17/data unsupported operand type(s) for +: 'float' and 'NoneType'
[2020-11-19 21:53:10,495][ERROR][454258][experiments.py:run_experiment_from_to_file:752] XXX failed 917 PUBLICATION_DATA/PUBLICATION_DATA_with_SEQ_2020_11_19T17_29_17/data unsupported operand type(s) for +: 'float' and 'NoneType'
[2020-11-19 21:53:42,175][ERROR][454644][experiments.py:run_experiment_from_to_file:752] XXX failed 921 PUBLICATION_DATA/PUBLICATION_DATA_with_SEQ_2020_11_19T17_29_17/data unsupported operand type(s) for +: 'NoneType' and 'float'
[2020-11-19 21:53:42,175][ERROR][454644][experiments.py:run_experiment_from_to_file:752] XXX failed 921 PUBLICATION_DATA/PUBLICATION_DATA_with_SEQ_2020_11_19T17_29_17/data unsupported operand type(s) for +: 'NoneType' and 'float'
[2020-11-19 21:53:44,403][ERROR][454567][experiments.py:run_experiment_from_to_file:752] XXX failed 920 PUBLICATION_DATA/PUBLICATION_DATA_with_SEQ_2020_11_19T17_29_17/data unsupported operand type(s) for +: 'float' and 'NoneType'
[2020-11-19 21:53:44,403][ERROR][454567][experiments.py:run_experiment_from_to_file:752] XXX failed 920 PUBLICATION_DATA/PUBLICATION_DATA_with_SEQ_2020_11_19T17_29_17/data unsupported operand type(s) for +: 'float' and 'NoneType'
[2020-11-19 21:54:39,413][ERROR][455240][experiments.py:run_experiment_from_to_file:752] XXX failed 926 PUBLICATION_DATA/PUBLICATION_DATA_with_SEQ_2020_11_19T17_29_17/data unsupported operand type(s) for +: 'NoneType' and 'NoneType'
[2020-11-19 21:54:39,413][ERROR][455240][experiments.py:run_experiment_from_to_file:752] XXX failed 926 PUBLICATION_DATA/PUBLICATION_DATA_with_SEQ_2020_11_19T17_29_17/data unsupported operand type(s) for +: 'NoneType' and 'NoneType'
[2020-11-19 21:56:56,558][ERROR][456222][experiments.py:run_experiment_from_to_file:752] XXX failed 932 PUBLICATION_DATA/PUBLICATION_DATA_with_SEQ_2020_11_19T17_29_17/data unsupported operand type(s) for +: 'NoneType' and 'NoneType'
[2020-11-19 21:56:56,558][ERROR][456222][experiments.py:run_experiment_from_to_file:752] XXX failed 932 PUBLICATION_DATA/PUBLICATION_DATA_with_SEQ_2020_11_19T17_29_17/data unsupported operand type(s) for +: 'NoneType' and 'NoneType'
[2020-11-19 21:57:04,905][ERROR][459004][experiments.py:run_experiment_from_to_file:752] XXX failed 947 PUBLICATION_DATA/PUBLICATION_DATA_with_SEQ_2020_11_19T17_29_17/data agent 19 with malfunction ExperimentMalfunction(time_step=334, agent_id=19, malfunction_duration=50). Found earliest=335 for Waypoint(position=(88, 22), direction=2)
[2020-11-19 21:57:04,905][ERROR][459004][experiments.py:run_experiment_from_to_file:752] XXX failed 947 PUBLICATION_DATA/PUBLICATION_DATA_with_SEQ_2020_11_19T17_29_17/data agent 19 with malfunction ExperimentMalfunction(time_step=334, agent_id=19, malfunction_duration=50). Found earliest=335 for Waypoint(position=(88, 22), direction=2)
[2020-11-19 22:03:34,084][ERROR][460581][experiments.py:run_experiment_from_to_file:752] XXX failed 956 PUBLICATION_DATA/PUBLICATION_DATA_with_SEQ_2020_11_19T17_29_17/data unsupported operand type(s) for +: 'float' and 'NoneType'
[2020-11-19 22:03:34,084][ERROR][460581][experiments.py:run_experiment_from_to_file:752] XXX failed 956 PUBLICATION_DATA/PUBLICATION_DATA_with_SEQ_2020_11_19T17_29_17/data unsupported operand type(s) for +: 'float' and 'NoneType'
[2020-11-19 22:07:00,562][ERROR][464917][experiments.py:run_experiment_from_to_file:752] XXX failed 979 PUBLICATION_DATA/PUBLICATION_DATA_with_SEQ_2020_11_19T17_29_17/data agent 51 with malfunction ExperimentMalfunction(time_step=1246, agent_id=51, malfunction_duration=50). Found earliest=1247 for Waypoint(position=(75, 26), direction=0)
[2020-11-19 22:07:00,562][ERROR][464917][experiments.py:run_experiment_from_to_file:752] XXX failed 979 PUBLICATION_DATA/PUBLICATION_DATA_with_SEQ_2020_11_19T17_29_17/data agent 51 with malfunction ExperimentMalfunction(time_step=1246, agent_id=51, malfunction_duration=50). Found earliest=1247 for Waypoint(position=(75, 26), direction=0)
[2020-11-19 22:07:14,428][ERROR][462635][experiments.py:run_experiment_from_to_file:752] XXX failed 970 PUBLICATION_DATA/PUBLICATION_DATA_with_SEQ_2020_11_19T17_29_17/data unsupported operand type(s) for +: 'float' and 'NoneType'
[2020-11-19 22:07:14,428][ERROR][462635][experiments.py:run_experiment_from_to_file:752] XXX failed 970 PUBLICATION_DATA/PUBLICATION_DATA_with_SEQ_2020_11_19T17_29_17/data unsupported operand type(s) for +: 'float' and 'NoneType'
[2020-11-19 22:11:10,123][ERROR][464930][experiments.py:run_experiment_from_to_file:752] XXX failed 980 PUBLICATION_DATA/PUBLICATION_DATA_with_SEQ_2020_11_19T17_29_17/data unsupported operand type(s) for +: 'NoneType' and 'float'
[2020-11-19 22:11:10,123][ERROR][464930][experiments.py:run_experiment_from_to_file:752] XXX failed 980 PUBLICATION_DATA/PUBLICATION_DATA_with_SEQ_2020_11_19T17_29_17/data unsupported operand type(s) for +: 'NoneType' and 'float'
[2020-11-19 22:12:17,592][ERROR][465415][experiments.py:run_experiment_from_to_file:752] XXX failed 985 PUBLICATION_DATA/PUBLICATION_DATA_with_SEQ_2020_11_19T17_29_17/data unsupported operand type(s) for +: 'float' and 'NoneType'
[2020-11-19 22:12:17,592][ERROR][465415][experiments.py:run_experiment_from_to_file:752] XXX failed 985 PUBLICATION_DATA/PUBLICATION_DATA_with_SEQ_2020_11_19T17_29_17/data unsupported operand type(s) for +: 'float' and 'NoneType'
[2020-11-19 22:14:24,034][ERROR][467225][experiments.py:run_experiment_from_to_file:752] XXX failed 993 PUBLICATION_DATA/PUBLICATION_DATA_with_SEQ_2020_11_19T17_29_17/data unsupported operand type(s) for +: 'NoneType' and 'float'
[2020-11-19 22:14:24,034][ERROR][467225][experiments.py:run_experiment_from_to_file:752] XXX failed 993 PUBLICATION_DATA/PUBLICATION_DATA_with_SEQ_2020_11_19T17_29_17/data unsupported operand type(s) for +: 'NoneType' and 'float'
[2020-11-19 22:15:59,972][ERROR][468308][experiments.py:run_experiment_from_to_file:752] XXX failed 998 PUBLICATION_DATA/PUBLICATION_DATA_with_SEQ_2020_11_19T17_29_17/data unsupported operand type(s) for +: 'NoneType' and 'NoneType'
[2020-11-19 22:15:59,972][ERROR][468308][experiments.py:run_experiment_from_to_file:752] XXX failed 998 PUBLICATION_DATA/PUBLICATION_DATA_with_SEQ_2020_11_19T17_29_17/data unsupported operand type(s) for +: 'NoneType' and 'NoneType'
[2020-11-19 22:16:46,131][ERROR][468516][experiments.py:run_experiment_from_to_file:752] XXX failed 1000 PUBLICATION_DATA/PUBLICATION_DATA_with_SEQ_2020_11_19T17_29_17/data unsupported operand type(s) for +: 'float' and 'NoneType'
[2020-11-19 22:16:46,131][ERROR][468516][experiments.py:run_experiment_from_to_file:752] XXX failed 1000 PUBLICATION_DATA/PUBLICATION_DATA_with_SEQ_2020_11_19T17_29_17/data unsupported operand type(s) for +: 'float' and 'NoneType'
[2020-11-19 22:22:17,128][ERROR][470852][experiments.py:run_experiment_from_to_file:752] XXX failed 1014 PUBLICATION_DATA/PUBLICATION_DATA_with_SEQ_2020_11_19T17_29_17/data unsupported operand type(s) for +: 'float' and 'NoneType'
[2020-11-19 22:22:17,128][ERROR][470852][experiments.py:run_experiment_from_to_file:752] XXX failed 1014 PUBLICATION_DATA/PUBLICATION_DATA_with_SEQ_2020_11_19T17_29_17/data unsupported operand type(s) for +: 'float' and 'NoneType'
[2020-11-19 22:22:30,746][ERROR][470649][experiments.py:run_experiment_from_to_file:752] XXX failed 1011 PUBLICATION_DATA/PUBLICATION_DATA_with_SEQ_2020_11_19T17_29_17/data unsupported operand type(s) for +: 'float' and 'NoneType'
[2020-11-19 22:22:30,746][ERROR][470649][experiments.py:run_experiment_from_to_file:752] XXX failed 1011 PUBLICATION_DATA/PUBLICATION_DATA_with_SEQ_2020_11_19T17_29_17/data unsupported operand type(s) for +: 'float' and 'NoneType'
[2020-11-19 22:25:23,601][ERROR][472334][experiments.py:run_experiment_from_to_file:752] XXX failed 1019 PUBLICATION_DATA/PUBLICATION_DATA_with_SEQ_2020_11_19T17_29_17/data unsupported operand type(s) for +: 'NoneType' and 'float'
[2020-11-19 22:25:23,601][ERROR][472334][experiments.py:run_experiment_from_to_file:752] XXX failed 1019 PUBLICATION_DATA/PUBLICATION_DATA_with_SEQ_2020_11_19T17_29_17/data unsupported operand type(s) for +: 'NoneType' and 'float'
[2020-11-19 22:25:44,788][ERROR][472697][experiments.py:run_experiment_from_to_file:752] XXX failed 1021 PUBLICATION_DATA/PUBLICATION_DATA_with_SEQ_2020_11_19T17_29_17/data unsupported operand type(s) for +: 'float' and 'NoneType'
[2020-11-19 22:25:44,788][ERROR][472697][experiments.py:run_experiment_from_to_file:752] XXX failed 1021 PUBLICATION_DATA/PUBLICATION_DATA_with_SEQ_2020_11_19T17_29_17/data unsupported operand type(s) for +: 'float' and 'NoneType'
[2020-11-19 22:28:51,481][ERROR][473321][experiments.py:run_experiment_from_to_file:752] XXX failed 1024 PUBLICATION_DATA/PUBLICATION_DATA_with_SEQ_2020_11_19T17_29_17/data unsupported operand type(s) for +: 'float' and 'NoneType'
[2020-11-19 22:28:51,481][ERROR][473321][experiments.py:run_experiment_from_to_file:752] XXX failed 1024 PUBLICATION_DATA/PUBLICATION_DATA_with_SEQ_2020_11_19T17_29_17/data unsupported operand type(s) for +: 'float' and 'NoneType'
[2020-11-19 22:38:22,432][ERROR][478507][experiments.py:run_experiment_from_to_file:752] XXX failed 1042 PUBLICATION_DATA/PUBLICATION_DATA_with_SEQ_2020_11_19T17_29_17/data unsupported operand type(s) for +: 'float' and 'NoneType'
[2020-11-19 22:38:22,432][ERROR][478507][experiments.py:run_experiment_from_to_file:752] XXX failed 1042 PUBLICATION_DATA/PUBLICATION_DATA_with_SEQ_2020_11_19T17_29_17/data unsupported operand type(s) for +: 'float' and 'NoneType'
[2020-11-19 22:46:59,104][ERROR][481583][experiments.py:run_experiment_from_to_file:752] XXX failed 1053 PUBLICATION_DATA/PUBLICATION_DATA_with_SEQ_2020_11_19T17_29_17/data unsupported operand type(s) for +: 'float' and 'NoneType'
[2020-11-19 22:46:59,104][ERROR][481583][experiments.py:run_experiment_from_to_file:752] XXX failed 1053 PUBLICATION_DATA/PUBLICATION_DATA_with_SEQ_2020_11_19T17_29_17/data unsupported operand type(s) for +: 'float' and 'NoneType'
[2020-11-19 22:48:23,592][ERROR][484437][experiments.py:run_experiment_from_to_file:752] XXX failed 1067 PUBLICATION_DATA/PUBLICATION_DATA_with_SEQ_2020_11_19T17_29_17/data agent 65 with malfunction ExperimentMalfunction(time_step=1292, agent_id=65, malfunction_duration=50). Found earliest=1293 for Waypoint(position=(19, 14), direction=3)
[2020-11-19 22:48:23,592][ERROR][484437][experiments.py:run_experiment_from_to_file:752] XXX failed 1067 PUBLICATION_DATA/PUBLICATION_DATA_with_SEQ_2020_11_19T17_29_17/data agent 65 with malfunction ExperimentMalfunction(time_step=1292, agent_id=65, malfunction_duration=50). Found earliest=1293 for Waypoint(position=(19, 14), direction=3)
[2020-11-19 23:03:23,721][ERROR][488722][experiments.py:run_experiment_from_to_file:752] XXX failed 1079 PUBLICATION_DATA/PUBLICATION_DATA_with_SEQ_2020_11_19T17_29_17/data unsupported operand type(s) for +: 'NoneType' and 'NoneType'
[2020-11-19 23:03:23,721][ERROR][488722][experiments.py:run_experiment_from_to_file:752] XXX failed 1079 PUBLICATION_DATA/PUBLICATION_DATA_with_SEQ_2020_11_19T17_29_17/data unsupported operand type(s) for +: 'NoneType' and 'NoneType'
[2020-11-19 23:04:54,692][ERROR][491957][experiments.py:run_experiment_from_to_file:752] XXX failed 1090 PUBLICATION_DATA/PUBLICATION_DATA_with_SEQ_2020_11_19T17_29_17/data agent 2 with malfunction ExperimentMalfunction(time_step=547, agent_id=2, malfunction_duration=50). Found earliest=548 for Waypoint(position=(80, 16), direction=3)
[2020-11-19 23:04:54,692][ERROR][491957][experiments.py:run_experiment_from_to_file:752] XXX failed 1090 PUBLICATION_DATA/PUBLICATION_DATA_with_SEQ_2020_11_19T17_29_17/data agent 2 with malfunction ExperimentMalfunction(time_step=547, agent_id=2, malfunction_duration=50). Found earliest=548 for Waypoint(position=(80, 16), direction=3)
[2020-11-19 23:06:21,943][ERROR][492670][experiments.py:run_experiment_from_to_file:752] XXX failed 1092 PUBLICATION_DATA/PUBLICATION_DATA_with_SEQ_2020_11_19T17_29_17/data agent 4 with malfunction ExperimentMalfunction(time_step=1181, agent_id=4, malfunction_duration=50). Found earliest=1182 for Waypoint(position=(76, 25), direction=1)
[2020-11-19 23:06:21,943][ERROR][492670][experiments.py:run_experiment_from_to_file:752] XXX failed 1092 PUBLICATION_DATA/PUBLICATION_DATA_with_SEQ_2020_11_19T17_29_17/data agent 4 with malfunction ExperimentMalfunction(time_step=1181, agent_id=4, malfunction_duration=50). Found earliest=1182 for Waypoint(position=(76, 25), direction=1)
[2020-11-19 23:08:21,536][ERROR][493726][experiments.py:run_experiment_from_to_file:752] XXX failed 1098 PUBLICATION_DATA/PUBLICATION_DATA_with_SEQ_2020_11_19T17_29_17/data agent 10 with malfunction ExperimentMalfunction(time_step=1174, agent_id=10, malfunction_duration=50). Found earliest=1175 for Waypoint(position=(76, 25), direction=1)
[2020-11-19 23:08:21,536][ERROR][493726][experiments.py:run_experiment_from_to_file:752] XXX failed 1098 PUBLICATION_DATA/PUBLICATION_DATA_with_SEQ_2020_11_19T17_29_17/data agent 10 with malfunction ExperimentMalfunction(time_step=1174, agent_id=10, malfunction_duration=50). Found earliest=1175 for Waypoint(position=(76, 25), direction=1)
[2020-11-19 23:09:22,000][ERROR][492952][experiments.py:run_experiment_from_to_file:752] XXX failed 1094 PUBLICATION_DATA/PUBLICATION_DATA_with_SEQ_2020_11_19T17_29_17/data unsupported operand type(s) for +: 'float' and 'NoneType'
[2020-11-19 23:09:22,000][ERROR][492952][experiments.py:run_experiment_from_to_file:752] XXX failed 1094 PUBLICATION_DATA/PUBLICATION_DATA_with_SEQ_2020_11_19T17_29_17/data unsupported operand type(s) for +: 'float' and 'NoneType'
[2020-11-19 23:14:33,565][ERROR][497428][experiments.py:run_experiment_from_to_file:752] XXX failed 1118 PUBLICATION_DATA/PUBLICATION_DATA_with_SEQ_2020_11_19T17_29_17/data agent 30 with malfunction ExperimentMalfunction(time_step=1167, agent_id=30, malfunction_duration=50). Found earliest=1168 for Waypoint(position=(76, 25), direction=1)
[2020-11-19 23:14:33,565][ERROR][497428][experiments.py:run_experiment_from_to_file:752] XXX failed 1118 PUBLICATION_DATA/PUBLICATION_DATA_with_SEQ_2020_11_19T17_29_17/data agent 30 with malfunction ExperimentMalfunction(time_step=1167, agent_id=30, malfunction_duration=50). Found earliest=1168 for Waypoint(position=(76, 25), direction=1)
[2020-11-19 23:15:13,348][ERROR][495981][experiments.py:run_experiment_from_to_file:752] XXX failed 1112 PUBLICATION_DATA/PUBLICATION_DATA_with_SEQ_2020_11_19T17_29_17/data unsupported operand type(s) for +: 'float' and 'NoneType'
[2020-11-19 23:15:13,348][ERROR][495981][experiments.py:run_experiment_from_to_file:752] XXX failed 1112 PUBLICATION_DATA/PUBLICATION_DATA_with_SEQ_2020_11_19T17_29_17/data unsupported operand type(s) for +: 'float' and 'NoneType'
[2020-11-19 23:19:19,189][ERROR][499253][experiments.py:run_experiment_from_to_file:752] XXX failed 1127 PUBLICATION_DATA/PUBLICATION_DATA_with_SEQ_2020_11_19T17_29_17/data unsupported operand type(s) for +: 'NoneType' and 'float'
[2020-11-19 23:19:19,189][ERROR][499253][experiments.py:run_experiment_from_to_file:752] XXX failed 1127 PUBLICATION_DATA/PUBLICATION_DATA_with_SEQ_2020_11_19T17_29_17/data unsupported operand type(s) for +: 'NoneType' and 'float'
[2020-11-19 23:19:39,416][ERROR][501772][experiments.py:run_experiment_from_to_file:752] XXX failed 1137 PUBLICATION_DATA/PUBLICATION_DATA_with_SEQ_2020_11_19T17_29_17/data agent 49 with malfunction ExperimentMalfunction(time_step=1181, agent_id=49, malfunction_duration=50). Found earliest=1182 for Waypoint(position=(76, 41), direction=1)
[2020-11-19 23:19:39,416][ERROR][501772][experiments.py:run_experiment_from_to_file:752] XXX failed 1137 PUBLICATION_DATA/PUBLICATION_DATA_with_SEQ_2020_11_19T17_29_17/data agent 49 with malfunction ExperimentMalfunction(time_step=1181, agent_id=49, malfunction_duration=50). Found earliest=1182 for Waypoint(position=(76, 41), direction=1)
[2020-11-19 23:20:07,386][ERROR][502142][experiments.py:run_experiment_from_to_file:752] XXX failed 1140 PUBLICATION_DATA/PUBLICATION_DATA_with_SEQ_2020_11_19T17_29_17/data agent 2 with malfunction ExperimentMalfunction(time_step=473, agent_id=2, malfunction_duration=50). Found earliest=474 for Waypoint(position=(80, 16), direction=3)
[2020-11-19 23:20:07,386][ERROR][502142][experiments.py:run_experiment_from_to_file:752] XXX failed 1140 PUBLICATION_DATA/PUBLICATION_DATA_with_SEQ_2020_11_19T17_29_17/data agent 2 with malfunction ExperimentMalfunction(time_step=473, agent_id=2, malfunction_duration=50). Found earliest=474 for Waypoint(position=(80, 16), direction=3)
[2020-11-19 23:20:15,068][ERROR][500138][experiments.py:run_experiment_from_to_file:752] XXX failed 1130 PUBLICATION_DATA/PUBLICATION_DATA_with_SEQ_2020_11_19T17_29_17/data unsupported operand type(s) for +: 'NoneType' and 'float'
[2020-11-19 23:20:15,068][ERROR][500138][experiments.py:run_experiment_from_to_file:752] XXX failed 1130 PUBLICATION_DATA/PUBLICATION_DATA_with_SEQ_2020_11_19T17_29_17/data unsupported operand type(s) for +: 'NoneType' and 'float'
[2020-11-19 23:20:34,823][ERROR][500341][experiments.py:run_experiment_from_to_file:752] XXX failed 1131 PUBLICATION_DATA/PUBLICATION_DATA_with_SEQ_2020_11_19T17_29_17/data unsupported operand type(s) for +: 'float' and 'NoneType'
[2020-11-19 23:20:34,823][ERROR][500341][experiments.py:run_experiment_from_to_file:752] XXX failed 1131 PUBLICATION_DATA/PUBLICATION_DATA_with_SEQ_2020_11_19T17_29_17/data unsupported operand type(s) for +: 'float' and 'NoneType'
[2020-11-19 23:23:36,216][ERROR][502320][experiments.py:run_experiment_from_to_file:752] XXX failed 1142 PUBLICATION_DATA/PUBLICATION_DATA_with_SEQ_2020_11_19T17_29_17/data unsupported operand type(s) for +: 'float' and 'NoneType'
[2020-11-19 23:23:36,216][ERROR][502320][experiments.py:run_experiment_from_to_file:752] XXX failed 1142 PUBLICATION_DATA/PUBLICATION_DATA_with_SEQ_2020_11_19T17_29_17/data unsupported operand type(s) for +: 'float' and 'NoneType'
[2020-11-19 23:25:04,104][ERROR][503341][experiments.py:run_experiment_from_to_file:752] XXX failed 1147 PUBLICATION_DATA/PUBLICATION_DATA_with_SEQ_2020_11_19T17_29_17/data unsupported operand type(s) for +: 'NoneType' and 'float'
[2020-11-19 23:25:04,104][ERROR][503341][experiments.py:run_experiment_from_to_file:752] XXX failed 1147 PUBLICATION_DATA/PUBLICATION_DATA_with_SEQ_2020_11_19T17_29_17/data unsupported operand type(s) for +: 'NoneType' and 'float'
[2020-11-19 23:25:08,822][ERROR][503571][experiments.py:run_experiment_from_to_file:752] XXX failed 1148 PUBLICATION_DATA/PUBLICATION_DATA_with_SEQ_2020_11_19T17_29_17/data unsupported operand type(s) for +: 'NoneType' and 'NoneType'
[2020-11-19 23:25:08,822][ERROR][503571][experiments.py:run_experiment_from_to_file:752] XXX failed 1148 PUBLICATION_DATA/PUBLICATION_DATA_with_SEQ_2020_11_19T17_29_17/data unsupported operand type(s) for +: 'NoneType' and 'NoneType'
[2020-11-19 23:26:29,091][ERROR][483054][experiments.py:run_experiment_from_to_file:752] XXX failed 1062 PUBLICATION_DATA/PUBLICATION_DATA_with_SEQ_2020_11_19T17_29_17/data 
[2020-11-19 23:26:29,091][ERROR][483054][experiments.py:run_experiment_from_to_file:752] XXX failed 1062 PUBLICATION_DATA/PUBLICATION_DATA_with_SEQ_2020_11_19T17_29_17/data 
[2020-11-19 23:27:18,635][ERROR][505493][experiments.py:run_experiment_from_to_file:752] XXX failed 1152 PUBLICATION_DATA/PUBLICATION_DATA_with_SEQ_2020_11_19T17_29_17/data unsupported operand type(s) for +: 'NoneType' and 'float'
[2020-11-19 23:27:18,635][ERROR][505493][experiments.py:run_experiment_from_to_file:752] XXX failed 1152 PUBLICATION_DATA/PUBLICATION_DATA_with_SEQ_2020_11_19T17_29_17/data unsupported operand type(s) for +: 'NoneType' and 'float'
[2020-11-19 23:28:25,486][ERROR][506320][experiments.py:run_experiment_from_to_file:752] XXX failed 1156 PUBLICATION_DATA/PUBLICATION_DATA_with_SEQ_2020_11_19T17_29_17/data unsupported operand type(s) for +: 'NoneType' and 'float'
[2020-11-19 23:28:25,486][ERROR][506320][experiments.py:run_experiment_from_to_file:752] XXX failed 1156 PUBLICATION_DATA/PUBLICATION_DATA_with_SEQ_2020_11_19T17_29_17/data unsupported operand type(s) for +: 'NoneType' and 'float'
[2020-11-19 23:31:00,743][ERROR][508371][experiments.py:run_experiment_from_to_file:752] XXX failed 1162 PUBLICATION_DATA/PUBLICATION_DATA_with_SEQ_2020_11_19T17_29_17/data unsupported operand type(s) for +: 'NoneType' and 'float'
[2020-11-19 23:31:00,743][ERROR][508371][experiments.py:run_experiment_from_to_file:752] XXX failed 1162 PUBLICATION_DATA/PUBLICATION_DATA_with_SEQ_2020_11_19T17_29_17/data unsupported operand type(s) for +: 'NoneType' and 'float'
[2020-11-19 23:36:28,494][ERROR][512810][experiments.py:run_experiment_from_to_file:752] XXX failed 1178 PUBLICATION_DATA/PUBLICATION_DATA_with_SEQ_2020_11_19T17_29_17/data unsupported operand type(s) for +: 'float' and 'NoneType'
[2020-11-19 23:36:28,494][ERROR][512810][experiments.py:run_experiment_from_to_file:752] XXX failed 1178 PUBLICATION_DATA/PUBLICATION_DATA_with_SEQ_2020_11_19T17_29_17/data unsupported operand type(s) for +: 'float' and 'NoneType'
[2020-11-19 23:39:10,085][ERROR][514707][experiments.py:run_experiment_from_to_file:752] XXX failed 1188 PUBLICATION_DATA/PUBLICATION_DATA_with_SEQ_2020_11_19T17_29_17/data unsupported operand type(s) for +: 'NoneType' and 'float'
[2020-11-19 23:39:10,085][ERROR][514707][experiments.py:run_experiment_from_to_file:752] XXX failed 1188 PUBLICATION_DATA/PUBLICATION_DATA_with_SEQ_2020_11_19T17_29_17/data unsupported operand type(s) for +: 'NoneType' and 'float'
[2020-11-19 23:40:32,800][ERROR][518429][experiments.py:run_experiment_from_to_file:752] XXX failed 1202 PUBLICATION_DATA/PUBLICATION_DATA_with_SEQ_2020_11_19T17_29_17/data agent 2 with malfunction ExperimentMalfunction(time_step=560, agent_id=2, malfunction_duration=50). Found earliest=561 for Waypoint(position=(80, 16), direction=3)
[2020-11-19 23:40:32,800][ERROR][518429][experiments.py:run_experiment_from_to_file:752] XXX failed 1202 PUBLICATION_DATA/PUBLICATION_DATA_with_SEQ_2020_11_19T17_29_17/data agent 2 with malfunction ExperimentMalfunction(time_step=560, agent_id=2, malfunction_duration=50). Found earliest=561 for Waypoint(position=(80, 16), direction=3)
[2020-11-19 23:40:33,242][ERROR][515919][experiments.py:run_experiment_from_to_file:752] XXX failed 1191 PUBLICATION_DATA/PUBLICATION_DATA_with_SEQ_2020_11_19T17_29_17/data unsupported operand type(s) for +: 'NoneType' and 'float'
[2020-11-19 23:40:33,242][ERROR][515919][experiments.py:run_experiment_from_to_file:752] XXX failed 1191 PUBLICATION_DATA/PUBLICATION_DATA_with_SEQ_2020_11_19T17_29_17/data unsupported operand type(s) for +: 'NoneType' and 'float'
[2020-11-19 23:40:41,980][ERROR][518472][experiments.py:run_experiment_from_to_file:752] XXX failed 1204 PUBLICATION_DATA/PUBLICATION_DATA_with_SEQ_2020_11_19T17_29_17/data agent 4 with malfunction ExperimentMalfunction(time_step=1256, agent_id=4, malfunction_duration=50). Found earliest=1257 for Waypoint(position=(76, 25), direction=1)
[2020-11-19 23:40:41,980][ERROR][518472][experiments.py:run_experiment_from_to_file:752] XXX failed 1204 PUBLICATION_DATA/PUBLICATION_DATA_with_SEQ_2020_11_19T17_29_17/data agent 4 with malfunction ExperimentMalfunction(time_step=1256, agent_id=4, malfunction_duration=50). Found earliest=1257 for Waypoint(position=(76, 25), direction=1)
[2020-11-19 23:40:47,215][ERROR][516254][experiments.py:run_experiment_from_to_file:752] XXX failed 1192 PUBLICATION_DATA/PUBLICATION_DATA_with_SEQ_2020_11_19T17_29_17/data unsupported operand type(s) for +: 'NoneType' and 'float'
[2020-11-19 23:40:47,215][ERROR][516254][experiments.py:run_experiment_from_to_file:752] XXX failed 1192 PUBLICATION_DATA/PUBLICATION_DATA_with_SEQ_2020_11_19T17_29_17/data unsupported operand type(s) for +: 'NoneType' and 'float'
[2020-11-19 23:41:20,880][ERROR][516667][experiments.py:run_experiment_from_to_file:752] XXX failed 1194 PUBLICATION_DATA/PUBLICATION_DATA_with_SEQ_2020_11_19T17_29_17/data unsupported operand type(s) for +: 'NoneType' and 'NoneType'
[2020-11-19 23:41:20,880][ERROR][516667][experiments.py:run_experiment_from_to_file:752] XXX failed 1194 PUBLICATION_DATA/PUBLICATION_DATA_with_SEQ_2020_11_19T17_29_17/data unsupported operand type(s) for +: 'NoneType' and 'NoneType'
[2020-11-19 23:41:40,527][ERROR][519011][experiments.py:run_experiment_from_to_file:752] XXX failed 1210 PUBLICATION_DATA/PUBLICATION_DATA_with_SEQ_2020_11_19T17_29_17/data agent 10 with malfunction ExperimentMalfunction(time_step=1249, agent_id=10, malfunction_duration=50). Found earliest=1250 for Waypoint(position=(76, 25), direction=1)
[2020-11-19 23:41:40,527][ERROR][519011][experiments.py:run_experiment_from_to_file:752] XXX failed 1210 PUBLICATION_DATA/PUBLICATION_DATA_with_SEQ_2020_11_19T17_29_17/data agent 10 with malfunction ExperimentMalfunction(time_step=1249, agent_id=10, malfunction_duration=50). Found earliest=1250 for Waypoint(position=(76, 25), direction=1)
[2020-11-19 23:42:56,666][ERROR][518042][experiments.py:run_experiment_from_to_file:752] XXX failed 1199 PUBLICATION_DATA/PUBLICATION_DATA_with_SEQ_2020_11_19T17_29_17/data unsupported operand type(s) for +: 'NoneType' and 'float'
[2020-11-19 23:42:56,666][ERROR][518042][experiments.py:run_experiment_from_to_file:752] XXX failed 1199 PUBLICATION_DATA/PUBLICATION_DATA_with_SEQ_2020_11_19T17_29_17/data unsupported operand type(s) for +: 'NoneType' and 'float'
[2020-11-19 23:45:21,691][ERROR][518476][experiments.py:run_experiment_from_to_file:752] XXX failed 1205 PUBLICATION_DATA/PUBLICATION_DATA_with_SEQ_2020_11_19T17_29_17/data unsupported operand type(s) for +: 'float' and 'NoneType'
[2020-11-19 23:45:21,691][ERROR][518476][experiments.py:run_experiment_from_to_file:752] XXX failed 1205 PUBLICATION_DATA/PUBLICATION_DATA_with_SEQ_2020_11_19T17_29_17/data unsupported operand type(s) for +: 'float' and 'NoneType'
[2020-11-19 23:45:33,295][ERROR][518875][experiments.py:run_experiment_from_to_file:752] XXX failed 1209 PUBLICATION_DATA/PUBLICATION_DATA_with_SEQ_2020_11_19T17_29_17/data unsupported operand type(s) for +: 'NoneType' and 'NoneType'
[2020-11-19 23:45:33,295][ERROR][518875][experiments.py:run_experiment_from_to_file:752] XXX failed 1209 PUBLICATION_DATA/PUBLICATION_DATA_with_SEQ_2020_11_19T17_29_17/data unsupported operand type(s) for +: 'NoneType' and 'NoneType'
[2020-11-19 23:46:29,606][ERROR][519325][experiments.py:run_experiment_from_to_file:752] XXX failed 1213 PUBLICATION_DATA/PUBLICATION_DATA_with_SEQ_2020_11_19T17_29_17/data unsupported operand type(s) for +: 'float' and 'NoneType'
[2020-11-19 23:46:29,606][ERROR][519325][experiments.py:run_experiment_from_to_file:752] XXX failed 1213 PUBLICATION_DATA/PUBLICATION_DATA_with_SEQ_2020_11_19T17_29_17/data unsupported operand type(s) for +: 'float' and 'NoneType'
[2020-11-19 23:49:04,816][ERROR][520433][experiments.py:run_experiment_from_to_file:752] XXX failed 1218 PUBLICATION_DATA/PUBLICATION_DATA_with_SEQ_2020_11_19T17_29_17/data unsupported operand type(s) for +: 'float' and 'NoneType'
[2020-11-19 23:49:04,816][ERROR][520433][experiments.py:run_experiment_from_to_file:752] XXX failed 1218 PUBLICATION_DATA/PUBLICATION_DATA_with_SEQ_2020_11_19T17_29_17/data unsupported operand type(s) for +: 'float' and 'NoneType'
[2020-11-19 23:49:14,249][ERROR][522547][experiments.py:run_experiment_from_to_file:752] XXX failed 1230 PUBLICATION_DATA/PUBLICATION_DATA_with_SEQ_2020_11_19T17_29_17/data agent 30 with malfunction ExperimentMalfunction(time_step=548, agent_id=30, malfunction_duration=50). Found earliest=549 for Waypoint(position=(76, 25), direction=1)
[2020-11-19 23:49:14,249][ERROR][522547][experiments.py:run_experiment_from_to_file:752] XXX failed 1230 PUBLICATION_DATA/PUBLICATION_DATA_with_SEQ_2020_11_19T17_29_17/data agent 30 with malfunction ExperimentMalfunction(time_step=548, agent_id=30, malfunction_duration=50). Found earliest=549 for Waypoint(position=(76, 25), direction=1)
[2020-11-19 23:49:50,988][ERROR][520766][experiments.py:run_experiment_from_to_file:752] XXX failed 1220 PUBLICATION_DATA/PUBLICATION_DATA_with_SEQ_2020_11_19T17_29_17/data unsupported operand type(s) for +: 'float' and 'NoneType'
[2020-11-19 23:49:50,988][ERROR][520766][experiments.py:run_experiment_from_to_file:752] XXX failed 1220 PUBLICATION_DATA/PUBLICATION_DATA_with_SEQ_2020_11_19T17_29_17/data unsupported operand type(s) for +: 'float' and 'NoneType'
[2020-11-19 23:50:22,303][ERROR][520962][experiments.py:run_experiment_from_to_file:752] XXX failed 1222 PUBLICATION_DATA/PUBLICATION_DATA_with_SEQ_2020_11_19T17_29_17/data unsupported operand type(s) for +: 'NoneType' and 'float'
[2020-11-19 23:50:22,303][ERROR][520962][experiments.py:run_experiment_from_to_file:752] XXX failed 1222 PUBLICATION_DATA/PUBLICATION_DATA_with_SEQ_2020_11_19T17_29_17/data unsupported operand type(s) for +: 'NoneType' and 'float'
[2020-11-19 23:57:42,520][ERROR][527604][experiments.py:run_experiment_from_to_file:752] XXX failed 1243 PUBLICATION_DATA/PUBLICATION_DATA_with_SEQ_2020_11_19T17_29_17/data agent 43 with malfunction ExperimentMalfunction(time_step=1313, agent_id=43, malfunction_duration=50). Found earliest=1314 for Waypoint(position=(76, 25), direction=1)
[2020-11-19 23:57:42,520][ERROR][527604][experiments.py:run_experiment_from_to_file:752] XXX failed 1243 PUBLICATION_DATA/PUBLICATION_DATA_with_SEQ_2020_11_19T17_29_17/data agent 43 with malfunction ExperimentMalfunction(time_step=1313, agent_id=43, malfunction_duration=50). Found earliest=1314 for Waypoint(position=(76, 25), direction=1)
[2020-11-20 00:01:03,745][ERROR][526845][experiments.py:run_experiment_from_to_file:752] XXX failed 1240 PUBLICATION_DATA/PUBLICATION_DATA_with_SEQ_2020_11_19T17_29_17/data unsupported operand type(s) for +: 'NoneType' and 'NoneType'
[2020-11-20 00:01:03,745][ERROR][526845][experiments.py:run_experiment_from_to_file:752] XXX failed 1240 PUBLICATION_DATA/PUBLICATION_DATA_with_SEQ_2020_11_19T17_29_17/data unsupported operand type(s) for +: 'NoneType' and 'NoneType'
[2020-11-20 00:08:10,459][ERROR][530669][experiments.py:run_experiment_from_to_file:752] XXX failed 1250 PUBLICATION_DATA/PUBLICATION_DATA_with_SEQ_2020_11_19T17_29_17/data unsupported operand type(s) for +: 'float' and 'NoneType'
[2020-11-20 00:08:10,459][ERROR][530669][experiments.py:run_experiment_from_to_file:752] XXX failed 1250 PUBLICATION_DATA/PUBLICATION_DATA_with_SEQ_2020_11_19T17_29_17/data unsupported operand type(s) for +: 'float' and 'NoneType'
[2020-11-20 00:14:48,348][ERROR][533953][experiments.py:run_experiment_from_to_file:752] XXX failed 1256 PUBLICATION_DATA/PUBLICATION_DATA_with_SEQ_2020_11_19T17_29_17/data unsupported operand type(s) for +: 'float' and 'NoneType'
[2020-11-20 00:14:48,348][ERROR][533953][experiments.py:run_experiment_from_to_file:752] XXX failed 1256 PUBLICATION_DATA/PUBLICATION_DATA_with_SEQ_2020_11_19T17_29_17/data unsupported operand type(s) for +: 'float' and 'NoneType'
[2020-11-20 00:37:14,933][ERROR][543060][experiments.py:run_experiment_from_to_file:752] XXX failed 1274 PUBLICATION_DATA/PUBLICATION_DATA_with_SEQ_2020_11_19T17_29_17/data unsupported operand type(s) for +: 'float' and 'NoneType'
[2020-11-20 00:37:14,933][ERROR][543060][experiments.py:run_experiment_from_to_file:752] XXX failed 1274 PUBLICATION_DATA/PUBLICATION_DATA_with_SEQ_2020_11_19T17_29_17/data unsupported operand type(s) for +: 'float' and 'NoneType'
[2020-11-20 00:48:00,070][ERROR][547763][experiments.py:run_experiment_from_to_file:752] XXX failed 1292 PUBLICATION_DATA/PUBLICATION_DATA_with_SEQ_2020_11_19T17_29_17/data agent 18 with malfunction ExperimentMalfunction(time_step=381, agent_id=18, malfunction_duration=50). Found earliest=382 for Waypoint(position=(63, 60), direction=1)
[2020-11-20 00:48:00,070][ERROR][547763][experiments.py:run_experiment_from_to_file:752] XXX failed 1292 PUBLICATION_DATA/PUBLICATION_DATA_with_SEQ_2020_11_19T17_29_17/data agent 18 with malfunction ExperimentMalfunction(time_step=381, agent_id=18, malfunction_duration=50). Found earliest=382 for Waypoint(position=(63, 60), direction=1)
[2020-11-20 01:14:03,204][ERROR][554708][experiments.py:run_experiment_from_to_file:752] XXX failed 1313 PUBLICATION_DATA/PUBLICATION_DATA_with_SEQ_2020_11_19T17_29_17/data unsupported operand type(s) for +: 'float' and 'NoneType'
[2020-11-20 01:14:03,204][ERROR][554708][experiments.py:run_experiment_from_to_file:752] XXX failed 1313 PUBLICATION_DATA/PUBLICATION_DATA_with_SEQ_2020_11_19T17_29_17/data unsupported operand type(s) for +: 'float' and 'NoneType'
[2020-11-20 01:23:32,785][ERROR][562667][experiments.py:run_experiment_from_to_file:752] XXX failed 1324 PUBLICATION_DATA/PUBLICATION_DATA_with_SEQ_2020_11_19T17_29_17/data agent 50 with malfunction ExperimentMalfunction(time_step=843, agent_id=50, malfunction_duration=50). Found earliest=844 for Waypoint(position=(19, 14), direction=3)
[2020-11-20 01:23:32,785][ERROR][562667][experiments.py:run_experiment_from_to_file:752] XXX failed 1324 PUBLICATION_DATA/PUBLICATION_DATA_with_SEQ_2020_11_19T17_29_17/data agent 50 with malfunction ExperimentMalfunction(time_step=843, agent_id=50, malfunction_duration=50). Found earliest=844 for Waypoint(position=(19, 14), direction=3)
[2020-11-20 02:13:44,531][ERROR][583247][experiments.py:run_experiment_from_to_file:752] XXX failed 1354 PUBLICATION_DATA/PUBLICATION_DATA_with_SEQ_2020_11_19T17_29_17/data unsupported operand type(s) for +: 'NoneType' and 'NoneType'
[2020-11-20 02:13:44,531][ERROR][583247][experiments.py:run_experiment_from_to_file:752] XXX failed 1354 PUBLICATION_DATA/PUBLICATION_DATA_with_SEQ_2020_11_19T17_29_17/data unsupported operand type(s) for +: 'NoneType' and 'NoneType'
[2020-11-20 02:16:54,207][ERROR][586289][experiments.py:run_experiment_from_to_file:752] XXX failed 1362 PUBLICATION_DATA/PUBLICATION_DATA_with_SEQ_2020_11_19T17_29_17/data agent 2 with malfunction ExperimentMalfunction(time_step=188, agent_id=2, malfunction_duration=50). Found earliest=189 for Waypoint(position=(80, 16), direction=3)
[2020-11-20 02:16:54,207][ERROR][586289][experiments.py:run_experiment_from_to_file:752] XXX failed 1362 PUBLICATION_DATA/PUBLICATION_DATA_with_SEQ_2020_11_19T17_29_17/data agent 2 with malfunction ExperimentMalfunction(time_step=188, agent_id=2, malfunction_duration=50). Found earliest=189 for Waypoint(position=(80, 16), direction=3)
[2020-11-20 02:18:01,523][ERROR][586927][experiments.py:run_experiment_from_to_file:752] XXX failed 1364 PUBLICATION_DATA/PUBLICATION_DATA_with_SEQ_2020_11_19T17_29_17/data agent 4 with malfunction ExperimentMalfunction(time_step=1336, agent_id=4, malfunction_duration=50). Found earliest=1337 for Waypoint(position=(76, 25), direction=1)
[2020-11-20 02:18:01,523][ERROR][586927][experiments.py:run_experiment_from_to_file:752] XXX failed 1364 PUBLICATION_DATA/PUBLICATION_DATA_with_SEQ_2020_11_19T17_29_17/data agent 4 with malfunction ExperimentMalfunction(time_step=1336, agent_id=4, malfunction_duration=50). Found earliest=1337 for Waypoint(position=(76, 25), direction=1)
[2020-11-20 02:22:07,384][ERROR][588902][experiments.py:run_experiment_from_to_file:752] XXX failed 1370 PUBLICATION_DATA/PUBLICATION_DATA_with_SEQ_2020_11_19T17_29_17/data agent 10 with malfunction ExperimentMalfunction(time_step=1329, agent_id=10, malfunction_duration=50). Found earliest=1330 for Waypoint(position=(76, 25), direction=1)
[2020-11-20 02:22:07,384][ERROR][588902][experiments.py:run_experiment_from_to_file:752] XXX failed 1370 PUBLICATION_DATA/PUBLICATION_DATA_with_SEQ_2020_11_19T17_29_17/data agent 10 with malfunction ExperimentMalfunction(time_step=1329, agent_id=10, malfunction_duration=50). Found earliest=1330 for Waypoint(position=(76, 25), direction=1)
[2020-11-20 02:25:15,208][ERROR][588949][experiments.py:run_experiment_from_to_file:752] XXX failed 1371 PUBLICATION_DATA/PUBLICATION_DATA_with_SEQ_2020_11_19T17_29_17/data unsupported operand type(s) for +: 'float' and 'NoneType'
[2020-11-20 02:25:15,208][ERROR][588949][experiments.py:run_experiment_from_to_file:752] XXX failed 1371 PUBLICATION_DATA/PUBLICATION_DATA_with_SEQ_2020_11_19T17_29_17/data unsupported operand type(s) for +: 'float' and 'NoneType'
[2020-11-20 02:28:43,761][ERROR][590709][experiments.py:run_experiment_from_to_file:752] XXX failed 1375 PUBLICATION_DATA/PUBLICATION_DATA_with_SEQ_2020_11_19T17_29_17/data unsupported operand type(s) for +: 'float' and 'NoneType'
[2020-11-20 02:28:43,761][ERROR][590709][experiments.py:run_experiment_from_to_file:752] XXX failed 1375 PUBLICATION_DATA/PUBLICATION_DATA_with_SEQ_2020_11_19T17_29_17/data unsupported operand type(s) for +: 'float' and 'NoneType'
[2020-11-20 02:34:37,420][ERROR][593547][experiments.py:run_experiment_from_to_file:752] XXX failed 1383 PUBLICATION_DATA/PUBLICATION_DATA_with_SEQ_2020_11_19T17_29_17/data unsupported operand type(s) for +: 'NoneType' and 'float'
[2020-11-20 02:34:37,420][ERROR][593547][experiments.py:run_experiment_from_to_file:752] XXX failed 1383 PUBLICATION_DATA/PUBLICATION_DATA_with_SEQ_2020_11_19T17_29_17/data unsupported operand type(s) for +: 'NoneType' and 'float'
[2020-11-20 02:35:32,361][ERROR][595599][experiments.py:run_experiment_from_to_file:752] XXX failed 1390 PUBLICATION_DATA/PUBLICATION_DATA_with_SEQ_2020_11_19T17_29_17/data agent 30 with malfunction ExperimentMalfunction(time_step=688, agent_id=30, malfunction_duration=50). Found earliest=689 for Waypoint(position=(76, 25), direction=1)
[2020-11-20 02:35:32,361][ERROR][595599][experiments.py:run_experiment_from_to_file:752] XXX failed 1390 PUBLICATION_DATA/PUBLICATION_DATA_with_SEQ_2020_11_19T17_29_17/data agent 30 with malfunction ExperimentMalfunction(time_step=688, agent_id=30, malfunction_duration=50). Found earliest=689 for Waypoint(position=(76, 25), direction=1)
[2020-11-20 02:41:59,336][ERROR][597960][experiments.py:run_experiment_from_to_file:752] XXX failed 1399 PUBLICATION_DATA/PUBLICATION_DATA_with_SEQ_2020_11_19T17_29_17/data Cannot take a larger sample than population when 'replace=False'
[2020-11-20 02:41:59,336][ERROR][597960][experiments.py:run_experiment_from_to_file:752] XXX failed 1399 PUBLICATION_DATA/PUBLICATION_DATA_with_SEQ_2020_11_19T17_29_17/data Cannot take a larger sample than population when 'replace=False'
[2020-11-20 02:42:50,666][ERROR][598420][experiments.py:run_experiment_from_to_file:752] XXX failed 1400 PUBLICATION_DATA/PUBLICATION_DATA_with_SEQ_2020_11_19T17_29_17/data Cannot take a larger sample than population when 'replace=False'
[2020-11-20 02:42:50,666][ERROR][598420][experiments.py:run_experiment_from_to_file:752] XXX failed 1400 PUBLICATION_DATA/PUBLICATION_DATA_with_SEQ_2020_11_19T17_29_17/data Cannot take a larger sample than population when 'replace=False'
[2020-11-20 02:44:47,738][ERROR][598973][experiments.py:run_experiment_from_to_file:752] XXX failed 1403 PUBLICATION_DATA/PUBLICATION_DATA_with_SEQ_2020_11_19T17_29_17/data unsupported operand type(s) for +: 'float' and 'NoneType'
[2020-11-20 02:44:47,738][ERROR][598973][experiments.py:run_experiment_from_to_file:752] XXX failed 1403 PUBLICATION_DATA/PUBLICATION_DATA_with_SEQ_2020_11_19T17_29_17/data unsupported operand type(s) for +: 'float' and 'NoneType'
[2020-11-20 02:44:52,108][ERROR][600312][experiments.py:run_experiment_from_to_file:752] XXX failed 1409 PUBLICATION_DATA/PUBLICATION_DATA_with_SEQ_2020_11_19T17_29_17/data agent 49 with malfunction ExperimentMalfunction(time_step=1302, agent_id=49, malfunction_duration=50). Found earliest=1303 for Waypoint(position=(76, 41), direction=1)
[2020-11-20 02:44:52,108][ERROR][600312][experiments.py:run_experiment_from_to_file:752] XXX failed 1409 PUBLICATION_DATA/PUBLICATION_DATA_with_SEQ_2020_11_19T17_29_17/data agent 49 with malfunction ExperimentMalfunction(time_step=1302, agent_id=49, malfunction_duration=50). Found earliest=1303 for Waypoint(position=(76, 41), direction=1)
[2020-11-20 02:45:52,309][ERROR][600703][experiments.py:run_experiment_from_to_file:752] XXX failed 1412 PUBLICATION_DATA/PUBLICATION_DATA_with_SEQ_2020_11_19T17_29_17/data agent 2 with malfunction ExperimentMalfunction(time_step=324, agent_id=2, malfunction_duration=50). Found earliest=325 for Waypoint(position=(80, 16), direction=3)
[2020-11-20 02:45:52,309][ERROR][600703][experiments.py:run_experiment_from_to_file:752] XXX failed 1412 PUBLICATION_DATA/PUBLICATION_DATA_with_SEQ_2020_11_19T17_29_17/data agent 2 with malfunction ExperimentMalfunction(time_step=324, agent_id=2, malfunction_duration=50). Found earliest=325 for Waypoint(position=(80, 16), direction=3)
[2020-11-20 02:49:49,485][ERROR][600822][experiments.py:run_experiment_from_to_file:752] XXX failed 1414 PUBLICATION_DATA/PUBLICATION_DATA_with_SEQ_2020_11_19T17_29_17/data unsupported operand type(s) for +: 'float' and 'NoneType'
[2020-11-20 02:49:49,485][ERROR][600822][experiments.py:run_experiment_from_to_file:752] XXX failed 1414 PUBLICATION_DATA/PUBLICATION_DATA_with_SEQ_2020_11_19T17_29_17/data unsupported operand type(s) for +: 'float' and 'NoneType'
[2020-11-20 02:53:49,967][ERROR][602603][experiments.py:run_experiment_from_to_file:752] XXX failed 1419 PUBLICATION_DATA/PUBLICATION_DATA_with_SEQ_2020_11_19T17_29_17/data unsupported operand type(s) for +: 'NoneType' and 'float'
[2020-11-20 02:53:49,967][ERROR][602603][experiments.py:run_experiment_from_to_file:752] XXX failed 1419 PUBLICATION_DATA/PUBLICATION_DATA_with_SEQ_2020_11_19T17_29_17/data unsupported operand type(s) for +: 'NoneType' and 'float'
[2020-11-20 02:57:30,639][ERROR][603409][experiments.py:run_experiment_from_to_file:752] XXX failed 1422 PUBLICATION_DATA/PUBLICATION_DATA_with_SEQ_2020_11_19T17_29_17/data unsupported operand type(s) for +: 'float' and 'NoneType'
[2020-11-20 02:57:30,639][ERROR][603409][experiments.py:run_experiment_from_to_file:752] XXX failed 1422 PUBLICATION_DATA/PUBLICATION_DATA_with_SEQ_2020_11_19T17_29_17/data unsupported operand type(s) for +: 'float' and 'NoneType'
[2020-11-20 03:02:21,528][ERROR][605296][experiments.py:run_experiment_from_to_file:752] XXX failed 1428 PUBLICATION_DATA/PUBLICATION_DATA_with_SEQ_2020_11_19T17_29_17/data unsupported operand type(s) for +: 'float' and 'NoneType'
[2020-11-20 03:02:21,528][ERROR][605296][experiments.py:run_experiment_from_to_file:752] XXX failed 1428 PUBLICATION_DATA/PUBLICATION_DATA_with_SEQ_2020_11_19T17_29_17/data unsupported operand type(s) for +: 'float' and 'NoneType'
[2020-11-20 03:06:47,976][ERROR][607213][experiments.py:run_experiment_from_to_file:752] XXX failed 1433 PUBLICATION_DATA/PUBLICATION_DATA_with_SEQ_2020_11_19T17_29_17/data unsupported operand type(s) for +: 'NoneType' and 'float'
[2020-11-20 03:06:47,976][ERROR][607213][experiments.py:run_experiment_from_to_file:752] XXX failed 1433 PUBLICATION_DATA/PUBLICATION_DATA_with_SEQ_2020_11_19T17_29_17/data unsupported operand type(s) for +: 'NoneType' and 'float'
[2020-11-20 03:07:56,166][ERROR][607831][experiments.py:run_experiment_from_to_file:752] XXX failed 1434 PUBLICATION_DATA/PUBLICATION_DATA_with_SEQ_2020_11_19T17_29_17/data unsupported operand type(s) for +: 'float' and 'NoneType'
[2020-11-20 03:07:56,166][ERROR][607831][experiments.py:run_experiment_from_to_file:752] XXX failed 1434 PUBLICATION_DATA/PUBLICATION_DATA_with_SEQ_2020_11_19T17_29_17/data unsupported operand type(s) for +: 'float' and 'NoneType'
[2020-11-20 03:12:24,967][ERROR][575436][experiments.py:run_experiment_from_to_file:752] XXX failed 1341 PUBLICATION_DATA/PUBLICATION_DATA_with_SEQ_2020_11_19T17_29_17/data 
[2020-11-20 03:12:24,967][ERROR][575436][experiments.py:run_experiment_from_to_file:752] XXX failed 1341 PUBLICATION_DATA/PUBLICATION_DATA_with_SEQ_2020_11_19T17_29_17/data 
[2020-11-20 03:18:53,580][ERROR][613274][experiments.py:run_experiment_from_to_file:752] XXX failed 1446 PUBLICATION_DATA/PUBLICATION_DATA_with_SEQ_2020_11_19T17_29_17/data unsupported operand type(s) for +: 'NoneType' and 'float'
[2020-11-20 03:18:53,580][ERROR][613274][experiments.py:run_experiment_from_to_file:752] XXX failed 1446 PUBLICATION_DATA/PUBLICATION_DATA_with_SEQ_2020_11_19T17_29_17/data unsupported operand type(s) for +: 'NoneType' and 'float'
[2020-11-20 03:22:10,534][ERROR][576232][experiments.py:run_experiment_from_to_file:752] XXX failed 1342 PUBLICATION_DATA/PUBLICATION_DATA_with_SEQ_2020_11_19T17_29_17/data 
[2020-11-20 03:22:10,534][ERROR][576232][experiments.py:run_experiment_from_to_file:752] XXX failed 1342 PUBLICATION_DATA/PUBLICATION_DATA_with_SEQ_2020_11_19T17_29_17/data 
[2020-11-20 03:23:17,003][ERROR][615641][experiments.py:run_experiment_from_to_file:752] XXX failed 1450 PUBLICATION_DATA/PUBLICATION_DATA_with_SEQ_2020_11_19T17_29_17/data unsupported operand type(s) for +: 'float' and 'NoneType'
[2020-11-20 03:23:17,003][ERROR][615641][experiments.py:run_experiment_from_to_file:752] XXX failed 1450 PUBLICATION_DATA/PUBLICATION_DATA_with_SEQ_2020_11_19T17_29_17/data unsupported operand type(s) for +: 'float' and 'NoneType'
[2020-11-20 03:25:22,438][ERROR][616971][experiments.py:run_experiment_from_to_file:752] XXX failed 1453 PUBLICATION_DATA/PUBLICATION_DATA_with_SEQ_2020_11_19T17_29_17/data unsupported operand type(s) for +: 'float' and 'NoneType'
[2020-11-20 03:25:22,438][ERROR][616971][experiments.py:run_experiment_from_to_file:752] XXX failed 1453 PUBLICATION_DATA/PUBLICATION_DATA_with_SEQ_2020_11_19T17_29_17/data unsupported operand type(s) for +: 'float' and 'NoneType'
[2020-11-20 03:29:25,873][ERROR][619309][experiments.py:run_experiment_from_to_file:752] XXX failed 1460 PUBLICATION_DATA/PUBLICATION_DATA_with_SEQ_2020_11_19T17_29_17/data unsupported operand type(s) for +: 'float' and 'NoneType'
[2020-11-20 03:29:25,873][ERROR][619309][experiments.py:run_experiment_from_to_file:752] XXX failed 1460 PUBLICATION_DATA/PUBLICATION_DATA_with_SEQ_2020_11_19T17_29_17/data unsupported operand type(s) for +: 'float' and 'NoneType'
[2020-11-20 03:34:45,756][ERROR][622065][experiments.py:run_experiment_from_to_file:752] XXX failed 1466 PUBLICATION_DATA/PUBLICATION_DATA_with_SEQ_2020_11_19T17_29_17/data unsupported operand type(s) for +: 'NoneType' and 'NoneType'
[2020-11-20 03:34:45,756][ERROR][622065][experiments.py:run_experiment_from_to_file:752] XXX failed 1466 PUBLICATION_DATA/PUBLICATION_DATA_with_SEQ_2020_11_19T17_29_17/data unsupported operand type(s) for +: 'NoneType' and 'NoneType'
[2020-11-20 03:35:51,154][ERROR][622553][experiments.py:run_experiment_from_to_file:752] XXX failed 1468 PUBLICATION_DATA/PUBLICATION_DATA_with_SEQ_2020_11_19T17_29_17/data unsupported operand type(s) for +: 'float' and 'NoneType'
[2020-11-20 03:35:51,154][ERROR][622553][experiments.py:run_experiment_from_to_file:752] XXX failed 1468 PUBLICATION_DATA/PUBLICATION_DATA_with_SEQ_2020_11_19T17_29_17/data unsupported operand type(s) for +: 'float' and 'NoneType'
[2020-11-20 03:36:01,265][ERROR][624388][experiments.py:run_experiment_from_to_file:752] XXX failed 1474 PUBLICATION_DATA/PUBLICATION_DATA_with_SEQ_2020_11_19T17_29_17/data agent 2 with malfunction ExperimentMalfunction(time_step=865, agent_id=2, malfunction_duration=50). Found earliest=866 for Waypoint(position=(80, 16), direction=3)
[2020-11-20 03:36:01,265][ERROR][624388][experiments.py:run_experiment_from_to_file:752] XXX failed 1474 PUBLICATION_DATA/PUBLICATION_DATA_with_SEQ_2020_11_19T17_29_17/data agent 2 with malfunction ExperimentMalfunction(time_step=865, agent_id=2, malfunction_duration=50). Found earliest=866 for Waypoint(position=(80, 16), direction=3)
[2020-11-20 03:37:31,279][ERROR][623249][experiments.py:run_experiment_from_to_file:752] XXX failed 1471 PUBLICATION_DATA/PUBLICATION_DATA_with_SEQ_2020_11_19T17_29_17/data unsupported operand type(s) for +: 'float' and 'NoneType'
[2020-11-20 03:37:31,279][ERROR][623249][experiments.py:run_experiment_from_to_file:752] XXX failed 1471 PUBLICATION_DATA/PUBLICATION_DATA_with_SEQ_2020_11_19T17_29_17/data unsupported operand type(s) for +: 'float' and 'NoneType'
[2020-11-20 03:37:40,733][ERROR][625051][experiments.py:run_experiment_from_to_file:752] XXX failed 1476 PUBLICATION_DATA/PUBLICATION_DATA_with_SEQ_2020_11_19T17_29_17/data agent 4 with malfunction ExperimentMalfunction(time_step=1355, agent_id=4, malfunction_duration=50). Found earliest=1356 for Waypoint(position=(76, 25), direction=1)
[2020-11-20 03:37:40,733][ERROR][625051][experiments.py:run_experiment_from_to_file:752] XXX failed 1476 PUBLICATION_DATA/PUBLICATION_DATA_with_SEQ_2020_11_19T17_29_17/data agent 4 with malfunction ExperimentMalfunction(time_step=1355, agent_id=4, malfunction_duration=50). Found earliest=1356 for Waypoint(position=(76, 25), direction=1)
[2020-11-20 03:41:09,458][ERROR][626512][experiments.py:run_experiment_from_to_file:752] XXX failed 1482 PUBLICATION_DATA/PUBLICATION_DATA_with_SEQ_2020_11_19T17_29_17/data agent 10 with malfunction ExperimentMalfunction(time_step=1348, agent_id=10, malfunction_duration=50). Found earliest=1349 for Waypoint(position=(76, 25), direction=1)
[2020-11-20 03:41:09,458][ERROR][626512][experiments.py:run_experiment_from_to_file:752] XXX failed 1482 PUBLICATION_DATA/PUBLICATION_DATA_with_SEQ_2020_11_19T17_29_17/data agent 10 with malfunction ExperimentMalfunction(time_step=1348, agent_id=10, malfunction_duration=50). Found earliest=1349 for Waypoint(position=(76, 25), direction=1)
[2020-11-20 03:55:21,133][ERROR][630465][experiments.py:run_experiment_from_to_file:752] XXX failed 1490 PUBLICATION_DATA/PUBLICATION_DATA_with_SEQ_2020_11_19T17_29_17/data unsupported operand type(s) for +: 'float' and 'NoneType'
[2020-11-20 03:55:21,133][ERROR][630465][experiments.py:run_experiment_from_to_file:752] XXX failed 1490 PUBLICATION_DATA/PUBLICATION_DATA_with_SEQ_2020_11_19T17_29_17/data unsupported operand type(s) for +: 'float' and 'NoneType'
[2020-11-20 04:04:59,449][ERROR][638201][experiments.py:run_experiment_from_to_file:752] XXX failed 1502 PUBLICATION_DATA/PUBLICATION_DATA_with_SEQ_2020_11_19T17_29_17/data agent 30 with malfunction ExperimentMalfunction(time_step=1297, agent_id=30, malfunction_duration=50). Found earliest=1298 for Waypoint(position=(76, 25), direction=1)
[2020-11-20 04:04:59,449][ERROR][638201][experiments.py:run_experiment_from_to_file:752] XXX failed 1502 PUBLICATION_DATA/PUBLICATION_DATA_with_SEQ_2020_11_19T17_29_17/data agent 30 with malfunction ExperimentMalfunction(time_step=1297, agent_id=30, malfunction_duration=50). Found earliest=1298 for Waypoint(position=(76, 25), direction=1)
[2020-11-20 04:20:39,865][ERROR][648301][experiments.py:run_experiment_from_to_file:752] XXX failed 1515 PUBLICATION_DATA/PUBLICATION_DATA_with_SEQ_2020_11_19T17_29_17/data agent 43 with malfunction ExperimentMalfunction(time_step=1119, agent_id=43, malfunction_duration=50). Found earliest=1120 for Waypoint(position=(76, 25), direction=1)
[2020-11-20 04:20:39,865][ERROR][648301][experiments.py:run_experiment_from_to_file:752] XXX failed 1515 PUBLICATION_DATA/PUBLICATION_DATA_with_SEQ_2020_11_19T17_29_17/data agent 43 with malfunction ExperimentMalfunction(time_step=1119, agent_id=43, malfunction_duration=50). Found earliest=1120 for Waypoint(position=(76, 25), direction=1)
[2020-11-20 04:50:25,292][ERROR][660902][experiments.py:run_experiment_from_to_file:752] XXX failed 1548 PUBLICATION_DATA/PUBLICATION_DATA_with_SEQ_2020_11_19T17_29_17/data unsupported operand type(s) for +: 'float' and 'NoneType'
[2020-11-20 04:50:25,292][ERROR][660902][experiments.py:run_experiment_from_to_file:752] XXX failed 1548 PUBLICATION_DATA/PUBLICATION_DATA_with_SEQ_2020_11_19T17_29_17/data unsupported operand type(s) for +: 'float' and 'NoneType'
[2020-11-20 04:53:20,433][ERROR][661779][experiments.py:run_experiment_from_to_file:752] XXX failed 1552 PUBLICATION_DATA/PUBLICATION_DATA_with_SEQ_2020_11_19T17_29_17/data unsupported operand type(s) for +: 'float' and 'NoneType'
[2020-11-20 04:53:20,433][ERROR][661779][experiments.py:run_experiment_from_to_file:752] XXX failed 1552 PUBLICATION_DATA/PUBLICATION_DATA_with_SEQ_2020_11_19T17_29_17/data unsupported operand type(s) for +: 'float' and 'NoneType'
[2020-11-20 04:57:31,790][ERROR][663413][experiments.py:run_experiment_from_to_file:752] XXX failed 1555 PUBLICATION_DATA/PUBLICATION_DATA_with_SEQ_2020_11_19T17_29_17/data unsupported operand type(s) for +: 'float' and 'NoneType'
[2020-11-20 04:57:31,790][ERROR][663413][experiments.py:run_experiment_from_to_file:752] XXX failed 1555 PUBLICATION_DATA/PUBLICATION_DATA_with_SEQ_2020_11_19T17_29_17/data unsupported operand type(s) for +: 'float' and 'NoneType'
[2020-11-20 04:58:24,892][ERROR][666073][experiments.py:run_experiment_from_to_file:752] XXX failed 1564 PUBLICATION_DATA/PUBLICATION_DATA_with_SEQ_2020_11_19T17_29_17/data agent 18 with malfunction ExperimentMalfunction(time_step=140, agent_id=18, malfunction_duration=50). Found earliest=141 for Waypoint(position=(63, 60), direction=1)
[2020-11-20 04:58:24,892][ERROR][666073][experiments.py:run_experiment_from_to_file:752] XXX failed 1564 PUBLICATION_DATA/PUBLICATION_DATA_with_SEQ_2020_11_19T17_29_17/data agent 18 with malfunction ExperimentMalfunction(time_step=140, agent_id=18, malfunction_duration=50). Found earliest=141 for Waypoint(position=(63, 60), direction=1)
[2020-11-20 05:08:00,182][ERROR][666977][experiments.py:run_experiment_from_to_file:752] XXX failed 1566 PUBLICATION_DATA/PUBLICATION_DATA_with_SEQ_2020_11_19T17_29_17/data unsupported operand type(s) for +: 'NoneType' and 'NoneType'
[2020-11-20 05:08:00,182][ERROR][666977][experiments.py:run_experiment_from_to_file:752] XXX failed 1566 PUBLICATION_DATA/PUBLICATION_DATA_with_SEQ_2020_11_19T17_29_17/data unsupported operand type(s) for +: 'NoneType' and 'NoneType'
[2020-11-20 05:31:56,571][ERROR][679116][experiments.py:run_experiment_from_to_file:752] XXX failed 1596 PUBLICATION_DATA/PUBLICATION_DATA_with_SEQ_2020_11_19T17_29_17/data agent 50 with malfunction ExperimentMalfunction(time_step=639, agent_id=50, malfunction_duration=50). Found earliest=640 for Waypoint(position=(19, 14), direction=3)
[2020-11-20 05:31:56,571][ERROR][679116][experiments.py:run_experiment_from_to_file:752] XXX failed 1596 PUBLICATION_DATA/PUBLICATION_DATA_with_SEQ_2020_11_19T17_29_17/data agent 50 with malfunction ExperimentMalfunction(time_step=639, agent_id=50, malfunction_duration=50). Found earliest=640 for Waypoint(position=(19, 14), direction=3)
[2020-11-20 05:46:37,470][ERROR][682516][experiments.py:run_experiment_from_to_file:752] XXX failed 1604 PUBLICATION_DATA/PUBLICATION_DATA_with_SEQ_2020_11_19T17_29_17/data unsupported operand type(s) for +: 'float' and 'NoneType'
[2020-11-20 05:46:37,470][ERROR][682516][experiments.py:run_experiment_from_to_file:752] XXX failed 1604 PUBLICATION_DATA/PUBLICATION_DATA_with_SEQ_2020_11_19T17_29_17/data unsupported operand type(s) for +: 'float' and 'NoneType'
[2020-11-20 06:05:21,338][ERROR][532348][experiments.py:run_experiment_from_to_file:752] XXX failed 1251 PUBLICATION_DATA/PUBLICATION_DATA_with_SEQ_2020_11_19T17_29_17/data 
[2020-11-20 06:05:21,338][ERROR][532348][experiments.py:run_experiment_from_to_file:752] XXX failed 1251 PUBLICATION_DATA/PUBLICATION_DATA_with_SEQ_2020_11_19T17_29_17/data 
[2020-11-20 06:31:38,594][ERROR][697950][experiments.py:run_experiment_from_to_file:752] XXX failed 1634 PUBLICATION_DATA/PUBLICATION_DATA_with_SEQ_2020_11_19T17_29_17/data agent 2 with malfunction ExperimentMalfunction(time_step=45, agent_id=2, malfunction_duration=50). Found earliest=46 for Waypoint(position=(80, 16), direction=3)
[2020-11-20 06:31:38,594][ERROR][697950][experiments.py:run_experiment_from_to_file:752] XXX failed 1634 PUBLICATION_DATA/PUBLICATION_DATA_with_SEQ_2020_11_19T17_29_17/data agent 2 with malfunction ExperimentMalfunction(time_step=45, agent_id=2, malfunction_duration=50). Found earliest=46 for Waypoint(position=(80, 16), direction=3)
[2020-11-20 06:33:12,433][ERROR][698417][experiments.py:run_experiment_from_to_file:752] XXX failed 1636 PUBLICATION_DATA/PUBLICATION_DATA_with_SEQ_2020_11_19T17_29_17/data agent 4 with malfunction ExperimentMalfunction(time_step=1533, agent_id=4, malfunction_duration=50). Found earliest=1534 for Waypoint(position=(76, 25), direction=1)
[2020-11-20 06:33:12,433][ERROR][698417][experiments.py:run_experiment_from_to_file:752] XXX failed 1636 PUBLICATION_DATA/PUBLICATION_DATA_with_SEQ_2020_11_19T17_29_17/data agent 4 with malfunction ExperimentMalfunction(time_step=1533, agent_id=4, malfunction_duration=50). Found earliest=1534 for Waypoint(position=(76, 25), direction=1)
[2020-11-20 06:37:27,195][ERROR][699681][experiments.py:run_experiment_from_to_file:752] XXX failed 1642 PUBLICATION_DATA/PUBLICATION_DATA_with_SEQ_2020_11_19T17_29_17/data agent 10 with malfunction ExperimentMalfunction(time_step=1505, agent_id=10, malfunction_duration=50). Found earliest=1506 for Waypoint(position=(76, 25), direction=1)
[2020-11-20 06:37:27,195][ERROR][699681][experiments.py:run_experiment_from_to_file:752] XXX failed 1642 PUBLICATION_DATA/PUBLICATION_DATA_with_SEQ_2020_11_19T17_29_17/data agent 10 with malfunction ExperimentMalfunction(time_step=1505, agent_id=10, malfunction_duration=50). Found earliest=1506 for Waypoint(position=(76, 25), direction=1)
[2020-11-20 06:51:24,351][ERROR][704878][experiments.py:run_experiment_from_to_file:752] XXX failed 1655 PUBLICATION_DATA/PUBLICATION_DATA_with_SEQ_2020_11_19T17_29_17/data unsupported operand type(s) for +: 'NoneType' and 'NoneType'
[2020-11-20 06:51:24,351][ERROR][704878][experiments.py:run_experiment_from_to_file:752] XXX failed 1655 PUBLICATION_DATA/PUBLICATION_DATA_with_SEQ_2020_11_19T17_29_17/data unsupported operand type(s) for +: 'NoneType' and 'NoneType'
[2020-11-20 06:57:11,032][ERROR][710022][experiments.py:run_experiment_from_to_file:752] XXX failed 1662 PUBLICATION_DATA/PUBLICATION_DATA_with_SEQ_2020_11_19T17_29_17/data agent 30 with malfunction ExperimentMalfunction(time_step=1507, agent_id=30, malfunction_duration=50). Found earliest=1508 for Waypoint(position=(76, 25), direction=1)
[2020-11-20 06:57:11,032][ERROR][710022][experiments.py:run_experiment_from_to_file:752] XXX failed 1662 PUBLICATION_DATA/PUBLICATION_DATA_with_SEQ_2020_11_19T17_29_17/data agent 30 with malfunction ExperimentMalfunction(time_step=1507, agent_id=30, malfunction_duration=50). Found earliest=1508 for Waypoint(position=(76, 25), direction=1)
[2020-11-20 07:00:10,825][ERROR][710046][experiments.py:run_experiment_from_to_file:752] XXX failed 1663 PUBLICATION_DATA/PUBLICATION_DATA_with_SEQ_2020_11_19T17_29_17/data unsupported operand type(s) for +: 'float' and 'NoneType'
[2020-11-20 07:00:10,825][ERROR][710046][experiments.py:run_experiment_from_to_file:752] XXX failed 1663 PUBLICATION_DATA/PUBLICATION_DATA_with_SEQ_2020_11_19T17_29_17/data unsupported operand type(s) for +: 'float' and 'NoneType'
[2020-11-20 07:06:28,162][ERROR][713501][experiments.py:run_experiment_from_to_file:752] XXX failed 1670 PUBLICATION_DATA/PUBLICATION_DATA_with_SEQ_2020_11_19T17_29_17/data unsupported operand type(s) for +: 'NoneType' and 'NoneType'
[2020-11-20 07:06:28,162][ERROR][713501][experiments.py:run_experiment_from_to_file:752] XXX failed 1670 PUBLICATION_DATA/PUBLICATION_DATA_with_SEQ_2020_11_19T17_29_17/data unsupported operand type(s) for +: 'NoneType' and 'NoneType'
[2020-11-20 07:08:34,037][ERROR][714336][experiments.py:run_experiment_from_to_file:752] XXX failed 1671 PUBLICATION_DATA/PUBLICATION_DATA_with_SEQ_2020_11_19T17_29_17/data unsupported operand type(s) for +: 'float' and 'NoneType'
[2020-11-20 07:08:34,037][ERROR][714336][experiments.py:run_experiment_from_to_file:752] XXX failed 1671 PUBLICATION_DATA/PUBLICATION_DATA_with_SEQ_2020_11_19T17_29_17/data unsupported operand type(s) for +: 'float' and 'NoneType'
[2020-11-20 07:08:52,441][ERROR][714963][experiments.py:run_experiment_from_to_file:752] XXX failed 1673 PUBLICATION_DATA/PUBLICATION_DATA_with_SEQ_2020_11_19T17_29_17/data Cannot take a larger sample than population when 'replace=False'
[2020-11-20 07:08:52,441][ERROR][714963][experiments.py:run_experiment_from_to_file:752] XXX failed 1673 PUBLICATION_DATA/PUBLICATION_DATA_with_SEQ_2020_11_19T17_29_17/data Cannot take a larger sample than population when 'replace=False'
[2020-11-20 07:13:16,680][ERROR][717975][experiments.py:run_experiment_from_to_file:752] XXX failed 1681 PUBLICATION_DATA/PUBLICATION_DATA_with_SEQ_2020_11_19T17_29_17/data agent 49 with malfunction ExperimentMalfunction(time_step=1502, agent_id=49, malfunction_duration=50). Found earliest=1503 for Waypoint(position=(76, 41), direction=1)
[2020-11-20 07:13:16,680][ERROR][717975][experiments.py:run_experiment_from_to_file:752] XXX failed 1681 PUBLICATION_DATA/PUBLICATION_DATA_with_SEQ_2020_11_19T17_29_17/data agent 49 with malfunction ExperimentMalfunction(time_step=1502, agent_id=49, malfunction_duration=50). Found earliest=1503 for Waypoint(position=(76, 41), direction=1)
[2020-11-20 07:16:16,267][ERROR][719003][experiments.py:run_experiment_from_to_file:752] XXX failed 1684 PUBLICATION_DATA/PUBLICATION_DATA_with_SEQ_2020_11_19T17_29_17/data agent 2 with malfunction ExperimentMalfunction(time_step=461, agent_id=2, malfunction_duration=50). Found earliest=462 for Waypoint(position=(80, 16), direction=3)
[2020-11-20 07:16:16,267][ERROR][719003][experiments.py:run_experiment_from_to_file:752] XXX failed 1684 PUBLICATION_DATA/PUBLICATION_DATA_with_SEQ_2020_11_19T17_29_17/data agent 2 with malfunction ExperimentMalfunction(time_step=461, agent_id=2, malfunction_duration=50). Found earliest=462 for Waypoint(position=(80, 16), direction=3)
[2020-11-20 07:18:30,160][ERROR][519791][experiments.py:run_experiment_from_to_file:752] XXX failed 1215 PUBLICATION_DATA/PUBLICATION_DATA_with_SEQ_2020_11_19T17_29_17/data 
[2020-11-20 07:18:30,160][ERROR][519791][experiments.py:run_experiment_from_to_file:752] XXX failed 1215 PUBLICATION_DATA/PUBLICATION_DATA_with_SEQ_2020_11_19T17_29_17/data 
[2020-11-20 07:23:46,523][ERROR][720922][experiments.py:run_experiment_from_to_file:752] XXX failed 1688 PUBLICATION_DATA/PUBLICATION_DATA_with_SEQ_2020_11_19T17_29_17/data unsupported operand type(s) for +: 'float' and 'NoneType'
[2020-11-20 07:23:46,523][ERROR][720922][experiments.py:run_experiment_from_to_file:752] XXX failed 1688 PUBLICATION_DATA/PUBLICATION_DATA_with_SEQ_2020_11_19T17_29_17/data unsupported operand type(s) for +: 'float' and 'NoneType'
[2020-11-20 07:24:16,513][ERROR][470654][experiments.py:run_experiment_from_to_file:752] XXX failed 1012 PUBLICATION_DATA/PUBLICATION_DATA_with_SEQ_2020_11_19T17_29_17/data 
[2020-11-20 07:24:16,513][ERROR][470654][experiments.py:run_experiment_from_to_file:752] XXX failed 1012 PUBLICATION_DATA/PUBLICATION_DATA_with_SEQ_2020_11_19T17_29_17/data 
[2020-11-20 07:27:10,447][ERROR][722301][experiments.py:run_experiment_from_to_file:752] XXX failed 1691 PUBLICATION_DATA/PUBLICATION_DATA_with_SEQ_2020_11_19T17_29_17/data unsupported operand type(s) for +: 'float' and 'NoneType'
[2020-11-20 07:27:10,447][ERROR][722301][experiments.py:run_experiment_from_to_file:752] XXX failed 1691 PUBLICATION_DATA/PUBLICATION_DATA_with_SEQ_2020_11_19T17_29_17/data unsupported operand type(s) for +: 'float' and 'NoneType'
[2020-11-20 07:33:15,638][ERROR][724202][experiments.py:run_experiment_from_to_file:752] XXX failed 1700 PUBLICATION_DATA/PUBLICATION_DATA_with_SEQ_2020_11_19T17_29_17/data unsupported operand type(s) for +: 'NoneType' and 'float'
[2020-11-20 07:33:15,638][ERROR][724202][experiments.py:run_experiment_from_to_file:752] XXX failed 1700 PUBLICATION_DATA/PUBLICATION_DATA_with_SEQ_2020_11_19T17_29_17/data unsupported operand type(s) for +: 'NoneType' and 'float'
[2020-11-20 07:38:04,914][ERROR][726402][experiments.py:run_experiment_from_to_file:752] XXX failed 1706 PUBLICATION_DATA/PUBLICATION_DATA_with_SEQ_2020_11_19T17_29_17/data unsupported operand type(s) for +: 'NoneType' and 'float'
[2020-11-20 07:38:04,914][ERROR][726402][experiments.py:run_experiment_from_to_file:752] XXX failed 1706 PUBLICATION_DATA/PUBLICATION_DATA_with_SEQ_2020_11_19T17_29_17/data unsupported operand type(s) for +: 'NoneType' and 'float'
[2020-11-20 07:46:21,825][ERROR][686707][experiments.py:run_experiment_from_to_file:752] XXX failed 1612 PUBLICATION_DATA/PUBLICATION_DATA_with_SEQ_2020_11_19T17_29_17/data 
[2020-11-20 07:46:21,825][ERROR][686707][experiments.py:run_experiment_from_to_file:752] XXX failed 1612 PUBLICATION_DATA/PUBLICATION_DATA_with_SEQ_2020_11_19T17_29_17/data 
[2020-11-20 07:46:35,753][ERROR][686729][experiments.py:run_experiment_from_to_file:752] XXX failed 1613 PUBLICATION_DATA/PUBLICATION_DATA_with_SEQ_2020_11_19T17_29_17/data 
[2020-11-20 07:46:35,753][ERROR][686729][experiments.py:run_experiment_from_to_file:752] XXX failed 1613 PUBLICATION_DATA/PUBLICATION_DATA_with_SEQ_2020_11_19T17_29_17/data 
[2020-11-20 07:48:06,043][ERROR][732003][experiments.py:run_experiment_from_to_file:752] XXX failed 1718 PUBLICATION_DATA/PUBLICATION_DATA_with_SEQ_2020_11_19T17_29_17/data unsupported operand type(s) for +: 'float' and 'NoneType'
[2020-11-20 07:48:06,043][ERROR][732003][experiments.py:run_experiment_from_to_file:752] XXX failed 1718 PUBLICATION_DATA/PUBLICATION_DATA_with_SEQ_2020_11_19T17_29_17/data unsupported operand type(s) for +: 'float' and 'NoneType'
[2020-11-20 07:57:16,758][ERROR][680257][experiments.py:run_experiment_from_to_file:752] XXX failed 1599 PUBLICATION_DATA/PUBLICATION_DATA_with_SEQ_2020_11_19T17_29_17/data 
[2020-11-20 07:57:16,758][ERROR][680257][experiments.py:run_experiment_from_to_file:752] XXX failed 1599 PUBLICATION_DATA/PUBLICATION_DATA_with_SEQ_2020_11_19T17_29_17/data 
[2020-11-20 07:58:47,557][ERROR][738153][experiments.py:run_experiment_from_to_file:752] XXX failed 1738 PUBLICATION_DATA/PUBLICATION_DATA_with_SEQ_2020_11_19T17_29_17/data unsupported operand type(s) for +: 'NoneType' and 'NoneType'
[2020-11-20 07:58:47,557][ERROR][738153][experiments.py:run_experiment_from_to_file:752] XXX failed 1738 PUBLICATION_DATA/PUBLICATION_DATA_with_SEQ_2020_11_19T17_29_17/data unsupported operand type(s) for +: 'NoneType' and 'NoneType'
[2020-11-20 07:59:32,448][ERROR][738442][experiments.py:run_experiment_from_to_file:752] XXX failed 1740 PUBLICATION_DATA/PUBLICATION_DATA_with_SEQ_2020_11_19T17_29_17/data unsupported operand type(s) for +: 'float' and 'NoneType'
[2020-11-20 07:59:32,448][ERROR][738442][experiments.py:run_experiment_from_to_file:752] XXX failed 1740 PUBLICATION_DATA/PUBLICATION_DATA_with_SEQ_2020_11_19T17_29_17/data unsupported operand type(s) for +: 'float' and 'NoneType'
[2020-11-20 07:59:41,003][ERROR][741466][experiments.py:run_experiment_from_to_file:752] XXX failed 1746 PUBLICATION_DATA/PUBLICATION_DATA_with_SEQ_2020_11_19T17_29_17/data agent 2 with malfunction ExperimentMalfunction(time_step=339, agent_id=2, malfunction_duration=50). Found earliest=340 for Waypoint(position=(80, 16), direction=3)
[2020-11-20 07:59:41,003][ERROR][741466][experiments.py:run_experiment_from_to_file:752] XXX failed 1746 PUBLICATION_DATA/PUBLICATION_DATA_with_SEQ_2020_11_19T17_29_17/data agent 2 with malfunction ExperimentMalfunction(time_step=339, agent_id=2, malfunction_duration=50). Found earliest=340 for Waypoint(position=(80, 16), direction=3)
[2020-11-20 08:00:11,664][ERROR][741789][experiments.py:run_experiment_from_to_file:752] XXX failed 1748 PUBLICATION_DATA/PUBLICATION_DATA_with_SEQ_2020_11_19T17_29_17/data agent 4 with malfunction ExperimentMalfunction(time_step=1451, agent_id=4, malfunction_duration=50). Found earliest=1452 for Waypoint(position=(76, 25), direction=1)
[2020-11-20 08:00:11,664][ERROR][741789][experiments.py:run_experiment_from_to_file:752] XXX failed 1748 PUBLICATION_DATA/PUBLICATION_DATA_with_SEQ_2020_11_19T17_29_17/data agent 4 with malfunction ExperimentMalfunction(time_step=1451, agent_id=4, malfunction_duration=50). Found earliest=1452 for Waypoint(position=(76, 25), direction=1)
[2020-11-20 08:03:08,814][ERROR][743515][experiments.py:run_experiment_from_to_file:752] XXX failed 1754 PUBLICATION_DATA/PUBLICATION_DATA_with_SEQ_2020_11_19T17_29_17/data agent 10 with malfunction ExperimentMalfunction(time_step=1444, agent_id=10, malfunction_duration=50). Found earliest=1445 for Waypoint(position=(76, 25), direction=1)
[2020-11-20 08:03:08,814][ERROR][743515][experiments.py:run_experiment_from_to_file:752] XXX failed 1754 PUBLICATION_DATA/PUBLICATION_DATA_with_SEQ_2020_11_19T17_29_17/data agent 10 with malfunction ExperimentMalfunction(time_step=1444, agent_id=10, malfunction_duration=50). Found earliest=1445 for Waypoint(position=(76, 25), direction=1)
[2020-11-20 08:12:32,938][ERROR][745396][experiments.py:run_experiment_from_to_file:752] XXX failed 1762 PUBLICATION_DATA/PUBLICATION_DATA_with_SEQ_2020_11_19T17_29_17/data unsupported operand type(s) for +: 'NoneType' and 'NoneType'
[2020-11-20 08:12:32,938][ERROR][745396][experiments.py:run_experiment_from_to_file:752] XXX failed 1762 PUBLICATION_DATA/PUBLICATION_DATA_with_SEQ_2020_11_19T17_29_17/data unsupported operand type(s) for +: 'NoneType' and 'NoneType'
[2020-11-20 08:14:44,713][ERROR][747525][experiments.py:run_experiment_from_to_file:752] XXX failed 1774 PUBLICATION_DATA/PUBLICATION_DATA_with_SEQ_2020_11_19T17_29_17/data agent 30 with malfunction ExperimentMalfunction(time_step=1439, agent_id=30, malfunction_duration=50). Found earliest=1440 for Waypoint(position=(76, 25), direction=1)
[2020-11-20 08:14:44,713][ERROR][747525][experiments.py:run_experiment_from_to_file:752] XXX failed 1774 PUBLICATION_DATA/PUBLICATION_DATA_with_SEQ_2020_11_19T17_29_17/data agent 30 with malfunction ExperimentMalfunction(time_step=1439, agent_id=30, malfunction_duration=50). Found earliest=1440 for Waypoint(position=(76, 25), direction=1)
[2020-11-20 08:19:44,155][ERROR][747733][experiments.py:run_experiment_from_to_file:752] XXX failed 1777 PUBLICATION_DATA/PUBLICATION_DATA_with_SEQ_2020_11_19T17_29_17/data unsupported operand type(s) for +: 'NoneType' and 'NoneType'
[2020-11-20 08:19:44,155][ERROR][747733][experiments.py:run_experiment_from_to_file:752] XXX failed 1777 PUBLICATION_DATA/PUBLICATION_DATA_with_SEQ_2020_11_19T17_29_17/data unsupported operand type(s) for +: 'NoneType' and 'NoneType'
[2020-11-20 08:19:54,595][ERROR][747791][experiments.py:run_experiment_from_to_file:752] XXX failed 1778 PUBLICATION_DATA/PUBLICATION_DATA_with_SEQ_2020_11_19T17_29_17/data unsupported operand type(s) for +: 'float' and 'NoneType'
[2020-11-20 08:19:54,595][ERROR][747791][experiments.py:run_experiment_from_to_file:752] XXX failed 1778 PUBLICATION_DATA/PUBLICATION_DATA_with_SEQ_2020_11_19T17_29_17/data unsupported operand type(s) for +: 'float' and 'NoneType'
[2020-11-20 08:22:01,308][ERROR][750623][experiments.py:run_experiment_from_to_file:752] XXX failed 1787 PUBLICATION_DATA/PUBLICATION_DATA_with_SEQ_2020_11_19T17_29_17/data agent 43 with malfunction ExperimentMalfunction(time_step=512, agent_id=43, malfunction_duration=50). Found earliest=513 for Waypoint(position=(76, 25), direction=1)
[2020-11-20 08:22:01,308][ERROR][750623][experiments.py:run_experiment_from_to_file:752] XXX failed 1787 PUBLICATION_DATA/PUBLICATION_DATA_with_SEQ_2020_11_19T17_29_17/data agent 43 with malfunction ExperimentMalfunction(time_step=512, agent_id=43, malfunction_duration=50). Found earliest=513 for Waypoint(position=(76, 25), direction=1)
[2020-11-20 08:30:08,442][ERROR][752275][experiments.py:run_experiment_from_to_file:752] XXX failed 1794 PUBLICATION_DATA/PUBLICATION_DATA_with_SEQ_2020_11_19T17_29_17/data unsupported operand type(s) for +: 'float' and 'NoneType'
[2020-11-20 08:30:08,442][ERROR][752275][experiments.py:run_experiment_from_to_file:752] XXX failed 1794 PUBLICATION_DATA/PUBLICATION_DATA_with_SEQ_2020_11_19T17_29_17/data unsupported operand type(s) for +: 'float' and 'NoneType'
[2020-11-20 08:33:22,751][ERROR][754309][experiments.py:run_experiment_from_to_file:752] XXX failed 1798 PUBLICATION_DATA/PUBLICATION_DATA_with_SEQ_2020_11_19T17_29_17/data unsupported operand type(s) for +: 'NoneType' and 'float'
[2020-11-20 08:33:22,751][ERROR][754309][experiments.py:run_experiment_from_to_file:752] XXX failed 1798 PUBLICATION_DATA/PUBLICATION_DATA_with_SEQ_2020_11_19T17_29_17/data unsupported operand type(s) for +: 'NoneType' and 'float'
[2020-11-20 08:54:00,272][ERROR][764946][experiments.py:run_experiment_from_to_file:752] XXX failed 1836 PUBLICATION_DATA/PUBLICATION_DATA_with_SEQ_2020_11_19T17_29_17/data agent 18 with malfunction ExperimentMalfunction(time_step=1089, agent_id=18, malfunction_duration=50). Found earliest=1090 for Waypoint(position=(63, 60), direction=1)
[2020-11-20 08:54:00,272][ERROR][764946][experiments.py:run_experiment_from_to_file:752] XXX failed 1836 PUBLICATION_DATA/PUBLICATION_DATA_with_SEQ_2020_11_19T17_29_17/data agent 18 with malfunction ExperimentMalfunction(time_step=1089, agent_id=18, malfunction_duration=50). Found earliest=1090 for Waypoint(position=(63, 60), direction=1)
[2020-11-20 08:58:54,532][ERROR][764642][experiments.py:run_experiment_from_to_file:752] XXX failed 1832 PUBLICATION_DATA/PUBLICATION_DATA_with_SEQ_2020_11_19T17_29_17/data unsupported operand type(s) for +: 'NoneType' and 'float'
[2020-11-20 08:58:54,532][ERROR][764642][experiments.py:run_experiment_from_to_file:752] XXX failed 1832 PUBLICATION_DATA/PUBLICATION_DATA_with_SEQ_2020_11_19T17_29_17/data unsupported operand type(s) for +: 'NoneType' and 'float'
[2020-11-20 09:00:45,991][ERROR][765010][experiments.py:run_experiment_from_to_file:752] XXX failed 1838 PUBLICATION_DATA/PUBLICATION_DATA_with_SEQ_2020_11_19T17_29_17/data unsupported operand type(s) for +: 'NoneType' and 'float'
[2020-11-20 09:00:45,991][ERROR][765010][experiments.py:run_experiment_from_to_file:752] XXX failed 1838 PUBLICATION_DATA/PUBLICATION_DATA_with_SEQ_2020_11_19T17_29_17/data unsupported operand type(s) for +: 'NoneType' and 'float'
[2020-11-20 09:01:22,893][ERROR][765395][experiments.py:run_experiment_from_to_file:752] XXX failed 1840 PUBLICATION_DATA/PUBLICATION_DATA_with_SEQ_2020_11_19T17_29_17/data unsupported operand type(s) for +: 'NoneType' and 'NoneType'
[2020-11-20 09:01:22,893][ERROR][765395][experiments.py:run_experiment_from_to_file:752] XXX failed 1840 PUBLICATION_DATA/PUBLICATION_DATA_with_SEQ_2020_11_19T17_29_17/data unsupported operand type(s) for +: 'NoneType' and 'NoneType'
[2020-11-20 09:05:50,105][ERROR][767188][experiments.py:run_experiment_from_to_file:752] XXX failed 1846 PUBLICATION_DATA/PUBLICATION_DATA_with_SEQ_2020_11_19T17_29_17/data unsupported operand type(s) for +: 'NoneType' and 'NoneType'
[2020-11-20 09:05:50,105][ERROR][767188][experiments.py:run_experiment_from_to_file:752] XXX failed 1846 PUBLICATION_DATA/PUBLICATION_DATA_with_SEQ_2020_11_19T17_29_17/data unsupported operand type(s) for +: 'NoneType' and 'NoneType'
[2020-11-20 09:15:47,179][ERROR][774476][experiments.py:run_experiment_from_to_file:752] XXX failed 1868 PUBLICATION_DATA/PUBLICATION_DATA_with_SEQ_2020_11_19T17_29_17/data agent 50 with malfunction ExperimentMalfunction(time_step=1502, agent_id=50, malfunction_duration=50). Found earliest=1503 for Waypoint(position=(19, 14), direction=3)
[2020-11-20 09:15:47,179][ERROR][774476][experiments.py:run_experiment_from_to_file:752] XXX failed 1868 PUBLICATION_DATA/PUBLICATION_DATA_with_SEQ_2020_11_19T17_29_17/data agent 50 with malfunction ExperimentMalfunction(time_step=1502, agent_id=50, malfunction_duration=50). Found earliest=1503 for Waypoint(position=(19, 14), direction=3)
[2020-11-20 09:27:18,282][ERROR][776840][experiments.py:run_experiment_from_to_file:752] XXX failed 1874 PUBLICATION_DATA/PUBLICATION_DATA_with_SEQ_2020_11_19T17_29_17/data unsupported operand type(s) for +: 'NoneType' and 'float'
[2020-11-20 09:27:18,282][ERROR][776840][experiments.py:run_experiment_from_to_file:752] XXX failed 1874 PUBLICATION_DATA/PUBLICATION_DATA_with_SEQ_2020_11_19T17_29_17/data unsupported operand type(s) for +: 'NoneType' and 'float'
[2020-11-20 09:28:31,045][ERROR][777264][experiments.py:run_experiment_from_to_file:752] XXX failed 1876 PUBLICATION_DATA/PUBLICATION_DATA_with_SEQ_2020_11_19T17_29_17/data unsupported operand type(s) for +: 'NoneType' and 'float'
[2020-11-20 09:28:31,045][ERROR][777264][experiments.py:run_experiment_from_to_file:752] XXX failed 1876 PUBLICATION_DATA/PUBLICATION_DATA_with_SEQ_2020_11_19T17_29_17/data unsupported operand type(s) for +: 'NoneType' and 'float'
[2020-11-20 09:31:37,064][ERROR][778538][experiments.py:run_experiment_from_to_file:752] XXX failed 1880 PUBLICATION_DATA/PUBLICATION_DATA_with_SEQ_2020_11_19T17_29_17/data unsupported operand type(s) for +: 'float' and 'NoneType'
[2020-11-20 09:31:37,064][ERROR][778538][experiments.py:run_experiment_from_to_file:752] XXX failed 1880 PUBLICATION_DATA/PUBLICATION_DATA_with_SEQ_2020_11_19T17_29_17/data unsupported operand type(s) for +: 'float' and 'NoneType'
[2020-11-20 09:33:03,019][ERROR][522614][experiments.py:run_experiment_from_to_file:752] XXX failed 1231 PUBLICATION_DATA/PUBLICATION_DATA_with_SEQ_2020_11_19T17_29_17/data 
[2020-11-20 09:33:03,019][ERROR][522614][experiments.py:run_experiment_from_to_file:752] XXX failed 1231 PUBLICATION_DATA/PUBLICATION_DATA_with_SEQ_2020_11_19T17_29_17/data 
[2020-11-20 09:39:27,680][ERROR][781566][experiments.py:run_experiment_from_to_file:752] XXX failed 1889 PUBLICATION_DATA/PUBLICATION_DATA_with_SEQ_2020_11_19T17_29_17/data unsupported operand type(s) for +: 'float' and 'NoneType'
[2020-11-20 09:39:27,680][ERROR][781566][experiments.py:run_experiment_from_to_file:752] XXX failed 1889 PUBLICATION_DATA/PUBLICATION_DATA_with_SEQ_2020_11_19T17_29_17/data unsupported operand type(s) for +: 'float' and 'NoneType'
[2020-11-20 09:42:53,520][ERROR][785385][experiments.py:run_experiment_from_to_file:752] XXX failed 1906 PUBLICATION_DATA/PUBLICATION_DATA_with_SEQ_2020_11_19T17_29_17/data agent 2 with malfunction ExperimentMalfunction(time_step=814, agent_id=2, malfunction_duration=50). Found earliest=815 for Waypoint(position=(80, 16), direction=3)
[2020-11-20 09:42:53,520][ERROR][785385][experiments.py:run_experiment_from_to_file:752] XXX failed 1906 PUBLICATION_DATA/PUBLICATION_DATA_with_SEQ_2020_11_19T17_29_17/data agent 2 with malfunction ExperimentMalfunction(time_step=814, agent_id=2, malfunction_duration=50). Found earliest=815 for Waypoint(position=(80, 16), direction=3)
[2020-11-20 09:43:22,065][ERROR][785524][experiments.py:run_experiment_from_to_file:752] XXX failed 1908 PUBLICATION_DATA/PUBLICATION_DATA_with_SEQ_2020_11_19T17_29_17/data agent 4 with malfunction ExperimentMalfunction(time_step=1213, agent_id=4, malfunction_duration=50). Found earliest=1214 for Waypoint(position=(76, 25), direction=1)
[2020-11-20 09:43:22,065][ERROR][785524][experiments.py:run_experiment_from_to_file:752] XXX failed 1908 PUBLICATION_DATA/PUBLICATION_DATA_with_SEQ_2020_11_19T17_29_17/data agent 4 with malfunction ExperimentMalfunction(time_step=1213, agent_id=4, malfunction_duration=50). Found earliest=1214 for Waypoint(position=(76, 25), direction=1)
[2020-11-20 09:45:31,942][ERROR][785397][experiments.py:run_experiment_from_to_file:752] XXX failed 1907 PUBLICATION_DATA/PUBLICATION_DATA_with_SEQ_2020_11_19T17_29_17/data unsupported operand type(s) for +: 'float' and 'NoneType'
[2020-11-20 09:45:31,942][ERROR][785397][experiments.py:run_experiment_from_to_file:752] XXX failed 1907 PUBLICATION_DATA/PUBLICATION_DATA_with_SEQ_2020_11_19T17_29_17/data unsupported operand type(s) for +: 'float' and 'NoneType'
[2020-11-20 09:46:01,863][ERROR][786698][experiments.py:run_experiment_from_to_file:752] XXX failed 1914 PUBLICATION_DATA/PUBLICATION_DATA_with_SEQ_2020_11_19T17_29_17/data agent 10 with malfunction ExperimentMalfunction(time_step=811, agent_id=10, malfunction_duration=50). Found earliest=812 for Waypoint(position=(76, 25), direction=1)
[2020-11-20 09:46:01,863][ERROR][786698][experiments.py:run_experiment_from_to_file:752] XXX failed 1914 PUBLICATION_DATA/PUBLICATION_DATA_with_SEQ_2020_11_19T17_29_17/data agent 10 with malfunction ExperimentMalfunction(time_step=811, agent_id=10, malfunction_duration=50). Found earliest=812 for Waypoint(position=(76, 25), direction=1)
[2020-11-20 09:46:14,075][ERROR][784198][experiments.py:run_experiment_from_to_file:752] XXX failed 1899 PUBLICATION_DATA/PUBLICATION_DATA_with_SEQ_2020_11_19T17_29_17/data unsupported operand type(s) for +: 'NoneType' and 'float'
[2020-11-20 09:46:14,075][ERROR][784198][experiments.py:run_experiment_from_to_file:752] XXX failed 1899 PUBLICATION_DATA/PUBLICATION_DATA_with_SEQ_2020_11_19T17_29_17/data unsupported operand type(s) for +: 'NoneType' and 'float'
[2020-11-20 09:46:14,641][ERROR][785536][experiments.py:run_experiment_from_to_file:752] XXX failed 1909 PUBLICATION_DATA/PUBLICATION_DATA_with_SEQ_2020_11_19T17_29_17/data unsupported operand type(s) for +: 'float' and 'NoneType'
[2020-11-20 09:46:14,641][ERROR][785536][experiments.py:run_experiment_from_to_file:752] XXX failed 1909 PUBLICATION_DATA/PUBLICATION_DATA_with_SEQ_2020_11_19T17_29_17/data unsupported operand type(s) for +: 'float' and 'NoneType'
[2020-11-20 09:48:21,376][ERROR][786398][experiments.py:run_experiment_from_to_file:752] XXX failed 1913 PUBLICATION_DATA/PUBLICATION_DATA_with_SEQ_2020_11_19T17_29_17/data unsupported operand type(s) for +: 'float' and 'NoneType'
[2020-11-20 09:48:21,376][ERROR][786398][experiments.py:run_experiment_from_to_file:752] XXX failed 1913 PUBLICATION_DATA/PUBLICATION_DATA_with_SEQ_2020_11_19T17_29_17/data unsupported operand type(s) for +: 'float' and 'NoneType'
[2020-11-20 09:48:50,479][ERROR][786781][experiments.py:run_experiment_from_to_file:752] XXX failed 1918 PUBLICATION_DATA/PUBLICATION_DATA_with_SEQ_2020_11_19T17_29_17/data unsupported operand type(s) for +: 'NoneType' and 'NoneType'
[2020-11-20 09:48:50,479][ERROR][786781][experiments.py:run_experiment_from_to_file:752] XXX failed 1918 PUBLICATION_DATA/PUBLICATION_DATA_with_SEQ_2020_11_19T17_29_17/data unsupported operand type(s) for +: 'NoneType' and 'NoneType'
[2020-11-20 09:50:46,660][ERROR][676763][experiments.py:run_experiment_from_to_file:752] XXX failed 1590 PUBLICATION_DATA/PUBLICATION_DATA_with_SEQ_2020_11_19T17_29_17/data 
[2020-11-20 09:50:46,660][ERROR][676763][experiments.py:run_experiment_from_to_file:752] XXX failed 1590 PUBLICATION_DATA/PUBLICATION_DATA_with_SEQ_2020_11_19T17_29_17/data 
[2020-11-20 09:50:56,812][ERROR][788055][experiments.py:run_experiment_from_to_file:752] XXX failed 1923 PUBLICATION_DATA/PUBLICATION_DATA_with_SEQ_2020_11_19T17_29_17/data unsupported operand type(s) for +: 'float' and 'NoneType'
[2020-11-20 09:50:56,812][ERROR][788055][experiments.py:run_experiment_from_to_file:752] XXX failed 1923 PUBLICATION_DATA/PUBLICATION_DATA_with_SEQ_2020_11_19T17_29_17/data unsupported operand type(s) for +: 'float' and 'NoneType'
[2020-11-20 09:51:13,770][ERROR][789937][experiments.py:run_experiment_from_to_file:752] XXX failed 1934 PUBLICATION_DATA/PUBLICATION_DATA_with_SEQ_2020_11_19T17_29_17/data agent 30 with malfunction ExperimentMalfunction(time_step=813, agent_id=30, malfunction_duration=50). Found earliest=814 for Waypoint(position=(76, 25), direction=1)
[2020-11-20 09:51:13,770][ERROR][789937][experiments.py:run_experiment_from_to_file:752] XXX failed 1934 PUBLICATION_DATA/PUBLICATION_DATA_with_SEQ_2020_11_19T17_29_17/data agent 30 with malfunction ExperimentMalfunction(time_step=813, agent_id=30, malfunction_duration=50). Found earliest=814 for Waypoint(position=(76, 25), direction=1)
[2020-11-20 09:51:53,510][ERROR][552275][experiments.py:run_experiment_from_to_file:752] XXX failed 1309 PUBLICATION_DATA/PUBLICATION_DATA_with_SEQ_2020_11_19T17_29_17/data 
[2020-11-20 09:51:53,510][ERROR][552275][experiments.py:run_experiment_from_to_file:752] XXX failed 1309 PUBLICATION_DATA/PUBLICATION_DATA_with_SEQ_2020_11_19T17_29_17/data 
[2020-11-20 09:53:54,414][ERROR][789975][experiments.py:run_experiment_from_to_file:752] XXX failed 1935 PUBLICATION_DATA/PUBLICATION_DATA_with_SEQ_2020_11_19T17_29_17/data unsupported operand type(s) for +: 'float' and 'NoneType'
[2020-11-20 09:53:54,414][ERROR][789975][experiments.py:run_experiment_from_to_file:752] XXX failed 1935 PUBLICATION_DATA/PUBLICATION_DATA_with_SEQ_2020_11_19T17_29_17/data unsupported operand type(s) for +: 'float' and 'NoneType'
[2020-11-20 09:55:35,584][ERROR][793442][experiments.py:run_experiment_from_to_file:752] XXX failed 1953 PUBLICATION_DATA/PUBLICATION_DATA_with_SEQ_2020_11_19T17_29_17/data agent 49 with malfunction ExperimentMalfunction(time_step=1213, agent_id=49, malfunction_duration=50). Found earliest=1214 for Waypoint(position=(76, 41), direction=1)
[2020-11-20 09:55:35,584][ERROR][793442][experiments.py:run_experiment_from_to_file:752] XXX failed 1953 PUBLICATION_DATA/PUBLICATION_DATA_with_SEQ_2020_11_19T17_29_17/data agent 49 with malfunction ExperimentMalfunction(time_step=1213, agent_id=49, malfunction_duration=50). Found earliest=1214 for Waypoint(position=(76, 41), direction=1)
[2020-11-20 09:56:16,145][ERROR][793967][experiments.py:run_experiment_from_to_file:752] XXX failed 1956 PUBLICATION_DATA/PUBLICATION_DATA_with_SEQ_2020_11_19T17_29_17/data agent 2 with malfunction ExperimentMalfunction(time_step=347, agent_id=2, malfunction_duration=50). Found earliest=348 for Waypoint(position=(80, 16), direction=3)
[2020-11-20 09:56:16,145][ERROR][793967][experiments.py:run_experiment_from_to_file:752] XXX failed 1956 PUBLICATION_DATA/PUBLICATION_DATA_with_SEQ_2020_11_19T17_29_17/data agent 2 with malfunction ExperimentMalfunction(time_step=347, agent_id=2, malfunction_duration=50). Found earliest=348 for Waypoint(position=(80, 16), direction=3)
[2020-11-20 09:56:24,732][ERROR][792101][experiments.py:run_experiment_from_to_file:752] XXX failed 1947 PUBLICATION_DATA/PUBLICATION_DATA_with_SEQ_2020_11_19T17_29_17/data unsupported operand type(s) for +: 'float' and 'NoneType'
[2020-11-20 09:56:24,732][ERROR][792101][experiments.py:run_experiment_from_to_file:752] XXX failed 1947 PUBLICATION_DATA/PUBLICATION_DATA_with_SEQ_2020_11_19T17_29_17/data unsupported operand type(s) for +: 'float' and 'NoneType'
[2020-11-20 09:57:11,626][ERROR][792794][experiments.py:run_experiment_from_to_file:752] XXX failed 1951 PUBLICATION_DATA/PUBLICATION_DATA_with_SEQ_2020_11_19T17_29_17/data unsupported operand type(s) for +: 'NoneType' and 'float'
[2020-11-20 09:57:11,626][ERROR][792794][experiments.py:run_experiment_from_to_file:752] XXX failed 1951 PUBLICATION_DATA/PUBLICATION_DATA_with_SEQ_2020_11_19T17_29_17/data unsupported operand type(s) for +: 'NoneType' and 'float'
[2020-11-20 09:57:51,503][ERROR][522922][experiments.py:run_experiment_from_to_file:752] XXX failed 1232 PUBLICATION_DATA/PUBLICATION_DATA_with_SEQ_2020_11_19T17_29_17/data 
[2020-11-20 09:57:51,503][ERROR][522922][experiments.py:run_experiment_from_to_file:752] XXX failed 1232 PUBLICATION_DATA/PUBLICATION_DATA_with_SEQ_2020_11_19T17_29_17/data 
[2020-11-20 09:59:17,405][ERROR][793975][experiments.py:run_experiment_from_to_file:752] XXX failed 1958 PUBLICATION_DATA/PUBLICATION_DATA_with_SEQ_2020_11_19T17_29_17/data unsupported operand type(s) for +: 'NoneType' and 'NoneType'
[2020-11-20 09:59:17,405][ERROR][793975][experiments.py:run_experiment_from_to_file:752] XXX failed 1958 PUBLICATION_DATA/PUBLICATION_DATA_with_SEQ_2020_11_19T17_29_17/data unsupported operand type(s) for +: 'NoneType' and 'NoneType'
[2020-11-20 10:00:43,576][ERROR][794647][experiments.py:run_experiment_from_to_file:752] XXX failed 1963 PUBLICATION_DATA/PUBLICATION_DATA_with_SEQ_2020_11_19T17_29_17/data unsupported operand type(s) for +: 'float' and 'NoneType'
[2020-11-20 10:00:43,576][ERROR][794647][experiments.py:run_experiment_from_to_file:752] XXX failed 1963 PUBLICATION_DATA/PUBLICATION_DATA_with_SEQ_2020_11_19T17_29_17/data unsupported operand type(s) for +: 'float' and 'NoneType'
[2020-11-20 10:12:22,828][ERROR][803984][experiments.py:run_experiment_from_to_file:752] XXX failed 1996 PUBLICATION_DATA/PUBLICATION_DATA_with_SEQ_2020_11_19T17_29_17/data unsupported operand type(s) for +: 'NoneType' and 'float'
[2020-11-20 10:12:22,828][ERROR][803984][experiments.py:run_experiment_from_to_file:752] XXX failed 1996 PUBLICATION_DATA/PUBLICATION_DATA_with_SEQ_2020_11_19T17_29_17/data unsupported operand type(s) for +: 'NoneType' and 'float'
[2020-11-20 10:14:31,658][ERROR][805184][experiments.py:run_experiment_from_to_file:752] XXX failed 2003 PUBLICATION_DATA/PUBLICATION_DATA_with_SEQ_2020_11_19T17_29_17/data unsupported operand type(s) for +: 'float' and 'NoneType'
[2020-11-20 10:14:31,658][ERROR][805184][experiments.py:run_experiment_from_to_file:752] XXX failed 2003 PUBLICATION_DATA/PUBLICATION_DATA_with_SEQ_2020_11_19T17_29_17/data unsupported operand type(s) for +: 'float' and 'NoneType'
[2020-11-20 10:15:01,836][ERROR][807053][experiments.py:run_experiment_from_to_file:752] XXX failed 2018 PUBLICATION_DATA/PUBLICATION_DATA_with_SEQ_2020_11_19T17_29_17/data agent 2 with malfunction ExperimentMalfunction(time_step=560, agent_id=2, malfunction_duration=50). Found earliest=561 for Waypoint(position=(80, 16), direction=3)
[2020-11-20 10:15:01,836][ERROR][807053][experiments.py:run_experiment_from_to_file:752] XXX failed 2018 PUBLICATION_DATA/PUBLICATION_DATA_with_SEQ_2020_11_19T17_29_17/data agent 2 with malfunction ExperimentMalfunction(time_step=560, agent_id=2, malfunction_duration=50). Found earliest=561 for Waypoint(position=(80, 16), direction=3)
[2020-11-20 10:15:33,835][ERROR][807395][experiments.py:run_experiment_from_to_file:752] XXX failed 2020 PUBLICATION_DATA/PUBLICATION_DATA_with_SEQ_2020_11_19T17_29_17/data agent 4 with malfunction ExperimentMalfunction(time_step=1115, agent_id=4, malfunction_duration=50). Found earliest=1116 for Waypoint(position=(76, 25), direction=1)
[2020-11-20 10:15:33,835][ERROR][807395][experiments.py:run_experiment_from_to_file:752] XXX failed 2020 PUBLICATION_DATA/PUBLICATION_DATA_with_SEQ_2020_11_19T17_29_17/data agent 4 with malfunction ExperimentMalfunction(time_step=1115, agent_id=4, malfunction_duration=50). Found earliest=1116 for Waypoint(position=(76, 25), direction=1)
[2020-11-20 10:15:41,662][ERROR][805827][experiments.py:run_experiment_from_to_file:752] XXX failed 2011 PUBLICATION_DATA/PUBLICATION_DATA_with_SEQ_2020_11_19T17_29_17/data unsupported operand type(s) for +: 'NoneType' and 'NoneType'
[2020-11-20 10:15:41,662][ERROR][805827][experiments.py:run_experiment_from_to_file:752] XXX failed 2011 PUBLICATION_DATA/PUBLICATION_DATA_with_SEQ_2020_11_19T17_29_17/data unsupported operand type(s) for +: 'NoneType' and 'NoneType'
[2020-11-20 10:16:17,879][ERROR][807783][experiments.py:run_experiment_from_to_file:752] XXX failed 2026 PUBLICATION_DATA/PUBLICATION_DATA_with_SEQ_2020_11_19T17_29_17/data agent 10 with malfunction ExperimentMalfunction(time_step=1101, agent_id=10, malfunction_duration=50). Found earliest=1102 for Waypoint(position=(76, 25), direction=1)
[2020-11-20 10:16:17,879][ERROR][807783][experiments.py:run_experiment_from_to_file:752] XXX failed 2026 PUBLICATION_DATA/PUBLICATION_DATA_with_SEQ_2020_11_19T17_29_17/data agent 10 with malfunction ExperimentMalfunction(time_step=1101, agent_id=10, malfunction_duration=50). Found earliest=1102 for Waypoint(position=(76, 25), direction=1)
[2020-11-20 10:20:41,752][ERROR][807726][experiments.py:run_experiment_from_to_file:752] XXX failed 2025 PUBLICATION_DATA/PUBLICATION_DATA_with_SEQ_2020_11_19T17_29_17/data unsupported operand type(s) for +: 'float' and 'NoneType'
[2020-11-20 10:20:41,752][ERROR][807726][experiments.py:run_experiment_from_to_file:752] XXX failed 2025 PUBLICATION_DATA/PUBLICATION_DATA_with_SEQ_2020_11_19T17_29_17/data unsupported operand type(s) for +: 'float' and 'NoneType'
[2020-11-20 10:23:44,740][ERROR][812830][experiments.py:run_experiment_from_to_file:752] XXX failed 2046 PUBLICATION_DATA/PUBLICATION_DATA_with_SEQ_2020_11_19T17_29_17/data agent 30 with malfunction ExperimentMalfunction(time_step=1108, agent_id=30, malfunction_duration=50). Found earliest=1109 for Waypoint(position=(76, 25), direction=1)
[2020-11-20 10:23:44,740][ERROR][812830][experiments.py:run_experiment_from_to_file:752] XXX failed 2046 PUBLICATION_DATA/PUBLICATION_DATA_with_SEQ_2020_11_19T17_29_17/data agent 30 with malfunction ExperimentMalfunction(time_step=1108, agent_id=30, malfunction_duration=50). Found earliest=1109 for Waypoint(position=(76, 25), direction=1)
[2020-11-20 10:24:42,026][ERROR][810478][experiments.py:run_experiment_from_to_file:752] XXX failed 2038 PUBLICATION_DATA/PUBLICATION_DATA_with_SEQ_2020_11_19T17_29_17/data unsupported operand type(s) for +: 'float' and 'NoneType'
[2020-11-20 10:24:42,026][ERROR][810478][experiments.py:run_experiment_from_to_file:752] XXX failed 2038 PUBLICATION_DATA/PUBLICATION_DATA_with_SEQ_2020_11_19T17_29_17/data unsupported operand type(s) for +: 'float' and 'NoneType'
[2020-11-20 10:29:07,773][ERROR][813481][experiments.py:run_experiment_from_to_file:752] XXX failed 2050 PUBLICATION_DATA/PUBLICATION_DATA_with_SEQ_2020_11_19T17_29_17/data unsupported operand type(s) for +: 'float' and 'NoneType'
[2020-11-20 10:29:07,773][ERROR][813481][experiments.py:run_experiment_from_to_file:752] XXX failed 2050 PUBLICATION_DATA/PUBLICATION_DATA_with_SEQ_2020_11_19T17_29_17/data unsupported operand type(s) for +: 'float' and 'NoneType'
[2020-11-20 10:29:15,972][ERROR][816437][experiments.py:run_experiment_from_to_file:752] XXX failed 2059 PUBLICATION_DATA/PUBLICATION_DATA_with_SEQ_2020_11_19T17_29_17/data agent 43 with malfunction ExperimentMalfunction(time_step=1099, agent_id=43, malfunction_duration=50). Found earliest=1100 for Waypoint(position=(76, 25), direction=1)
[2020-11-20 10:29:15,972][ERROR][816437][experiments.py:run_experiment_from_to_file:752] XXX failed 2059 PUBLICATION_DATA/PUBLICATION_DATA_with_SEQ_2020_11_19T17_29_17/data agent 43 with malfunction ExperimentMalfunction(time_step=1099, agent_id=43, malfunction_duration=50). Found earliest=1100 for Waypoint(position=(76, 25), direction=1)
[2020-11-20 10:30:29,265][ERROR][814652][experiments.py:run_experiment_from_to_file:752] XXX failed 2055 PUBLICATION_DATA/PUBLICATION_DATA_with_SEQ_2020_11_19T17_29_17/data unsupported operand type(s) for +: 'float' and 'NoneType'
[2020-11-20 10:30:29,265][ERROR][814652][experiments.py:run_experiment_from_to_file:752] XXX failed 2055 PUBLICATION_DATA/PUBLICATION_DATA_with_SEQ_2020_11_19T17_29_17/data unsupported operand type(s) for +: 'float' and 'NoneType'
[2020-11-20 10:35:09,996][ERROR][817322][experiments.py:run_experiment_from_to_file:752] XXX failed 2063 PUBLICATION_DATA/PUBLICATION_DATA_with_SEQ_2020_11_19T17_29_17/data unsupported operand type(s) for +: 'float' and 'NoneType'
[2020-11-20 10:35:09,996][ERROR][817322][experiments.py:run_experiment_from_to_file:752] XXX failed 2063 PUBLICATION_DATA/PUBLICATION_DATA_with_SEQ_2020_11_19T17_29_17/data unsupported operand type(s) for +: 'float' and 'NoneType'
[2020-11-20 10:43:12,994][ERROR][822573][experiments.py:run_experiment_from_to_file:752] XXX failed 2085 PUBLICATION_DATA/PUBLICATION_DATA_with_SEQ_2020_11_19T17_29_17/data unsupported operand type(s) for +: 'float' and 'NoneType'
[2020-11-20 10:43:12,994][ERROR][822573][experiments.py:run_experiment_from_to_file:752] XXX failed 2085 PUBLICATION_DATA/PUBLICATION_DATA_with_SEQ_2020_11_19T17_29_17/data unsupported operand type(s) for +: 'float' and 'NoneType'
[2020-11-20 10:47:56,505][ERROR][825099][experiments.py:run_experiment_from_to_file:752] XXX failed 2094 PUBLICATION_DATA/PUBLICATION_DATA_with_SEQ_2020_11_19T17_29_17/data unsupported operand type(s) for +: 'NoneType' and 'NoneType'
[2020-11-20 10:47:56,505][ERROR][825099][experiments.py:run_experiment_from_to_file:752] XXX failed 2094 PUBLICATION_DATA/PUBLICATION_DATA_with_SEQ_2020_11_19T17_29_17/data unsupported operand type(s) for +: 'NoneType' and 'NoneType'
[2020-11-20 10:49:46,453][ERROR][828690][experiments.py:run_experiment_from_to_file:752] XXX failed 2108 PUBLICATION_DATA/PUBLICATION_DATA_with_SEQ_2020_11_19T17_29_17/data agent 18 with malfunction ExperimentMalfunction(time_step=31, agent_id=18, malfunction_duration=50). Found earliest=32 for Waypoint(position=(63, 60), direction=1)
[2020-11-20 10:49:46,453][ERROR][828690][experiments.py:run_experiment_from_to_file:752] XXX failed 2108 PUBLICATION_DATA/PUBLICATION_DATA_with_SEQ_2020_11_19T17_29_17/data agent 18 with malfunction ExperimentMalfunction(time_step=31, agent_id=18, malfunction_duration=50). Found earliest=32 for Waypoint(position=(63, 60), direction=1)
[2020-11-20 10:50:00,295][ERROR][826070][experiments.py:run_experiment_from_to_file:752] XXX failed 2099 PUBLICATION_DATA/PUBLICATION_DATA_with_SEQ_2020_11_19T17_29_17/data unsupported operand type(s) for +: 'NoneType' and 'NoneType'
[2020-11-20 10:50:00,295][ERROR][826070][experiments.py:run_experiment_from_to_file:752] XXX failed 2099 PUBLICATION_DATA/PUBLICATION_DATA_with_SEQ_2020_11_19T17_29_17/data unsupported operand type(s) for +: 'NoneType' and 'NoneType'
[2020-11-20 10:55:15,840][ERROR][828768][experiments.py:run_experiment_from_to_file:752] XXX failed 2110 PUBLICATION_DATA/PUBLICATION_DATA_with_SEQ_2020_11_19T17_29_17/data unsupported operand type(s) for +: 'NoneType' and 'NoneType'
[2020-11-20 10:55:15,840][ERROR][828768][experiments.py:run_experiment_from_to_file:752] XXX failed 2110 PUBLICATION_DATA/PUBLICATION_DATA_with_SEQ_2020_11_19T17_29_17/data unsupported operand type(s) for +: 'NoneType' and 'NoneType'
[2020-11-20 11:14:56,163][ERROR][838797][experiments.py:run_experiment_from_to_file:752] XXX failed 2140 PUBLICATION_DATA/PUBLICATION_DATA_with_SEQ_2020_11_19T17_29_17/data agent 50 with malfunction ExperimentMalfunction(time_step=706, agent_id=50, malfunction_duration=50). Found earliest=707 for Waypoint(position=(19, 14), direction=3)
[2020-11-20 11:14:56,163][ERROR][838797][experiments.py:run_experiment_from_to_file:752] XXX failed 2140 PUBLICATION_DATA/PUBLICATION_DATA_with_SEQ_2020_11_19T17_29_17/data agent 50 with malfunction ExperimentMalfunction(time_step=706, agent_id=50, malfunction_duration=50). Found earliest=707 for Waypoint(position=(19, 14), direction=3)
[2020-11-20 11:19:38,682][ERROR][838175][experiments.py:run_experiment_from_to_file:752] XXX failed 2137 PUBLICATION_DATA/PUBLICATION_DATA_with_SEQ_2020_11_19T17_29_17/data unsupported operand type(s) for +: 'float' and 'NoneType'
[2020-11-20 11:19:38,682][ERROR][838175][experiments.py:run_experiment_from_to_file:752] XXX failed 2137 PUBLICATION_DATA/PUBLICATION_DATA_with_SEQ_2020_11_19T17_29_17/data unsupported operand type(s) for +: 'float' and 'NoneType'
[2020-11-20 11:26:26,724][ERROR][840692][experiments.py:run_experiment_from_to_file:752] XXX failed 2145 PUBLICATION_DATA/PUBLICATION_DATA_with_SEQ_2020_11_19T17_29_17/data unsupported operand type(s) for +: 'float' and 'NoneType'
[2020-11-20 11:26:26,724][ERROR][840692][experiments.py:run_experiment_from_to_file:752] XXX failed 2145 PUBLICATION_DATA/PUBLICATION_DATA_with_SEQ_2020_11_19T17_29_17/data unsupported operand type(s) for +: 'float' and 'NoneType'
[2020-11-20 11:46:39,804][ERROR][824728][experiments.py:run_experiment_from_to_file:752] XXX failed 2093 PUBLICATION_DATA/PUBLICATION_DATA_with_SEQ_2020_11_19T17_29_17/data 
[2020-11-20 11:46:39,804][ERROR][824728][experiments.py:run_experiment_from_to_file:752] XXX failed 2093 PUBLICATION_DATA/PUBLICATION_DATA_with_SEQ_2020_11_19T17_29_17/data 
[2020-11-20 11:56:45,942][ERROR][523272][experiments.py:run_experiment_from_to_file:752] XXX failed 1233 PUBLICATION_DATA/PUBLICATION_DATA_with_SEQ_2020_11_19T17_29_17/data 
[2020-11-20 11:56:45,942][ERROR][523272][experiments.py:run_experiment_from_to_file:752] XXX failed 1233 PUBLICATION_DATA/PUBLICATION_DATA_with_SEQ_2020_11_19T17_29_17/data 
[2020-11-20 12:03:34,473][ERROR][852580][experiments.py:run_experiment_from_to_file:752] XXX failed 2171 PUBLICATION_DATA/PUBLICATION_DATA_with_SEQ_2020_11_19T17_29_17/data unsupported operand type(s) for +: 'float' and 'NoneType'
[2020-11-20 12:03:34,473][ERROR][852580][experiments.py:run_experiment_from_to_file:752] XXX failed 2171 PUBLICATION_DATA/PUBLICATION_DATA_with_SEQ_2020_11_19T17_29_17/data unsupported operand type(s) for +: 'float' and 'NoneType'
[2020-11-20 12:29:28,333][ERROR][862475][experiments.py:run_experiment_from_to_file:752] XXX failed 2204 PUBLICATION_DATA/PUBLICATION_DATA_with_SEQ_2020_11_19T17_29_17/data unsupported operand type(s) for +: 'float' and 'NoneType'
[2020-11-20 12:29:28,333][ERROR][862475][experiments.py:run_experiment_from_to_file:752] XXX failed 2204 PUBLICATION_DATA/PUBLICATION_DATA_with_SEQ_2020_11_19T17_29_17/data unsupported operand type(s) for +: 'float' and 'NoneType'
[2020-11-20 12:32:31,971][ERROR][863360][experiments.py:run_experiment_from_to_file:752] XXX failed 2210 PUBLICATION_DATA/PUBLICATION_DATA_with_SEQ_2020_11_19T17_29_17/data unsupported operand type(s) for +: 'float' and 'NoneType'
[2020-11-20 12:32:31,971][ERROR][863360][experiments.py:run_experiment_from_to_file:752] XXX failed 2210 PUBLICATION_DATA/PUBLICATION_DATA_with_SEQ_2020_11_19T17_29_17/data unsupported operand type(s) for +: 'float' and 'NoneType'
[2020-11-20 12:38:39,894][ERROR][866010][experiments.py:run_experiment_from_to_file:752] XXX failed 2221 PUBLICATION_DATA/PUBLICATION_DATA_with_SEQ_2020_11_19T17_29_17/data unsupported operand type(s) for +: 'float' and 'NoneType'
[2020-11-20 12:38:39,894][ERROR][866010][experiments.py:run_experiment_from_to_file:752] XXX failed 2221 PUBLICATION_DATA/PUBLICATION_DATA_with_SEQ_2020_11_19T17_29_17/data unsupported operand type(s) for +: 'float' and 'NoneType'
[2020-11-20 12:44:44,376][ERROR][846129][experiments.py:run_experiment_from_to_file:752] XXX failed 2156 PUBLICATION_DATA/PUBLICATION_DATA_with_SEQ_2020_11_19T17_29_17/data 
[2020-11-20 12:44:44,376][ERROR][846129][experiments.py:run_experiment_from_to_file:752] XXX failed 2156 PUBLICATION_DATA/PUBLICATION_DATA_with_SEQ_2020_11_19T17_29_17/data 
[2020-11-20 12:50:25,945][ERROR][871193][experiments.py:run_experiment_from_to_file:752] XXX failed 2240 PUBLICATION_DATA/PUBLICATION_DATA_with_SEQ_2020_11_19T17_29_17/data unsupported operand type(s) for +: 'float' and 'NoneType'
[2020-11-20 12:50:25,945][ERROR][871193][experiments.py:run_experiment_from_to_file:752] XXX failed 2240 PUBLICATION_DATA/PUBLICATION_DATA_with_SEQ_2020_11_19T17_29_17/data unsupported operand type(s) for +: 'float' and 'NoneType'
[2020-11-20 12:56:05,191][ERROR][874386][experiments.py:run_experiment_from_to_file:752] XXX failed 2251 PUBLICATION_DATA/PUBLICATION_DATA_with_SEQ_2020_11_19T17_29_17/data unsupported operand type(s) for +: 'float' and 'NoneType'
[2020-11-20 12:56:05,191][ERROR][874386][experiments.py:run_experiment_from_to_file:752] XXX failed 2251 PUBLICATION_DATA/PUBLICATION_DATA_with_SEQ_2020_11_19T17_29_17/data unsupported operand type(s) for +: 'float' and 'NoneType'
[2020-11-20 13:03:37,821][ERROR][877793][experiments.py:run_experiment_from_to_file:752] XXX failed 2264 PUBLICATION_DATA/PUBLICATION_DATA_with_SEQ_2020_11_19T17_29_17/data unsupported operand type(s) for +: 'float' and 'NoneType'
[2020-11-20 13:03:37,821][ERROR][877793][experiments.py:run_experiment_from_to_file:752] XXX failed 2264 PUBLICATION_DATA/PUBLICATION_DATA_with_SEQ_2020_11_19T17_29_17/data unsupported operand type(s) for +: 'float' and 'NoneType'
[2020-11-20 13:15:47,333][ERROR][884717][experiments.py:run_experiment_from_to_file:752] XXX failed 2283 PUBLICATION_DATA/PUBLICATION_DATA_with_SEQ_2020_11_19T17_29_17/data unsupported operand type(s) for +: 'NoneType' and 'NoneType'
[2020-11-20 13:15:47,333][ERROR][884717][experiments.py:run_experiment_from_to_file:752] XXX failed 2283 PUBLICATION_DATA/PUBLICATION_DATA_with_SEQ_2020_11_19T17_29_17/data unsupported operand type(s) for +: 'NoneType' and 'NoneType'
[2020-11-20 13:27:43,767][ERROR][890006][experiments.py:run_experiment_from_to_file:752] XXX failed 2298 PUBLICATION_DATA/PUBLICATION_DATA_with_SEQ_2020_11_19T17_29_17/data unsupported operand type(s) for +: 'float' and 'NoneType'
[2020-11-20 13:27:43,767][ERROR][890006][experiments.py:run_experiment_from_to_file:752] XXX failed 2298 PUBLICATION_DATA/PUBLICATION_DATA_with_SEQ_2020_11_19T17_29_17/data unsupported operand type(s) for +: 'float' and 'NoneType'
[2020-11-20 13:33:17,150][ERROR][892375][experiments.py:run_experiment_from_to_file:752] XXX failed 2306 PUBLICATION_DATA/PUBLICATION_DATA_with_SEQ_2020_11_19T17_29_17/data unsupported operand type(s) for +: 'float' and 'NoneType'
[2020-11-20 13:33:17,150][ERROR][892375][experiments.py:run_experiment_from_to_file:752] XXX failed 2306 PUBLICATION_DATA/PUBLICATION_DATA_with_SEQ_2020_11_19T17_29_17/data unsupported operand type(s) for +: 'float' and 'NoneType'
[2020-11-20 13:38:45,596][ERROR][853209][experiments.py:run_experiment_from_to_file:752] XXX failed 2172 PUBLICATION_DATA/PUBLICATION_DATA_with_SEQ_2020_11_19T17_29_17/data 
[2020-11-20 13:38:45,596][ERROR][853209][experiments.py:run_experiment_from_to_file:752] XXX failed 2172 PUBLICATION_DATA/PUBLICATION_DATA_with_SEQ_2020_11_19T17_29_17/data 
[2020-11-20 13:44:12,106][ERROR][897895][experiments.py:run_experiment_from_to_file:752] XXX failed 2314 PUBLICATION_DATA/PUBLICATION_DATA_with_SEQ_2020_11_19T17_29_17/data unsupported operand type(s) for +: 'float' and 'NoneType'
[2020-11-20 13:44:12,106][ERROR][897895][experiments.py:run_experiment_from_to_file:752] XXX failed 2314 PUBLICATION_DATA/PUBLICATION_DATA_with_SEQ_2020_11_19T17_29_17/data unsupported operand type(s) for +: 'float' and 'NoneType'
[2020-11-20 13:46:44,785][ERROR][899094][experiments.py:run_experiment_from_to_file:752] XXX failed 2316 PUBLICATION_DATA/PUBLICATION_DATA_with_SEQ_2020_11_19T17_29_17/data unsupported operand type(s) for +: 'float' and 'NoneType'
[2020-11-20 13:46:44,785][ERROR][899094][experiments.py:run_experiment_from_to_file:752] XXX failed 2316 PUBLICATION_DATA/PUBLICATION_DATA_with_SEQ_2020_11_19T17_29_17/data unsupported operand type(s) for +: 'float' and 'NoneType'
[2020-11-20 13:52:06,089][ERROR][833423][experiments.py:run_experiment_from_to_file:752] XXX failed 2126 PUBLICATION_DATA/PUBLICATION_DATA_with_SEQ_2020_11_19T17_29_17/data 
[2020-11-20 13:52:06,089][ERROR][833423][experiments.py:run_experiment_from_to_file:752] XXX failed 2126 PUBLICATION_DATA/PUBLICATION_DATA_with_SEQ_2020_11_19T17_29_17/data 
[2020-11-20 13:54:22,548][ERROR][903214][experiments.py:run_experiment_from_to_file:752] XXX failed 2326 PUBLICATION_DATA/PUBLICATION_DATA_with_SEQ_2020_11_19T17_29_17/data unsupported operand type(s) for +: 'float' and 'NoneType'
[2020-11-20 13:54:22,548][ERROR][903214][experiments.py:run_experiment_from_to_file:752] XXX failed 2326 PUBLICATION_DATA/PUBLICATION_DATA_with_SEQ_2020_11_19T17_29_17/data unsupported operand type(s) for +: 'float' and 'NoneType'
[2020-11-20 14:10:35,602][ERROR][910275][experiments.py:run_experiment_from_to_file:752] XXX failed 2346 PUBLICATION_DATA/PUBLICATION_DATA_with_SEQ_2020_11_19T17_29_17/data unsupported operand type(s) for +: 'NoneType' and 'float'
[2020-11-20 14:10:35,602][ERROR][910275][experiments.py:run_experiment_from_to_file:752] XXX failed 2346 PUBLICATION_DATA/PUBLICATION_DATA_with_SEQ_2020_11_19T17_29_17/data unsupported operand type(s) for +: 'NoneType' and 'float'
[2020-11-20 14:13:08,033][ERROR][911341][experiments.py:run_experiment_from_to_file:752] XXX failed 2350 PUBLICATION_DATA/PUBLICATION_DATA_with_SEQ_2020_11_19T17_29_17/data unsupported operand type(s) for +: 'float' and 'NoneType'
[2020-11-20 14:13:08,033][ERROR][911341][experiments.py:run_experiment_from_to_file:752] XXX failed 2350 PUBLICATION_DATA/PUBLICATION_DATA_with_SEQ_2020_11_19T17_29_17/data unsupported operand type(s) for +: 'float' and 'NoneType'
[2020-11-20 14:34:38,172][ERROR][922139][experiments.py:run_experiment_from_to_file:752] XXX failed 2371 PUBLICATION_DATA/PUBLICATION_DATA_with_SEQ_2020_11_19T17_29_17/data unsupported operand type(s) for +: 'float' and 'NoneType'
[2020-11-20 14:34:38,172][ERROR][922139][experiments.py:run_experiment_from_to_file:752] XXX failed 2371 PUBLICATION_DATA/PUBLICATION_DATA_with_SEQ_2020_11_19T17_29_17/data unsupported operand type(s) for +: 'float' and 'NoneType'
[2020-11-20 14:36:36,887][ERROR][831420][experiments.py:run_experiment_from_to_file:752] XXX failed 2121 PUBLICATION_DATA/PUBLICATION_DATA_with_SEQ_2020_11_19T17_29_17/data 
[2020-11-20 14:36:36,887][ERROR][831420][experiments.py:run_experiment_from_to_file:752] XXX failed 2121 PUBLICATION_DATA/PUBLICATION_DATA_with_SEQ_2020_11_19T17_29_17/data 
[2020-11-20 14:59:18,637][ERROR][935369][experiments.py:run_experiment_from_to_file:752] XXX failed 2400 PUBLICATION_DATA/PUBLICATION_DATA_with_SEQ_2020_11_19T17_29_17/data agent 38 with malfunction ExperimentMalfunction(time_step=1529, agent_id=38, malfunction_duration=50). Found earliest=1530 for Waypoint(position=(88, 22), direction=2)
[2020-11-20 14:59:18,637][ERROR][935369][experiments.py:run_experiment_from_to_file:752] XXX failed 2400 PUBLICATION_DATA/PUBLICATION_DATA_with_SEQ_2020_11_19T17_29_17/data agent 38 with malfunction ExperimentMalfunction(time_step=1529, agent_id=38, malfunction_duration=50). Found earliest=1530 for Waypoint(position=(88, 22), direction=2)
[2020-11-20 15:13:22,255][ERROR][938770][experiments.py:run_experiment_from_to_file:752] XXX failed 2406 PUBLICATION_DATA/PUBLICATION_DATA_with_SEQ_2020_11_19T17_29_17/data unsupported operand type(s) for +: 'NoneType' and 'float'
[2020-11-20 15:13:22,255][ERROR][938770][experiments.py:run_experiment_from_to_file:752] XXX failed 2406 PUBLICATION_DATA/PUBLICATION_DATA_with_SEQ_2020_11_19T17_29_17/data unsupported operand type(s) for +: 'NoneType' and 'float'
[2020-11-20 15:21:42,113][ERROR][941323][experiments.py:run_experiment_from_to_file:752] XXX failed 2415 PUBLICATION_DATA/PUBLICATION_DATA_with_SEQ_2020_11_19T17_29_17/data unsupported operand type(s) for +: 'NoneType' and 'float'
[2020-11-20 15:21:42,113][ERROR][941323][experiments.py:run_experiment_from_to_file:752] XXX failed 2415 PUBLICATION_DATA/PUBLICATION_DATA_with_SEQ_2020_11_19T17_29_17/data unsupported operand type(s) for +: 'NoneType' and 'float'
[2020-11-20 15:22:50,486][ERROR][941730][experiments.py:run_experiment_from_to_file:752] XXX failed 2417 PUBLICATION_DATA/PUBLICATION_DATA_with_SEQ_2020_11_19T17_29_17/data unsupported operand type(s) for +: 'NoneType' and 'NoneType'
[2020-11-20 15:22:50,486][ERROR][941730][experiments.py:run_experiment_from_to_file:752] XXX failed 2417 PUBLICATION_DATA/PUBLICATION_DATA_with_SEQ_2020_11_19T17_29_17/data unsupported operand type(s) for +: 'NoneType' and 'NoneType'
[2020-11-20 15:34:12,670][ERROR][945484][experiments.py:run_experiment_from_to_file:752] XXX failed 2427 PUBLICATION_DATA/PUBLICATION_DATA_with_SEQ_2020_11_19T17_29_17/data unsupported operand type(s) for +: 'NoneType' and 'NoneType'
[2020-11-20 15:34:12,670][ERROR][945484][experiments.py:run_experiment_from_to_file:752] XXX failed 2427 PUBLICATION_DATA/PUBLICATION_DATA_with_SEQ_2020_11_19T17_29_17/data unsupported operand type(s) for +: 'NoneType' and 'NoneType'
[2020-11-20 16:07:54,657][ERROR][956588][experiments.py:run_experiment_from_to_file:752] XXX failed 2456 PUBLICATION_DATA/PUBLICATION_DATA_with_SEQ_2020_11_19T17_29_17/data unsupported operand type(s) for +: 'NoneType' and 'float'
[2020-11-20 16:07:54,657][ERROR][956588][experiments.py:run_experiment_from_to_file:752] XXX failed 2456 PUBLICATION_DATA/PUBLICATION_DATA_with_SEQ_2020_11_19T17_29_17/data unsupported operand type(s) for +: 'NoneType' and 'float'
[2020-11-20 16:08:10,266][ERROR][956667][experiments.py:run_experiment_from_to_file:752] XXX failed 2457 PUBLICATION_DATA/PUBLICATION_DATA_with_SEQ_2020_11_19T17_29_17/data unsupported operand type(s) for +: 'float' and 'NoneType'
[2020-11-20 16:08:10,266][ERROR][956667][experiments.py:run_experiment_from_to_file:752] XXX failed 2457 PUBLICATION_DATA/PUBLICATION_DATA_with_SEQ_2020_11_19T17_29_17/data unsupported operand type(s) for +: 'float' and 'NoneType'
[2020-11-20 16:43:43,248][ERROR][971034][experiments.py:run_experiment_from_to_file:752] XXX failed 2506 PUBLICATION_DATA/PUBLICATION_DATA_with_SEQ_2020_11_19T17_29_17/data unsupported operand type(s) for +: 'float' and 'NoneType'
[2020-11-20 16:43:43,248][ERROR][971034][experiments.py:run_experiment_from_to_file:752] XXX failed 2506 PUBLICATION_DATA/PUBLICATION_DATA_with_SEQ_2020_11_19T17_29_17/data unsupported operand type(s) for +: 'float' and 'NoneType'
[2020-11-20 16:47:56,869][ERROR][972281][experiments.py:run_experiment_from_to_file:752] XXX failed 2512 PUBLICATION_DATA/PUBLICATION_DATA_with_SEQ_2020_11_19T17_29_17/data unsupported operand type(s) for +: 'float' and 'NoneType'
[2020-11-20 16:47:56,869][ERROR][972281][experiments.py:run_experiment_from_to_file:752] XXX failed 2512 PUBLICATION_DATA/PUBLICATION_DATA_with_SEQ_2020_11_19T17_29_17/data unsupported operand type(s) for +: 'float' and 'NoneType'
[2020-11-20 16:48:23,784][ERROR][924052][experiments.py:run_experiment_from_to_file:752] XXX failed 2375 PUBLICATION_DATA/PUBLICATION_DATA_with_SEQ_2020_11_19T17_29_17/data 
[2020-11-20 16:48:23,784][ERROR][924052][experiments.py:run_experiment_from_to_file:752] XXX failed 2375 PUBLICATION_DATA/PUBLICATION_DATA_with_SEQ_2020_11_19T17_29_17/data 
[2020-11-20 16:59:02,011][ERROR][976597][experiments.py:run_experiment_from_to_file:752] XXX failed 2527 PUBLICATION_DATA/PUBLICATION_DATA_with_SEQ_2020_11_19T17_29_17/data unsupported operand type(s) for +: 'float' and 'NoneType'
[2020-11-20 16:59:02,011][ERROR][976597][experiments.py:run_experiment_from_to_file:752] XXX failed 2527 PUBLICATION_DATA/PUBLICATION_DATA_with_SEQ_2020_11_19T17_29_17/data unsupported operand type(s) for +: 'float' and 'NoneType'
[2020-11-20 17:03:36,902][ERROR][978542][experiments.py:run_experiment_from_to_file:752] XXX failed 2536 PUBLICATION_DATA/PUBLICATION_DATA_with_SEQ_2020_11_19T17_29_17/data unsupported operand type(s) for +: 'NoneType' and 'float'
[2020-11-20 17:03:36,902][ERROR][978542][experiments.py:run_experiment_from_to_file:752] XXX failed 2536 PUBLICATION_DATA/PUBLICATION_DATA_with_SEQ_2020_11_19T17_29_17/data unsupported operand type(s) for +: 'NoneType' and 'float'
[2020-11-20 17:09:32,879][ERROR][832154][experiments.py:run_experiment_from_to_file:752] XXX failed 2123 PUBLICATION_DATA/PUBLICATION_DATA_with_SEQ_2020_11_19T17_29_17/data 
[2020-11-20 17:09:32,879][ERROR][832154][experiments.py:run_experiment_from_to_file:752] XXX failed 2123 PUBLICATION_DATA/PUBLICATION_DATA_with_SEQ_2020_11_19T17_29_17/data 
[2020-11-20 17:14:01,763][ERROR][984361][experiments.py:run_experiment_from_to_file:752] XXX failed 2553 PUBLICATION_DATA/PUBLICATION_DATA_with_SEQ_2020_11_19T17_29_17/data unsupported operand type(s) for +: 'NoneType' and 'float'
[2020-11-20 17:14:01,763][ERROR][984361][experiments.py:run_experiment_from_to_file:752] XXX failed 2553 PUBLICATION_DATA/PUBLICATION_DATA_with_SEQ_2020_11_19T17_29_17/data unsupported operand type(s) for +: 'NoneType' and 'float'
[2020-11-20 17:20:24,994][ERROR][987926][experiments.py:run_experiment_from_to_file:752] XXX failed 2563 PUBLICATION_DATA/PUBLICATION_DATA_with_SEQ_2020_11_19T17_29_17/data unsupported operand type(s) for +: 'float' and 'NoneType'
[2020-11-20 17:20:24,994][ERROR][987926][experiments.py:run_experiment_from_to_file:752] XXX failed 2563 PUBLICATION_DATA/PUBLICATION_DATA_with_SEQ_2020_11_19T17_29_17/data unsupported operand type(s) for +: 'float' and 'NoneType'
[2020-11-20 17:20:59,066][ERROR][988268][experiments.py:run_experiment_from_to_file:752] XXX failed 2564 PUBLICATION_DATA/PUBLICATION_DATA_with_SEQ_2020_11_19T17_29_17/data unsupported operand type(s) for +: 'float' and 'NoneType'
[2020-11-20 17:20:59,066][ERROR][988268][experiments.py:run_experiment_from_to_file:752] XXX failed 2564 PUBLICATION_DATA/PUBLICATION_DATA_with_SEQ_2020_11_19T17_29_17/data unsupported operand type(s) for +: 'float' and 'NoneType'
[2020-11-20 17:23:20,664][ERROR][948117][experiments.py:run_experiment_from_to_file:752] XXX failed 2431 PUBLICATION_DATA/PUBLICATION_DATA_with_SEQ_2020_11_19T17_29_17/data 
[2020-11-20 17:23:20,664][ERROR][948117][experiments.py:run_experiment_from_to_file:752] XXX failed 2431 PUBLICATION_DATA/PUBLICATION_DATA_with_SEQ_2020_11_19T17_29_17/data 
[2020-11-20 17:23:37,135][ERROR][944812][experiments.py:run_experiment_from_to_file:752] XXX failed 2426 PUBLICATION_DATA/PUBLICATION_DATA_with_SEQ_2020_11_19T17_29_17/data 
[2020-11-20 17:23:37,135][ERROR][944812][experiments.py:run_experiment_from_to_file:752] XXX failed 2426 PUBLICATION_DATA/PUBLICATION_DATA_with_SEQ_2020_11_19T17_29_17/data 
[2020-11-20 17:33:07,544][ERROR][993688][experiments.py:run_experiment_from_to_file:752] XXX failed 2587 PUBLICATION_DATA/PUBLICATION_DATA_with_SEQ_2020_11_19T17_29_17/data unsupported operand type(s) for +: 'float' and 'NoneType'
[2020-11-20 17:33:07,544][ERROR][993688][experiments.py:run_experiment_from_to_file:752] XXX failed 2587 PUBLICATION_DATA/PUBLICATION_DATA_with_SEQ_2020_11_19T17_29_17/data unsupported operand type(s) for +: 'float' and 'NoneType'
[2020-11-20 17:50:42,388][ERROR][825532][experiments.py:run_experiment_from_to_file:752] XXX failed 2095 PUBLICATION_DATA/PUBLICATION_DATA_with_SEQ_2020_11_19T17_29_17/data 
[2020-11-20 17:50:42,388][ERROR][825532][experiments.py:run_experiment_from_to_file:752] XXX failed 2095 PUBLICATION_DATA/PUBLICATION_DATA_with_SEQ_2020_11_19T17_29_17/data 
[2020-11-20 17:52:44,832][ERROR][1002760][experiments.py:run_experiment_from_to_file:752] XXX failed 2625 PUBLICATION_DATA/PUBLICATION_DATA_with_SEQ_2020_11_19T17_29_17/data unsupported operand type(s) for +: 'float' and 'NoneType'
[2020-11-20 17:52:44,832][ERROR][1002760][experiments.py:run_experiment_from_to_file:752] XXX failed 2625 PUBLICATION_DATA/PUBLICATION_DATA_with_SEQ_2020_11_19T17_29_17/data unsupported operand type(s) for +: 'float' and 'NoneType'
[2020-11-20 18:00:06,017][ERROR][1007879][experiments.py:run_experiment_from_to_file:752] XXX failed 2641 PUBLICATION_DATA/PUBLICATION_DATA_with_SEQ_2020_11_19T17_29_17/data Cannot take a larger sample than population when 'replace=False'
[2020-11-20 18:00:06,017][ERROR][1007879][experiments.py:run_experiment_from_to_file:752] XXX failed 2641 PUBLICATION_DATA/PUBLICATION_DATA_with_SEQ_2020_11_19T17_29_17/data Cannot take a larger sample than population when 'replace=False'
[2020-11-20 18:08:40,050][ERROR][949078][experiments.py:run_experiment_from_to_file:752] XXX failed 2436 PUBLICATION_DATA/PUBLICATION_DATA_with_SEQ_2020_11_19T17_29_17/data 
[2020-11-20 18:08:40,050][ERROR][949078][experiments.py:run_experiment_from_to_file:752] XXX failed 2436 PUBLICATION_DATA/PUBLICATION_DATA_with_SEQ_2020_11_19T17_29_17/data 
[2020-11-20 18:13:24,572][ERROR][1014876][experiments.py:run_experiment_from_to_file:752] XXX failed 2662 PUBLICATION_DATA/PUBLICATION_DATA_with_SEQ_2020_11_19T17_29_17/data Cannot take a larger sample than population when 'replace=False'
[2020-11-20 18:13:24,572][ERROR][1014876][experiments.py:run_experiment_from_to_file:752] XXX failed 2662 PUBLICATION_DATA/PUBLICATION_DATA_with_SEQ_2020_11_19T17_29_17/data Cannot take a larger sample than population when 'replace=False'
[2020-11-20 18:16:14,295][ERROR][1017223][experiments.py:run_experiment_from_to_file:752] XXX failed 2672 PUBLICATION_DATA/PUBLICATION_DATA_with_SEQ_2020_11_19T17_29_17/data agent 38 with malfunction ExperimentMalfunction(time_step=809, agent_id=38, malfunction_duration=50). Found earliest=810 for Waypoint(position=(88, 22), direction=2)
[2020-11-20 18:16:14,295][ERROR][1017223][experiments.py:run_experiment_from_to_file:752] XXX failed 2672 PUBLICATION_DATA/PUBLICATION_DATA_with_SEQ_2020_11_19T17_29_17/data agent 38 with malfunction ExperimentMalfunction(time_step=809, agent_id=38, malfunction_duration=50). Found earliest=810 for Waypoint(position=(88, 22), direction=2)
[2020-11-20 18:41:57,982][ERROR][1023234][experiments.py:run_experiment_from_to_file:752] XXX failed 2694 PUBLICATION_DATA/PUBLICATION_DATA_with_SEQ_2020_11_19T17_29_17/data unsupported operand type(s) for +: 'NoneType' and 'NoneType'
[2020-11-20 18:41:57,982][ERROR][1023234][experiments.py:run_experiment_from_to_file:752] XXX failed 2694 PUBLICATION_DATA/PUBLICATION_DATA_with_SEQ_2020_11_19T17_29_17/data unsupported operand type(s) for +: 'NoneType' and 'NoneType'
[2020-11-20 19:44:40,629][ERROR][1049781][experiments.py:run_experiment_from_to_file:752] XXX failed 2774 PUBLICATION_DATA/PUBLICATION_DATA_with_SEQ_2020_11_19T17_29_17/data unsupported operand type(s) for +: 'NoneType' and 'float'
[2020-11-20 19:44:40,629][ERROR][1049781][experiments.py:run_experiment_from_to_file:752] XXX failed 2774 PUBLICATION_DATA/PUBLICATION_DATA_with_SEQ_2020_11_19T17_29_17/data unsupported operand type(s) for +: 'NoneType' and 'float'
[2020-11-20 19:47:47,926][ERROR][1051394][experiments.py:run_experiment_from_to_file:752] XXX failed 2778 PUBLICATION_DATA/PUBLICATION_DATA_with_SEQ_2020_11_19T17_29_17/data unsupported operand type(s) for +: 'NoneType' and 'float'
[2020-11-20 19:47:47,926][ERROR][1051394][experiments.py:run_experiment_from_to_file:752] XXX failed 2778 PUBLICATION_DATA/PUBLICATION_DATA_with_SEQ_2020_11_19T17_29_17/data unsupported operand type(s) for +: 'NoneType' and 'float'
[2020-11-20 19:48:24,861][ERROR][1051739][experiments.py:run_experiment_from_to_file:752] XXX failed 2781 PUBLICATION_DATA/PUBLICATION_DATA_with_SEQ_2020_11_19T17_29_17/data unsupported operand type(s) for +: 'NoneType' and 'float'
[2020-11-20 19:48:24,861][ERROR][1051739][experiments.py:run_experiment_from_to_file:752] XXX failed 2781 PUBLICATION_DATA/PUBLICATION_DATA_with_SEQ_2020_11_19T17_29_17/data unsupported operand type(s) for +: 'NoneType' and 'float'
[2020-11-20 19:52:00,978][ERROR][1053613][experiments.py:run_experiment_from_to_file:752] XXX failed 2788 PUBLICATION_DATA/PUBLICATION_DATA_with_SEQ_2020_11_19T17_29_17/data unsupported operand type(s) for +: 'NoneType' and 'float'
[2020-11-20 19:52:00,978][ERROR][1053613][experiments.py:run_experiment_from_to_file:752] XXX failed 2788 PUBLICATION_DATA/PUBLICATION_DATA_with_SEQ_2020_11_19T17_29_17/data unsupported operand type(s) for +: 'NoneType' and 'float'
[2020-11-20 20:16:14,457][ERROR][1066401][experiments.py:run_experiment_from_to_file:752] XXX failed 2825 PUBLICATION_DATA/PUBLICATION_DATA_with_SEQ_2020_11_19T17_29_17/data unsupported operand type(s) for +: 'float' and 'NoneType'
[2020-11-20 20:16:14,457][ERROR][1066401][experiments.py:run_experiment_from_to_file:752] XXX failed 2825 PUBLICATION_DATA/PUBLICATION_DATA_with_SEQ_2020_11_19T17_29_17/data unsupported operand type(s) for +: 'float' and 'NoneType'
[2020-11-20 20:21:58,626][ERROR][1068884][experiments.py:run_experiment_from_to_file:752] XXX failed 2832 PUBLICATION_DATA/PUBLICATION_DATA_with_SEQ_2020_11_19T17_29_17/data unsupported operand type(s) for +: 'float' and 'NoneType'
[2020-11-20 20:21:58,626][ERROR][1068884][experiments.py:run_experiment_from_to_file:752] XXX failed 2832 PUBLICATION_DATA/PUBLICATION_DATA_with_SEQ_2020_11_19T17_29_17/data unsupported operand type(s) for +: 'float' and 'NoneType'
[2020-11-20 20:25:38,231][ERROR][1071115][experiments.py:run_experiment_from_to_file:752] XXX failed 2834 PUBLICATION_DATA/PUBLICATION_DATA_with_SEQ_2020_11_19T17_29_17/data unsupported operand type(s) for +: 'float' and 'NoneType'
[2020-11-20 20:25:38,231][ERROR][1071115][experiments.py:run_experiment_from_to_file:752] XXX failed 2834 PUBLICATION_DATA/PUBLICATION_DATA_with_SEQ_2020_11_19T17_29_17/data unsupported operand type(s) for +: 'float' and 'NoneType'
[2020-11-20 20:28:08,136][ERROR][1072177][experiments.py:run_experiment_from_to_file:752] XXX failed 2838 PUBLICATION_DATA/PUBLICATION_DATA_with_SEQ_2020_11_19T17_29_17/data unsupported operand type(s) for +: 'float' and 'NoneType'
[2020-11-20 20:28:08,136][ERROR][1072177][experiments.py:run_experiment_from_to_file:752] XXX failed 2838 PUBLICATION_DATA/PUBLICATION_DATA_with_SEQ_2020_11_19T17_29_17/data unsupported operand type(s) for +: 'float' and 'NoneType'
[2020-11-20 20:49:40,001][ERROR][1017927][experiments.py:run_experiment_from_to_file:752] XXX failed 2676 PUBLICATION_DATA/PUBLICATION_DATA_with_SEQ_2020_11_19T17_29_17/data 
[2020-11-20 20:49:40,001][ERROR][1017927][experiments.py:run_experiment_from_to_file:752] XXX failed 2676 PUBLICATION_DATA/PUBLICATION_DATA_with_SEQ_2020_11_19T17_29_17/data 
[2020-11-20 20:51:14,953][ERROR][1082231][experiments.py:run_experiment_from_to_file:752] XXX failed 2859 PUBLICATION_DATA/PUBLICATION_DATA_with_SEQ_2020_11_19T17_29_17/data unsupported operand type(s) for +: 'NoneType' and 'NoneType'
[2020-11-20 20:51:14,953][ERROR][1082231][experiments.py:run_experiment_from_to_file:752] XXX failed 2859 PUBLICATION_DATA/PUBLICATION_DATA_with_SEQ_2020_11_19T17_29_17/data unsupported operand type(s) for +: 'NoneType' and 'NoneType'
[2020-11-20 21:13:19,821][ERROR][1091841][experiments.py:run_experiment_from_to_file:752] XXX failed 2879 PUBLICATION_DATA/PUBLICATION_DATA_with_SEQ_2020_11_19T17_29_17/data unsupported operand type(s) for +: 'NoneType' and 'float'
[2020-11-20 21:13:19,821][ERROR][1091841][experiments.py:run_experiment_from_to_file:752] XXX failed 2879 PUBLICATION_DATA/PUBLICATION_DATA_with_SEQ_2020_11_19T17_29_17/data unsupported operand type(s) for +: 'NoneType' and 'float'
[2020-11-20 21:14:06,618][ERROR][946259][experiments.py:run_experiment_from_to_file:752] XXX failed 2429 PUBLICATION_DATA/PUBLICATION_DATA_with_SEQ_2020_11_19T17_29_17/data 
[2020-11-20 21:14:06,618][ERROR][946259][experiments.py:run_experiment_from_to_file:752] XXX failed 2429 PUBLICATION_DATA/PUBLICATION_DATA_with_SEQ_2020_11_19T17_29_17/data 
[2020-11-20 21:26:12,286][ERROR][1097196][experiments.py:run_experiment_from_to_file:752] XXX failed 2890 PUBLICATION_DATA/PUBLICATION_DATA_with_SEQ_2020_11_19T17_29_17/data unsupported operand type(s) for +: 'float' and 'NoneType'
[2020-11-20 21:26:12,286][ERROR][1097196][experiments.py:run_experiment_from_to_file:752] XXX failed 2890 PUBLICATION_DATA/PUBLICATION_DATA_with_SEQ_2020_11_19T17_29_17/data unsupported operand type(s) for +: 'float' and 'NoneType'
[2020-11-20 21:31:11,584][ERROR][1099684][experiments.py:run_experiment_from_to_file:752] XXX failed 2897 PUBLICATION_DATA/PUBLICATION_DATA_with_SEQ_2020_11_19T17_29_17/data unsupported operand type(s) for +: 'NoneType' and 'NoneType'
[2020-11-20 21:31:11,584][ERROR][1099684][experiments.py:run_experiment_from_to_file:752] XXX failed 2897 PUBLICATION_DATA/PUBLICATION_DATA_with_SEQ_2020_11_19T17_29_17/data unsupported operand type(s) for +: 'NoneType' and 'NoneType'
[2020-11-20 21:35:23,305][ERROR][1102134][experiments.py:run_experiment_from_to_file:752] XXX failed 2901 PUBLICATION_DATA/PUBLICATION_DATA_with_SEQ_2020_11_19T17_29_17/data unsupported operand type(s) for +: 'float' and 'NoneType'
[2020-11-20 21:35:23,305][ERROR][1102134][experiments.py:run_experiment_from_to_file:752] XXX failed 2901 PUBLICATION_DATA/PUBLICATION_DATA_with_SEQ_2020_11_19T17_29_17/data unsupported operand type(s) for +: 'float' and 'NoneType'
[2020-11-20 21:38:17,965][ERROR][1103668][experiments.py:run_experiment_from_to_file:752] XXX failed 2905 PUBLICATION_DATA/PUBLICATION_DATA_with_SEQ_2020_11_19T17_29_17/data unsupported operand type(s) for +: 'NoneType' and 'float'
[2020-11-20 21:38:17,965][ERROR][1103668][experiments.py:run_experiment_from_to_file:752] XXX failed 2905 PUBLICATION_DATA/PUBLICATION_DATA_with_SEQ_2020_11_19T17_29_17/data unsupported operand type(s) for +: 'NoneType' and 'float'
[2020-11-20 21:49:26,996][ERROR][1109439][experiments.py:run_experiment_from_to_file:752] XXX failed 2917 PUBLICATION_DATA/PUBLICATION_DATA_with_SEQ_2020_11_19T17_29_17/data unsupported operand type(s) for +: 'float' and 'NoneType'
[2020-11-20 21:49:26,996][ERROR][1109439][experiments.py:run_experiment_from_to_file:752] XXX failed 2917 PUBLICATION_DATA/PUBLICATION_DATA_with_SEQ_2020_11_19T17_29_17/data unsupported operand type(s) for +: 'float' and 'NoneType'
[2020-11-20 22:10:17,657][ERROR][1122424][experiments.py:run_experiment_from_to_file:752] XXX failed 2944 PUBLICATION_DATA/PUBLICATION_DATA_with_SEQ_2020_11_19T17_29_17/data agent 38 with malfunction ExperimentMalfunction(time_step=531, agent_id=38, malfunction_duration=50). Found earliest=532 for Waypoint(position=(88, 22), direction=2)
[2020-11-20 22:10:17,657][ERROR][1122424][experiments.py:run_experiment_from_to_file:752] XXX failed 2944 PUBLICATION_DATA/PUBLICATION_DATA_with_SEQ_2020_11_19T17_29_17/data agent 38 with malfunction ExperimentMalfunction(time_step=531, agent_id=38, malfunction_duration=50). Found earliest=532 for Waypoint(position=(88, 22), direction=2)
[2020-11-20 22:32:14,079][ERROR][1127730][experiments.py:run_experiment_from_to_file:752] XXX failed 2959 PUBLICATION_DATA/PUBLICATION_DATA_with_SEQ_2020_11_19T17_29_17/data unsupported operand type(s) for +: 'float' and 'NoneType'
[2020-11-20 22:32:14,079][ERROR][1127730][experiments.py:run_experiment_from_to_file:752] XXX failed 2959 PUBLICATION_DATA/PUBLICATION_DATA_with_SEQ_2020_11_19T17_29_17/data unsupported operand type(s) for +: 'float' and 'NoneType'
[2020-11-20 22:52:34,053][ERROR][1024164][experiments.py:run_experiment_from_to_file:752] XXX failed 2697 PUBLICATION_DATA/PUBLICATION_DATA_with_SEQ_2020_11_19T17_29_17/data 
[2020-11-20 22:52:34,053][ERROR][1024164][experiments.py:run_experiment_from_to_file:752] XXX failed 2697 PUBLICATION_DATA/PUBLICATION_DATA_with_SEQ_2020_11_19T17_29_17/data 
[2020-11-20 23:01:47,354][ERROR][833941][experiments.py:run_experiment_from_to_file:752] XXX failed 2129 PUBLICATION_DATA/PUBLICATION_DATA_with_SEQ_2020_11_19T17_29_17/data 
[2020-11-20 23:01:47,354][ERROR][833941][experiments.py:run_experiment_from_to_file:752] XXX failed 2129 PUBLICATION_DATA/PUBLICATION_DATA_with_SEQ_2020_11_19T17_29_17/data 
[2020-11-20 23:38:27,831][ERROR][1153867][experiments.py:run_experiment_from_to_file:752] XXX failed 3030 PUBLICATION_DATA/PUBLICATION_DATA_with_SEQ_2020_11_19T17_29_17/data unsupported operand type(s) for +: 'float' and 'NoneType'
[2020-11-20 23:38:27,831][ERROR][1153867][experiments.py:run_experiment_from_to_file:752] XXX failed 3030 PUBLICATION_DATA/PUBLICATION_DATA_with_SEQ_2020_11_19T17_29_17/data unsupported operand type(s) for +: 'float' and 'NoneType'
[2020-11-20 23:40:44,482][ERROR][1155320][experiments.py:run_experiment_from_to_file:752] XXX failed 3037 PUBLICATION_DATA/PUBLICATION_DATA_with_SEQ_2020_11_19T17_29_17/data unsupported operand type(s) for +: 'float' and 'NoneType'
[2020-11-20 23:40:44,482][ERROR][1155320][experiments.py:run_experiment_from_to_file:752] XXX failed 3037 PUBLICATION_DATA/PUBLICATION_DATA_with_SEQ_2020_11_19T17_29_17/data unsupported operand type(s) for +: 'float' and 'NoneType'
[2020-11-20 23:47:31,925][ERROR][1158801][experiments.py:run_experiment_from_to_file:752] XXX failed 3050 PUBLICATION_DATA/PUBLICATION_DATA_with_SEQ_2020_11_19T17_29_17/data unsupported operand type(s) for +: 'NoneType' and 'NoneType'
[2020-11-20 23:47:31,925][ERROR][1158801][experiments.py:run_experiment_from_to_file:752] XXX failed 3050 PUBLICATION_DATA/PUBLICATION_DATA_with_SEQ_2020_11_19T17_29_17/data unsupported operand type(s) for +: 'NoneType' and 'NoneType'
[2020-11-20 23:49:42,567][ERROR][1159704][experiments.py:run_experiment_from_to_file:752] XXX failed 3052 PUBLICATION_DATA/PUBLICATION_DATA_with_SEQ_2020_11_19T17_29_17/data unsupported operand type(s) for +: 'float' and 'NoneType'
[2020-11-20 23:49:42,567][ERROR][1159704][experiments.py:run_experiment_from_to_file:752] XXX failed 3052 PUBLICATION_DATA/PUBLICATION_DATA_with_SEQ_2020_11_19T17_29_17/data unsupported operand type(s) for +: 'float' and 'NoneType'
[2020-11-20 23:50:34,808][ERROR][1160121][experiments.py:run_experiment_from_to_file:752] XXX failed 3056 PUBLICATION_DATA/PUBLICATION_DATA_with_SEQ_2020_11_19T17_29_17/data unsupported operand type(s) for +: 'float' and 'NoneType'
[2020-11-20 23:50:34,808][ERROR][1160121][experiments.py:run_experiment_from_to_file:752] XXX failed 3056 PUBLICATION_DATA/PUBLICATION_DATA_with_SEQ_2020_11_19T17_29_17/data unsupported operand type(s) for +: 'float' and 'NoneType'
[2020-11-20 23:53:38,921][ERROR][1161648][experiments.py:run_experiment_from_to_file:752] XXX failed 3061 PUBLICATION_DATA/PUBLICATION_DATA_with_SEQ_2020_11_19T17_29_17/data unsupported operand type(s) for +: 'float' and 'NoneType'
[2020-11-20 23:53:38,921][ERROR][1161648][experiments.py:run_experiment_from_to_file:752] XXX failed 3061 PUBLICATION_DATA/PUBLICATION_DATA_with_SEQ_2020_11_19T17_29_17/data unsupported operand type(s) for +: 'float' and 'NoneType'
[2020-11-21 00:04:49,066][ERROR][1167872][experiments.py:run_experiment_from_to_file:752] XXX failed 3077 PUBLICATION_DATA/PUBLICATION_DATA_with_SEQ_2020_11_19T17_29_17/data unsupported operand type(s) for +: 'NoneType' and 'float'
[2020-11-21 00:04:49,066][ERROR][1167872][experiments.py:run_experiment_from_to_file:752] XXX failed 3077 PUBLICATION_DATA/PUBLICATION_DATA_with_SEQ_2020_11_19T17_29_17/data unsupported operand type(s) for +: 'NoneType' and 'float'
[2020-11-21 00:19:18,827][ERROR][1176057][experiments.py:run_experiment_from_to_file:752] XXX failed 3097 PUBLICATION_DATA/PUBLICATION_DATA_with_SEQ_2020_11_19T17_29_17/data unsupported operand type(s) for +: 'float' and 'NoneType'
[2020-11-21 00:19:18,827][ERROR][1176057][experiments.py:run_experiment_from_to_file:752] XXX failed 3097 PUBLICATION_DATA/PUBLICATION_DATA_with_SEQ_2020_11_19T17_29_17/data unsupported operand type(s) for +: 'float' and 'NoneType'
[2020-11-21 00:27:16,449][ERROR][1179094][experiments.py:run_experiment_from_to_file:752] XXX failed 3108 PUBLICATION_DATA/PUBLICATION_DATA_with_SEQ_2020_11_19T17_29_17/data unsupported operand type(s) for +: 'float' and 'NoneType'
[2020-11-21 00:27:16,449][ERROR][1179094][experiments.py:run_experiment_from_to_file:752] XXX failed 3108 PUBLICATION_DATA/PUBLICATION_DATA_with_SEQ_2020_11_19T17_29_17/data unsupported operand type(s) for +: 'float' and 'NoneType'
[2020-11-21 00:39:45,771][ERROR][1186137][experiments.py:run_experiment_from_to_file:752] XXX failed 3128 PUBLICATION_DATA/PUBLICATION_DATA_with_SEQ_2020_11_19T17_29_17/data Cannot take a larger sample than population when 'replace=False'
[2020-11-21 00:39:45,771][ERROR][1186137][experiments.py:run_experiment_from_to_file:752] XXX failed 3128 PUBLICATION_DATA/PUBLICATION_DATA_with_SEQ_2020_11_19T17_29_17/data Cannot take a larger sample than population when 'replace=False'
[2020-11-21 00:40:29,560][ERROR][1186149][experiments.py:run_experiment_from_to_file:752] XXX failed 3129 PUBLICATION_DATA/PUBLICATION_DATA_with_SEQ_2020_11_19T17_29_17/data Cannot take a larger sample than population when 'replace=False'
[2020-11-21 00:40:29,560][ERROR][1186149][experiments.py:run_experiment_from_to_file:752] XXX failed 3129 PUBLICATION_DATA/PUBLICATION_DATA_with_SEQ_2020_11_19T17_29_17/data Cannot take a larger sample than population when 'replace=False'
[2020-11-21 00:51:03,931][ERROR][1190693][experiments.py:run_experiment_from_to_file:752] XXX failed 3140 PUBLICATION_DATA/PUBLICATION_DATA_with_SEQ_2020_11_19T17_29_17/data Cannot take a larger sample than population when 'replace=False'
[2020-11-21 00:51:03,931][ERROR][1190693][experiments.py:run_experiment_from_to_file:752] XXX failed 3140 PUBLICATION_DATA/PUBLICATION_DATA_with_SEQ_2020_11_19T17_29_17/data Cannot take a larger sample than population when 'replace=False'
[2020-11-21 01:05:43,787][ERROR][1196959][experiments.py:run_experiment_from_to_file:752] XXX failed 3159 PUBLICATION_DATA/PUBLICATION_DATA_with_SEQ_2020_11_19T17_29_17/data unsupported operand type(s) for +: 'NoneType' and 'float'
[2020-11-21 01:05:43,787][ERROR][1196959][experiments.py:run_experiment_from_to_file:752] XXX failed 3159 PUBLICATION_DATA/PUBLICATION_DATA_with_SEQ_2020_11_19T17_29_17/data unsupported operand type(s) for +: 'NoneType' and 'float'
[2020-11-21 01:08:57,220][ERROR][1198324][experiments.py:run_experiment_from_to_file:752] XXX failed 3160 PUBLICATION_DATA/PUBLICATION_DATA_with_SEQ_2020_11_19T17_29_17/data Cannot take a larger sample than population when 'replace=False'
[2020-11-21 01:08:57,220][ERROR][1198324][experiments.py:run_experiment_from_to_file:752] XXX failed 3160 PUBLICATION_DATA/PUBLICATION_DATA_with_SEQ_2020_11_19T17_29_17/data Cannot take a larger sample than population when 'replace=False'
[2020-11-21 01:42:24,714][ERROR][1211504][experiments.py:run_experiment_from_to_file:752] XXX failed 3191 PUBLICATION_DATA/PUBLICATION_DATA_with_SEQ_2020_11_19T17_29_17/data unsupported operand type(s) for +: 'NoneType' and 'NoneType'
[2020-11-21 01:42:24,714][ERROR][1211504][experiments.py:run_experiment_from_to_file:752] XXX failed 3191 PUBLICATION_DATA/PUBLICATION_DATA_with_SEQ_2020_11_19T17_29_17/data unsupported operand type(s) for +: 'NoneType' and 'NoneType'
[2020-11-21 01:55:32,702][ERROR][1216510][experiments.py:run_experiment_from_to_file:752] XXX failed 3205 PUBLICATION_DATA/PUBLICATION_DATA_with_SEQ_2020_11_19T17_29_17/data unsupported operand type(s) for +: 'float' and 'NoneType'
[2020-11-21 01:55:32,702][ERROR][1216510][experiments.py:run_experiment_from_to_file:752] XXX failed 3205 PUBLICATION_DATA/PUBLICATION_DATA_with_SEQ_2020_11_19T17_29_17/data unsupported operand type(s) for +: 'float' and 'NoneType'
[2020-11-21 02:03:02,491][ERROR][1219012][experiments.py:run_experiment_from_to_file:752] XXX failed 3212 PUBLICATION_DATA/PUBLICATION_DATA_with_SEQ_2020_11_19T17_29_17/data unsupported operand type(s) for +: 'NoneType' and 'float'
[2020-11-21 02:03:02,491][ERROR][1219012][experiments.py:run_experiment_from_to_file:752] XXX failed 3212 PUBLICATION_DATA/PUBLICATION_DATA_with_SEQ_2020_11_19T17_29_17/data unsupported operand type(s) for +: 'NoneType' and 'float'
[2020-11-21 02:03:12,892][ERROR][1220923][experiments.py:run_experiment_from_to_file:752] XXX failed 3216 PUBLICATION_DATA/PUBLICATION_DATA_with_SEQ_2020_11_19T17_29_17/data agent 38 with malfunction ExperimentMalfunction(time_step=318, agent_id=38, malfunction_duration=50). Found earliest=319 for Waypoint(position=(88, 22), direction=2)
[2020-11-21 02:03:12,892][ERROR][1220923][experiments.py:run_experiment_from_to_file:752] XXX failed 3216 PUBLICATION_DATA/PUBLICATION_DATA_with_SEQ_2020_11_19T17_29_17/data agent 38 with malfunction ExperimentMalfunction(time_step=318, agent_id=38, malfunction_duration=50). Found earliest=319 for Waypoint(position=(88, 22), direction=2)
[2020-11-21 02:07:20,854][ERROR][1220967][experiments.py:run_experiment_from_to_file:752] XXX failed 3217 PUBLICATION_DATA/PUBLICATION_DATA_with_SEQ_2020_11_19T17_29_17/data Cannot take a larger sample than population when 'replace=False'
[2020-11-21 02:07:20,854][ERROR][1220967][experiments.py:run_experiment_from_to_file:752] XXX failed 3217 PUBLICATION_DATA/PUBLICATION_DATA_with_SEQ_2020_11_19T17_29_17/data Cannot take a larger sample than population when 'replace=False'
[2020-11-21 02:08:03,206][ERROR][1136325][experiments.py:run_experiment_from_to_file:752] XXX failed 2980 PUBLICATION_DATA/PUBLICATION_DATA_with_SEQ_2020_11_19T17_29_17/data 
[2020-11-21 02:08:03,206][ERROR][1136325][experiments.py:run_experiment_from_to_file:752] XXX failed 2980 PUBLICATION_DATA/PUBLICATION_DATA_with_SEQ_2020_11_19T17_29_17/data 
[2020-11-21 02:23:19,312][ERROR][1225633][experiments.py:run_experiment_from_to_file:752] XXX failed 3231 PUBLICATION_DATA/PUBLICATION_DATA_with_SEQ_2020_11_19T17_29_17/data unsupported operand type(s) for +: 'float' and 'NoneType'
[2020-11-21 02:23:19,312][ERROR][1225633][experiments.py:run_experiment_from_to_file:752] XXX failed 3231 PUBLICATION_DATA/PUBLICATION_DATA_with_SEQ_2020_11_19T17_29_17/data unsupported operand type(s) for +: 'float' and 'NoneType'
[2020-11-21 02:36:18,480][ERROR][1230858][experiments.py:run_experiment_from_to_file:752] XXX failed 3243 PUBLICATION_DATA/PUBLICATION_DATA_with_SEQ_2020_11_19T17_29_17/data unsupported operand type(s) for +: 'NoneType' and 'NoneType'
[2020-11-21 02:36:18,480][ERROR][1230858][experiments.py:run_experiment_from_to_file:752] XXX failed 3243 PUBLICATION_DATA/PUBLICATION_DATA_with_SEQ_2020_11_19T17_29_17/data unsupported operand type(s) for +: 'NoneType' and 'NoneType'
[2020-11-21 03:45:58,627][ERROR][1018172][experiments.py:run_experiment_from_to_file:752] XXX failed 2680 PUBLICATION_DATA/PUBLICATION_DATA_with_SEQ_2020_11_19T17_29_17/data 
[2020-11-21 03:45:58,627][ERROR][1018172][experiments.py:run_experiment_from_to_file:752] XXX failed 2680 PUBLICATION_DATA/PUBLICATION_DATA_with_SEQ_2020_11_19T17_29_17/data 
[2020-11-21 07:07:21,940][ERROR][1106964][experiments.py:run_experiment_from_to_file:752] XXX failed 2912 PUBLICATION_DATA/PUBLICATION_DATA_with_SEQ_2020_11_19T17_29_17/data 
[2020-11-21 07:07:21,940][ERROR][1106964][experiments.py:run_experiment_from_to_file:752] XXX failed 2912 PUBLICATION_DATA/PUBLICATION_DATA_with_SEQ_2020_11_19T17_29_17/data 
[2020-11-21 08:05:07,680][ERROR][1238369][experiments.py:run_experiment_from_to_file:752] XXX failed 3254 PUBLICATION_DATA/PUBLICATION_DATA_with_SEQ_2020_11_19T17_29_17/data 
[2020-11-21 08:05:07,680][ERROR][1238369][experiments.py:run_experiment_from_to_file:752] XXX failed 3254 PUBLICATION_DATA/PUBLICATION_DATA_with_SEQ_2020_11_19T17_29_17/data 
[2020-11-21 08:05:28,800][ERROR][1230569][experiments.py:run_experiment_from_to_file:752] XXX failed 3242 PUBLICATION_DATA/PUBLICATION_DATA_with_SEQ_2020_11_19T17_29_17/data 
[2020-11-21 08:05:28,800][ERROR][1230569][experiments.py:run_experiment_from_to_file:752] XXX failed 3242 PUBLICATION_DATA/PUBLICATION_DATA_with_SEQ_2020_11_19T17_29_17/data 
[2020-11-21 10:52:37,204][ERROR][1011179][experiments.py:run_experiment_from_to_file:752] XXX failed 2650 PUBLICATION_DATA/PUBLICATION_DATA_with_SEQ_2020_11_19T17_29_17/data 
[2020-11-21 10:52:37,204][ERROR][1011179][experiments.py:run_experiment_from_to_file:752] XXX failed 2650 PUBLICATION_DATA/PUBLICATION_DATA_with_SEQ_2020_11_19T17_29_17/data 
[2020-11-21 12:18:23,600][ERROR][1127440][experiments.py:run_experiment_from_to_file:752] XXX failed 2956 PUBLICATION_DATA/PUBLICATION_DATA_with_SEQ_2020_11_19T17_29_17/data 
[2020-11-21 12:18:23,600][ERROR][1127440][experiments.py:run_experiment_from_to_file:752] XXX failed 2956 PUBLICATION_DATA/PUBLICATION_DATA_with_SEQ_2020_11_19T17_29_17/data 
